<?xml version="1.0" encoding="UTF-8"?>
<!-- Generated by org.testng.reporters.JUnitXMLReporter -->
<testsuite ignored="0" hostname="DESKTOP-RGL2CCS" failures="1" tests="32" name="TestCasesPage_UI - Chrome" time="41.152" errors="0" timestamp="2025-09-13T23:14:17 IST">
  <testcase classname="com.ecom.tests.RegisterPageTest_Functional" name="verifyBrowserLaunch" time="0.27"/>
  <testcase classname="com.ecom.tests.RegisterPageTest_Functional" name="verifyHomePageVisibility" time="0.206"/>
  <testcase classname="com.ecom.tests.RegisterPageTest_Functional" name="verifySignupLoginButtonAvailability" time="1.022"/>
  <testcase classname="com.ecom.tests.RegisterPageTest_Functional" name="verifySignupLoginNavigation" time="0.253"/>
  <testcase classname="com.ecom.tests.RegisterPageTest_Functional" name="verifyNewUserSignupSectionVisibility" time="0.175"/>
  <testcase classname="com.ecom.tests.RegisterPageTest_Functional" name="verifyExistSignup" time="1.961"/>
  <testcase classname="com.ecom.tests.RegisterPageTest_Functional" name="verifyInvalidName" time="2.169">
    <failure type="java.lang.AssertionError" message="Navigation to Create Account should NOT happen with invalid name">
      <![CDATA[java.lang.AssertionError: Navigation to Create Account should NOT happen with invalid name
at com.ecom.tests.RegisterPageTest_Functional.verifyInvalidName(RegisterPageTest_Functional.java:106)
at java.base/java.util.ArrayList.forEach(ArrayList.java:1511)
... Removed 28 stack frames]]>
    </failure>
  </testcase> <!-- verifyInvalidName -->
  <testcase classname="com.ecom.tests.RegisterPageTest_Functional" name="verifyInvalidEmail" time="2.918"/>
  <testcase classname="com.ecom.tests.RegisterPageTest_Functional" name="verifySignup" time="3.627"/>
  <testcase classname="com.ecom.tests.RegisterPageTest_Functional" name="verifySignuptoCreateAccount" time="0.177"/>
  <testcase classname="com.ecom.tests.RegisterPageTest_Functional" name="selectTitleTest" time="0.303"/>
  <testcase classname="com.ecom.tests.RegisterPageTest_Functional" name="enterPasswordTest" time="0.401"/>
  <testcase classname="com.ecom.tests.RegisterPageTest_Functional" name="selectDateOfBirthTest" time="0.809"/>
  <testcase classname="com.ecom.tests.RegisterPageTest_Functional" name="selectNewsletterTest" time="0.406"/>
  <testcase classname="com.ecom.tests.RegisterPageTest_Functional" name="verifySpecialOffersCheckbox" time="0.3"/>
  <testcase classname="com.ecom.tests.RegisterPageTest_Functional" name="verifyAddressHeading" time="0.197"/>
  <testcase classname="com.ecom.tests.RegisterPageTest_Functional" name="enterFirstName" time="0.271"/>
  <testcase classname="com.ecom.tests.RegisterPageTest_Functional" name="enterLastName" time="0.269"/>
  <testcase classname="com.ecom.tests.RegisterPageTest_Functional" name="enterCompany" time="0.336"/>
  <testcase classname="com.ecom.tests.RegisterPageTest_Functional" name="enterAddress1" time="0.427"/>
  <testcase classname="com.ecom.tests.RegisterPageTest_Functional" name="enterAddress2" time="0.321"/>
  <testcase classname="com.ecom.tests.RegisterPageTest_Functional" name="selectCountry" time="0.224"/>
  <testcase classname="com.ecom.tests.RegisterPageTest_Functional" name="enterState" time="0.326"/>
  <testcase classname="com.ecom.tests.RegisterPageTest_Functional" name="enterCity" time="0.268"/>
  <testcase classname="com.ecom.tests.RegisterPageTest_Functional" name="enterZipcode" time="0.411"/>
  <testcase classname="com.ecom.tests.RegisterPageTest_Functional" name="enterMobile" time="0.287"/>
  <testcase classname="com.ecom.tests.RegisterPageTest_Functional" name="clickCreateAccountButton" time="2.063"/>
  <testcase classname="com.ecom.tests.RegisterPageTest_Functional" name="verifyAccountCreatedMessage" time="0.214"/>
  <testcase classname="com.ecom.tests.RegisterPageTest_Functional" name="verifyLoggedInAsUsername" time="3.477"/>
  <testcase classname="com.ecom.tests.RegisterPageTest_Functional" name="clickDeleteAccount" time="2.293"/>
  <testcase classname="com.ecom.tests.RegisterPageTest_Functional" name="verifyAccountDeletedMessage" time="0.2"/>
  <testcase classname="com.ecom.tests.RegisterPageTest_Functional" name="clickContinueAfterAccountDeleted" time="3.414"/>
</testsuite> <!-- TestCasesPage_UI - Chrome -->
