<html>
<head>
<title>TestNG:  UI and Functional Test</title>
<link href="../testng.css" rel="stylesheet" type="text/css" />
<link href="../my-testng.css" rel="stylesheet" type="text/css" />

<style type="text/css">
.log { display: none;} 
.stack-trace { display: none;} 
</style>
<script type="text/javascript">
<!--
function flip(e) {
  current = e.style.display;
  if (current == 'block') {
    e.style.display = 'none';
    return 0;
  }
  else {
    e.style.display = 'block';
    return 1;
  }
}

function toggleBox(szDivId, elem, msg1, msg2)
{
  var res = -1;  if (document.getElementById) {
    res = flip(document.getElementById(szDivId));
  }
  else if (document.all) {
    // this is the way old msie versions work
    res = flip(document.all[szDivId]);
  }
  if(elem) {
    if(res == 0) elem.innerHTML = msg1; else elem.innerHTML = msg2;
  }

}

function toggleAllBoxes() {
  if (document.getElementsByTagName) {
    d = document.getElementsByTagName('div');
    for (i = 0; i < d.length; i++) {
      if (d[i].className == 'log') {
        flip(d[i]);
      }
    }
  }
}

// -->
</script>

</head>
<body>
<h2 align='center'>UI and Functional Test</h2><table border='1' align="center">
<tr>
<td>Tests passed/Failed/Skipped:</td><td>123/7/0</td>
</tr><tr>
<td>Started on:</td><td>Sat Sep 13 12:10:19 IST 2025</td>
</tr>
<tr><td>Total time:</td><td>139 seconds (139173 ms)</td>
</tr><tr>
<td>Included groups:</td><td></td>
</tr><tr>
<td>Excluded groups:</td><td></td>
</tr>
</table><p/>
<small><i>(Hover the method name to see the test class name)</i></small><p/>
<table width='100%' border='1' class='invocation-failed'>
<tr><td colspan='4' align='center'><b>FAILED TESTS</b></td></tr>
<tr><td><b>Test method</b></td>
<td><b>Attribute(s)</b></td>
<td width="30%"><b>Exception</b></td>
<td width="10%"><b>Time (seconds)</b></td>
<td><b>Instance</b></td>
</tr>
<tr>
<td title='com.ecom.tests.SubscriptionHomePageTest_Functional.verifySubscriptionUseralreadyExist()'><b>verifySubscriptionUseralreadyExist</b><br>Test class: com.ecom.tests.SubscriptionHomePageTest_Functional<br>Parameters: kaviya@gmail.com</td>
<td><div><pre>java.lang.AssertionError: Subscription success message should NOT be displayed! expected [false] but found [true]
	at com.ecom.tests.SubscriptionHomePageTest_Functional.verifySubscriptionUseralreadyExist(SubscriptionHomePageTest_Functional.java:127)
	at java.base/java.util.ArrayList.forEach(ArrayList.java:1511)
... Removed 34 stack frames</pre></div><a href='#' onClick='toggleBox("stack-trace1463905865", this, "Click to show all stack frames", "Click to hide stack frames")'>Click to show all stack frames</a>
<div class='stack-trace' id='stack-trace1463905865'><pre>java.lang.AssertionError: Subscription success message should NOT be displayed! expected [false] but found [true]
	at org.testng.Assert.fail(Assert.java:111)
	at org.testng.Assert.failNotEquals(Assert.java:1578)
	at org.testng.Assert.assertFalse(Assert.java:79)
	at com.ecom.tests.SubscriptionHomePageTest_Functional.verifySubscriptionUseralreadyExist(SubscriptionHomePageTest_Functional.java:127)
	at java.base/jdk.internal.reflect.NativeMethodAccessorImpl.invoke0(Native Method)
	at java.base/jdk.internal.reflect.NativeMethodAccessorImpl.invoke(NativeMethodAccessorImpl.java:77)
	at java.base/jdk.internal.reflect.DelegatingMethodAccessorImpl.invoke(DelegatingMethodAccessorImpl.java:43)
	at java.base/java.lang.reflect.Method.invoke(Method.java:568)
	at org.testng.internal.invokers.MethodInvocationHelper.invokeMethod(MethodInvocationHelper.java:141)
	at org.testng.internal.invokers.TestInvoker.invokeMethod(TestInvoker.java:686)
	at org.testng.internal.invokers.TestInvoker.invokeTestMethod(TestInvoker.java:230)
	at org.testng.internal.invokers.MethodRunner.runInSequence(MethodRunner.java:63)
	at org.testng.internal.invokers.TestInvoker$MethodInvocationAgent.invoke(TestInvoker.java:992)
	at org.testng.internal.invokers.TestInvoker.invokeTestMethods(TestInvoker.java:203)
	at org.testng.internal.invokers.TestMethodWorker.invokeTestMethods(TestMethodWorker.java:154)
	at org.testng.internal.invokers.TestMethodWorker.run(TestMethodWorker.java:134)
	at java.base/java.util.ArrayList.forEach(ArrayList.java:1511)
	at org.testng.TestRunner.privateRun(TestRunner.java:739)
	at org.testng.TestRunner.run(TestRunner.java:614)
	at org.testng.SuiteRunner.runTest(SuiteRunner.java:421)
	at org.testng.SuiteRunner.runSequentially(SuiteRunner.java:413)
	at org.testng.SuiteRunner.privateRun(SuiteRunner.java:373)
	at org.testng.SuiteRunner.run(SuiteRunner.java:312)
	at org.testng.SuiteRunnerWorker.runSuite(SuiteRunnerWorker.java:52)
	at org.testng.SuiteRunnerWorker.run(SuiteRunnerWorker.java:95)
	at org.testng.TestNG.runSuitesSequentially(TestNG.java:1274)
	at org.testng.TestNG.runSuitesLocally(TestNG.java:1208)
	at org.testng.TestNG.runSuites(TestNG.java:1112)
	at org.testng.TestNG.run(TestNG.java:1079)
	at org.apache.maven.surefire.testng.TestNGExecutor.run(TestNGExecutor.java:308)
	at org.apache.maven.surefire.testng.TestNGXmlTestSuite.execute(TestNGXmlTestSuite.java:71)
	at org.apache.maven.surefire.testng.TestNGProvider.invoke(TestNGProvider.java:113)
	at org.apache.maven.surefire.booter.ForkedBooter.runSuitesInProcess(ForkedBooter.java:385)
	at org.apache.maven.surefire.booter.ForkedBooter.execute(ForkedBooter.java:162)
	at org.apache.maven.surefire.booter.ForkedBooter.run(ForkedBooter.java:507)
	at org.apache.maven.surefire.booter.ForkedBooter.main(ForkedBooter.java:495)
</pre></div></td>
<td>0</td>
<td>com.ecom.tests.SubscriptionHomePageTest_Functional@6aaceffd</td></tr>
<tr>
<td title='com.ecom.tests.TestCasesPageTest_UI.verifySubscriptionUseralreadyExist()'><b>verifySubscriptionUseralreadyExist</b><br>Test class: com.ecom.tests.TestCasesPageTest_UI<br>Parameters: kaviya@gmail.com</td>
<td><div><pre>java.lang.AssertionError: Subscription success message should NOT be displayed! expected [false] but found [true]
	at com.ecom.tests.TestCasesPageTest_UI.verifySubscriptionUseralreadyExist(TestCasesPageTest_UI.java:524)
	at java.base/java.util.ArrayList.forEach(ArrayList.java:1511)
... Removed 34 stack frames</pre></div><a href='#' onClick='toggleBox("stack-trace1124055734", this, "Click to show all stack frames", "Click to hide stack frames")'>Click to show all stack frames</a>
<div class='stack-trace' id='stack-trace1124055734'><pre>java.lang.AssertionError: Subscription success message should NOT be displayed! expected [false] but found [true]
	at org.testng.Assert.fail(Assert.java:111)
	at org.testng.Assert.failNotEquals(Assert.java:1578)
	at org.testng.Assert.assertFalse(Assert.java:79)
	at com.ecom.tests.TestCasesPageTest_UI.verifySubscriptionUseralreadyExist(TestCasesPageTest_UI.java:524)
	at java.base/jdk.internal.reflect.NativeMethodAccessorImpl.invoke0(Native Method)
	at java.base/jdk.internal.reflect.NativeMethodAccessorImpl.invoke(NativeMethodAccessorImpl.java:77)
	at java.base/jdk.internal.reflect.DelegatingMethodAccessorImpl.invoke(DelegatingMethodAccessorImpl.java:43)
	at java.base/java.lang.reflect.Method.invoke(Method.java:568)
	at org.testng.internal.invokers.MethodInvocationHelper.invokeMethod(MethodInvocationHelper.java:141)
	at org.testng.internal.invokers.TestInvoker.invokeMethod(TestInvoker.java:686)
	at org.testng.internal.invokers.TestInvoker.invokeTestMethod(TestInvoker.java:230)
	at org.testng.internal.invokers.MethodRunner.runInSequence(MethodRunner.java:63)
	at org.testng.internal.invokers.TestInvoker$MethodInvocationAgent.invoke(TestInvoker.java:992)
	at org.testng.internal.invokers.TestInvoker.invokeTestMethods(TestInvoker.java:203)
	at org.testng.internal.invokers.TestMethodWorker.invokeTestMethods(TestMethodWorker.java:154)
	at org.testng.internal.invokers.TestMethodWorker.run(TestMethodWorker.java:134)
	at java.base/java.util.ArrayList.forEach(ArrayList.java:1511)
	at org.testng.TestRunner.privateRun(TestRunner.java:739)
	at org.testng.TestRunner.run(TestRunner.java:614)
	at org.testng.SuiteRunner.runTest(SuiteRunner.java:421)
	at org.testng.SuiteRunner.runSequentially(SuiteRunner.java:413)
	at org.testng.SuiteRunner.privateRun(SuiteRunner.java:373)
	at org.testng.SuiteRunner.run(SuiteRunner.java:312)
	at org.testng.SuiteRunnerWorker.runSuite(SuiteRunnerWorker.java:52)
	at org.testng.SuiteRunnerWorker.run(SuiteRunnerWorker.java:95)
	at org.testng.TestNG.runSuitesSequentially(TestNG.java:1274)
	at org.testng.TestNG.runSuitesLocally(TestNG.java:1208)
	at org.testng.TestNG.runSuites(TestNG.java:1112)
	at org.testng.TestNG.run(TestNG.java:1079)
	at org.apache.maven.surefire.testng.TestNGExecutor.run(TestNGExecutor.java:308)
	at org.apache.maven.surefire.testng.TestNGXmlTestSuite.execute(TestNGXmlTestSuite.java:71)
	at org.apache.maven.surefire.testng.TestNGProvider.invoke(TestNGProvider.java:113)
	at org.apache.maven.surefire.booter.ForkedBooter.runSuitesInProcess(ForkedBooter.java:385)
	at org.apache.maven.surefire.booter.ForkedBooter.execute(ForkedBooter.java:162)
	at org.apache.maven.surefire.booter.ForkedBooter.run(ForkedBooter.java:507)
	at org.apache.maven.surefire.booter.ForkedBooter.main(ForkedBooter.java:495)
</pre></div></td>
<td>0</td>
<td>com.ecom.tests.TestCasesPageTest_UI@c86b9e3</td></tr>
<tr>
<td title='com.ecom.tests.APITestingPageTest_UI.verifySubscriptionUseralreadyExist()'><b>verifySubscriptionUseralreadyExist</b><br>Test class: com.ecom.tests.APITestingPageTest_UI<br>Parameters: kaviya@gmail.com</td>
<td><div><pre>java.lang.AssertionError: Subscription success message should NOT be displayed! expected [false] but found [true]
	at com.ecom.tests.APITestingPageTest_UI.verifySubscriptionUseralreadyExist(APITestingPageTest_UI.java:393)
	at java.base/java.util.ArrayList.forEach(ArrayList.java:1511)
... Removed 34 stack frames</pre></div><a href='#' onClick='toggleBox("stack-trace1134443700", this, "Click to show all stack frames", "Click to hide stack frames")'>Click to show all stack frames</a>
<div class='stack-trace' id='stack-trace1134443700'><pre>java.lang.AssertionError: Subscription success message should NOT be displayed! expected [false] but found [true]
	at org.testng.Assert.fail(Assert.java:111)
	at org.testng.Assert.failNotEquals(Assert.java:1578)
	at org.testng.Assert.assertFalse(Assert.java:79)
	at com.ecom.tests.APITestingPageTest_UI.verifySubscriptionUseralreadyExist(APITestingPageTest_UI.java:393)
	at java.base/jdk.internal.reflect.NativeMethodAccessorImpl.invoke0(Native Method)
	at java.base/jdk.internal.reflect.NativeMethodAccessorImpl.invoke(NativeMethodAccessorImpl.java:77)
	at java.base/jdk.internal.reflect.DelegatingMethodAccessorImpl.invoke(DelegatingMethodAccessorImpl.java:43)
	at java.base/java.lang.reflect.Method.invoke(Method.java:568)
	at org.testng.internal.invokers.MethodInvocationHelper.invokeMethod(MethodInvocationHelper.java:141)
	at org.testng.internal.invokers.TestInvoker.invokeMethod(TestInvoker.java:686)
	at org.testng.internal.invokers.TestInvoker.invokeTestMethod(TestInvoker.java:230)
	at org.testng.internal.invokers.MethodRunner.runInSequence(MethodRunner.java:63)
	at org.testng.internal.invokers.TestInvoker$MethodInvocationAgent.invoke(TestInvoker.java:992)
	at org.testng.internal.invokers.TestInvoker.invokeTestMethods(TestInvoker.java:203)
	at org.testng.internal.invokers.TestMethodWorker.invokeTestMethods(TestMethodWorker.java:154)
	at org.testng.internal.invokers.TestMethodWorker.run(TestMethodWorker.java:134)
	at java.base/java.util.ArrayList.forEach(ArrayList.java:1511)
	at org.testng.TestRunner.privateRun(TestRunner.java:739)
	at org.testng.TestRunner.run(TestRunner.java:614)
	at org.testng.SuiteRunner.runTest(SuiteRunner.java:421)
	at org.testng.SuiteRunner.runSequentially(SuiteRunner.java:413)
	at org.testng.SuiteRunner.privateRun(SuiteRunner.java:373)
	at org.testng.SuiteRunner.run(SuiteRunner.java:312)
	at org.testng.SuiteRunnerWorker.runSuite(SuiteRunnerWorker.java:52)
	at org.testng.SuiteRunnerWorker.run(SuiteRunnerWorker.java:95)
	at org.testng.TestNG.runSuitesSequentially(TestNG.java:1274)
	at org.testng.TestNG.runSuitesLocally(TestNG.java:1208)
	at org.testng.TestNG.runSuites(TestNG.java:1112)
	at org.testng.TestNG.run(TestNG.java:1079)
	at org.apache.maven.surefire.testng.TestNGExecutor.run(TestNGExecutor.java:308)
	at org.apache.maven.surefire.testng.TestNGXmlTestSuite.execute(TestNGXmlTestSuite.java:71)
	at org.apache.maven.surefire.testng.TestNGProvider.invoke(TestNGProvider.java:113)
	at org.apache.maven.surefire.booter.ForkedBooter.runSuitesInProcess(ForkedBooter.java:385)
	at org.apache.maven.surefire.booter.ForkedBooter.execute(ForkedBooter.java:162)
	at org.apache.maven.surefire.booter.ForkedBooter.run(ForkedBooter.java:507)
	at org.apache.maven.surefire.booter.ForkedBooter.main(ForkedBooter.java:495)
</pre></div></td>
<td>0</td>
<td>com.ecom.tests.APITestingPageTest_UI@7494f96a</td></tr>
<tr>
<td title='com.ecom.tests.RegisterPageTest_Functional.verifyInvalidName()'><b>verifyInvalidName</b><br>Test class: com.ecom.tests.RegisterPageTest_Functional<br>Parameters: 12#3, kaviya900@gmail.com</td>
<td><div><pre>java.lang.AssertionError: Navigation to Create Account should NOT happen with invalid name
	at com.ecom.tests.RegisterPageTest_Functional.verifyInvalidName(RegisterPageTest_Functional.java:106)
	at java.base/java.util.ArrayList.forEach(ArrayList.java:1511)
... Removed 32 stack frames</pre></div><a href='#' onClick='toggleBox("stack-trace936544568", this, "Click to show all stack frames", "Click to hide stack frames")'>Click to show all stack frames</a>
<div class='stack-trace' id='stack-trace936544568'><pre>java.lang.AssertionError: Navigation to Create Account should NOT happen with invalid name
	at org.testng.Assert.fail(Assert.java:111)
	at com.ecom.tests.RegisterPageTest_Functional.verifyInvalidName(RegisterPageTest_Functional.java:106)
	at java.base/jdk.internal.reflect.NativeMethodAccessorImpl.invoke0(Native Method)
	at java.base/jdk.internal.reflect.NativeMethodAccessorImpl.invoke(NativeMethodAccessorImpl.java:77)
	at java.base/jdk.internal.reflect.DelegatingMethodAccessorImpl.invoke(DelegatingMethodAccessorImpl.java:43)
	at java.base/java.lang.reflect.Method.invoke(Method.java:568)
	at org.testng.internal.invokers.MethodInvocationHelper.invokeMethod(MethodInvocationHelper.java:141)
	at org.testng.internal.invokers.TestInvoker.invokeMethod(TestInvoker.java:686)
	at org.testng.internal.invokers.TestInvoker.invokeTestMethod(TestInvoker.java:230)
	at org.testng.internal.invokers.MethodRunner.runInSequence(MethodRunner.java:63)
	at org.testng.internal.invokers.TestInvoker$MethodInvocationAgent.invoke(TestInvoker.java:992)
	at org.testng.internal.invokers.TestInvoker.invokeTestMethods(TestInvoker.java:203)
	at org.testng.internal.invokers.TestMethodWorker.invokeTestMethods(TestMethodWorker.java:154)
	at org.testng.internal.invokers.TestMethodWorker.run(TestMethodWorker.java:134)
	at java.base/java.util.ArrayList.forEach(ArrayList.java:1511)
	at org.testng.TestRunner.privateRun(TestRunner.java:739)
	at org.testng.TestRunner.run(TestRunner.java:614)
	at org.testng.SuiteRunner.runTest(SuiteRunner.java:421)
	at org.testng.SuiteRunner.runSequentially(SuiteRunner.java:413)
	at org.testng.SuiteRunner.privateRun(SuiteRunner.java:373)
	at org.testng.SuiteRunner.run(SuiteRunner.java:312)
	at org.testng.SuiteRunnerWorker.runSuite(SuiteRunnerWorker.java:52)
	at org.testng.SuiteRunnerWorker.run(SuiteRunnerWorker.java:95)
	at org.testng.TestNG.runSuitesSequentially(TestNG.java:1274)
	at org.testng.TestNG.runSuitesLocally(TestNG.java:1208)
	at org.testng.TestNG.runSuites(TestNG.java:1112)
	at org.testng.TestNG.run(TestNG.java:1079)
	at org.apache.maven.surefire.testng.TestNGExecutor.run(TestNGExecutor.java:308)
	at org.apache.maven.surefire.testng.TestNGXmlTestSuite.execute(TestNGXmlTestSuite.java:71)
	at org.apache.maven.surefire.testng.TestNGProvider.invoke(TestNGProvider.java:113)
	at org.apache.maven.surefire.booter.ForkedBooter.runSuitesInProcess(ForkedBooter.java:385)
	at org.apache.maven.surefire.booter.ForkedBooter.execute(ForkedBooter.java:162)
	at org.apache.maven.surefire.booter.ForkedBooter.run(ForkedBooter.java:507)
	at org.apache.maven.surefire.booter.ForkedBooter.main(ForkedBooter.java:495)
</pre></div></td>
<td>2</td>
<td>com.ecom.tests.RegisterPageTest_Functional@e4487af</td></tr>
<tr>
<td title='com.ecom.tests.ContactUsPageTest_Functional.verifySubscriptionUseralreadyExist()'><b>verifySubscriptionUseralreadyExist</b><br>Test class: com.ecom.tests.ContactUsPageTest_Functional<br>Parameters: validuser1@test.com</td>
<td><div><pre>java.lang.AssertionError: Subscription success message is displayed instead of error for already registered email
	at com.ecom.tests.ContactUsPageTest_Functional.verifySubscriptionUseralreadyExist(ContactUsPageTest_Functional.java:307)
	at java.base/java.util.ArrayList.forEach(ArrayList.java:1511)
... Removed 32 stack frames</pre></div><a href='#' onClick='toggleBox("stack-trace90050962", this, "Click to show all stack frames", "Click to hide stack frames")'>Click to show all stack frames</a>
<div class='stack-trace' id='stack-trace90050962'><pre>java.lang.AssertionError: Subscription success message is displayed instead of error for already registered email
	at org.testng.Assert.fail(Assert.java:111)
	at com.ecom.tests.ContactUsPageTest_Functional.verifySubscriptionUseralreadyExist(ContactUsPageTest_Functional.java:307)
	at java.base/jdk.internal.reflect.NativeMethodAccessorImpl.invoke0(Native Method)
	at java.base/jdk.internal.reflect.NativeMethodAccessorImpl.invoke(NativeMethodAccessorImpl.java:77)
	at java.base/jdk.internal.reflect.DelegatingMethodAccessorImpl.invoke(DelegatingMethodAccessorImpl.java:43)
	at java.base/java.lang.reflect.Method.invoke(Method.java:568)
	at org.testng.internal.invokers.MethodInvocationHelper.invokeMethod(MethodInvocationHelper.java:141)
	at org.testng.internal.invokers.TestInvoker.invokeMethod(TestInvoker.java:686)
	at org.testng.internal.invokers.TestInvoker.invokeTestMethod(TestInvoker.java:230)
	at org.testng.internal.invokers.MethodRunner.runInSequence(MethodRunner.java:63)
	at org.testng.internal.invokers.TestInvoker$MethodInvocationAgent.invoke(TestInvoker.java:992)
	at org.testng.internal.invokers.TestInvoker.invokeTestMethods(TestInvoker.java:203)
	at org.testng.internal.invokers.TestMethodWorker.invokeTestMethods(TestMethodWorker.java:154)
	at org.testng.internal.invokers.TestMethodWorker.run(TestMethodWorker.java:134)
	at java.base/java.util.ArrayList.forEach(ArrayList.java:1511)
	at org.testng.TestRunner.privateRun(TestRunner.java:739)
	at org.testng.TestRunner.run(TestRunner.java:614)
	at org.testng.SuiteRunner.runTest(SuiteRunner.java:421)
	at org.testng.SuiteRunner.runSequentially(SuiteRunner.java:413)
	at org.testng.SuiteRunner.privateRun(SuiteRunner.java:373)
	at org.testng.SuiteRunner.run(SuiteRunner.java:312)
	at org.testng.SuiteRunnerWorker.runSuite(SuiteRunnerWorker.java:52)
	at org.testng.SuiteRunnerWorker.run(SuiteRunnerWorker.java:95)
	at org.testng.TestNG.runSuitesSequentially(TestNG.java:1274)
	at org.testng.TestNG.runSuitesLocally(TestNG.java:1208)
	at org.testng.TestNG.runSuites(TestNG.java:1112)
	at org.testng.TestNG.run(TestNG.java:1079)
	at org.apache.maven.surefire.testng.TestNGExecutor.run(TestNGExecutor.java:308)
	at org.apache.maven.surefire.testng.TestNGXmlTestSuite.execute(TestNGXmlTestSuite.java:71)
	at org.apache.maven.surefire.testng.TestNGProvider.invoke(TestNGProvider.java:113)
	at org.apache.maven.surefire.booter.ForkedBooter.runSuitesInProcess(ForkedBooter.java:385)
	at org.apache.maven.surefire.booter.ForkedBooter.execute(ForkedBooter.java:162)
	at org.apache.maven.surefire.booter.ForkedBooter.run(ForkedBooter.java:507)
	at org.apache.maven.surefire.booter.ForkedBooter.main(ForkedBooter.java:495)
</pre></div></td>
<td>0</td>
<td>com.ecom.tests.ContactUsPageTest_Functional@5c671d7f</td></tr>
<tr>
<td title='com.ecom.tests.ContactUsPageTest_Functional.verifyNameInvalid()'><b>verifyNameInvalid</b><br>Test class: com.ecom.tests.ContactUsPageTest_Functional<br>Parameters: 12#, kaviya@gmail.com, Review, Cant able to view review product</td>
<td><div><pre>java.lang.AssertionError: Success message should NOT be displayed and pop should rise as Invalid Name expected [false] but found [true]
	at com.ecom.tests.ContactUsPageTest_Functional.verifyNameInvalid(ContactUsPageTest_Functional.java:187)
	at java.base/java.util.ArrayList.forEach(ArrayList.java:1511)
... Removed 34 stack frames</pre></div><a href='#' onClick='toggleBox("stack-trace504509135", this, "Click to show all stack frames", "Click to hide stack frames")'>Click to show all stack frames</a>
<div class='stack-trace' id='stack-trace504509135'><pre>java.lang.AssertionError: Success message should NOT be displayed and pop should rise as Invalid Name expected [false] but found [true]
	at org.testng.Assert.fail(Assert.java:111)
	at org.testng.Assert.failNotEquals(Assert.java:1578)
	at org.testng.Assert.assertFalse(Assert.java:79)
	at com.ecom.tests.ContactUsPageTest_Functional.verifyNameInvalid(ContactUsPageTest_Functional.java:187)
	at java.base/jdk.internal.reflect.NativeMethodAccessorImpl.invoke0(Native Method)
	at java.base/jdk.internal.reflect.NativeMethodAccessorImpl.invoke(NativeMethodAccessorImpl.java:77)
	at java.base/jdk.internal.reflect.DelegatingMethodAccessorImpl.invoke(DelegatingMethodAccessorImpl.java:43)
	at java.base/java.lang.reflect.Method.invoke(Method.java:568)
	at org.testng.internal.invokers.MethodInvocationHelper.invokeMethod(MethodInvocationHelper.java:141)
	at org.testng.internal.invokers.TestInvoker.invokeMethod(TestInvoker.java:686)
	at org.testng.internal.invokers.TestInvoker.invokeTestMethod(TestInvoker.java:230)
	at org.testng.internal.invokers.MethodRunner.runInSequence(MethodRunner.java:63)
	at org.testng.internal.invokers.TestInvoker$MethodInvocationAgent.invoke(TestInvoker.java:992)
	at org.testng.internal.invokers.TestInvoker.invokeTestMethods(TestInvoker.java:203)
	at org.testng.internal.invokers.TestMethodWorker.invokeTestMethods(TestMethodWorker.java:154)
	at org.testng.internal.invokers.TestMethodWorker.run(TestMethodWorker.java:134)
	at java.base/java.util.ArrayList.forEach(ArrayList.java:1511)
	at org.testng.TestRunner.privateRun(TestRunner.java:739)
	at org.testng.TestRunner.run(TestRunner.java:614)
	at org.testng.SuiteRunner.runTest(SuiteRunner.java:421)
	at org.testng.SuiteRunner.runSequentially(SuiteRunner.java:413)
	at org.testng.SuiteRunner.privateRun(SuiteRunner.java:373)
	at org.testng.SuiteRunner.run(SuiteRunner.java:312)
	at org.testng.SuiteRunnerWorker.runSuite(SuiteRunnerWorker.java:52)
	at org.testng.SuiteRunnerWorker.run(SuiteRunnerWorker.java:95)
	at org.testng.TestNG.runSuitesSequentially(TestNG.java:1274)
	at org.testng.TestNG.runSuitesLocally(TestNG.java:1208)
	at org.testng.TestNG.runSuites(TestNG.java:1112)
	at org.testng.TestNG.run(TestNG.java:1079)
	at org.apache.maven.surefire.testng.TestNGExecutor.run(TestNGExecutor.java:308)
	at org.apache.maven.surefire.testng.TestNGXmlTestSuite.execute(TestNGXmlTestSuite.java:71)
	at org.apache.maven.surefire.testng.TestNGProvider.invoke(TestNGProvider.java:113)
	at org.apache.maven.surefire.booter.ForkedBooter.runSuitesInProcess(ForkedBooter.java:385)
	at org.apache.maven.surefire.booter.ForkedBooter.execute(ForkedBooter.java:162)
	at org.apache.maven.surefire.booter.ForkedBooter.run(ForkedBooter.java:507)
	at org.apache.maven.surefire.booter.ForkedBooter.main(ForkedBooter.java:495)
</pre></div></td>
<td>3</td>
<td>com.ecom.tests.ContactUsPageTest_Functional@5c671d7f</td></tr>
<tr>
<td title='com.ecom.tests.ContactUsPageTest_Functional.verifyNoFileAttach()'><b>verifyNoFileAttach</b><br>Test class: com.ecom.tests.ContactUsPageTest_Functional<br>Parameters: kaviya, kaviya@gmail.com, Review, Cant able to view review product</td>
<td><div><pre>java.lang.AssertionError: Success message should NOT be displayed and pop should rise as Invalid Name expected [false] but found [true]
	at com.ecom.tests.ContactUsPageTest_Functional.verifyNoFileAttach(ContactUsPageTest_Functional.java:213)
	at java.base/java.util.ArrayList.forEach(ArrayList.java:1511)
... Removed 34 stack frames</pre></div><a href='#' onClick='toggleBox("stack-trace1543871080", this, "Click to show all stack frames", "Click to hide stack frames")'>Click to show all stack frames</a>
<div class='stack-trace' id='stack-trace1543871080'><pre>java.lang.AssertionError: Success message should NOT be displayed and pop should rise as Invalid Name expected [false] but found [true]
	at org.testng.Assert.fail(Assert.java:111)
	at org.testng.Assert.failNotEquals(Assert.java:1578)
	at org.testng.Assert.assertFalse(Assert.java:79)
	at com.ecom.tests.ContactUsPageTest_Functional.verifyNoFileAttach(ContactUsPageTest_Functional.java:213)
	at java.base/jdk.internal.reflect.NativeMethodAccessorImpl.invoke0(Native Method)
	at java.base/jdk.internal.reflect.NativeMethodAccessorImpl.invoke(NativeMethodAccessorImpl.java:77)
	at java.base/jdk.internal.reflect.DelegatingMethodAccessorImpl.invoke(DelegatingMethodAccessorImpl.java:43)
	at java.base/java.lang.reflect.Method.invoke(Method.java:568)
	at org.testng.internal.invokers.MethodInvocationHelper.invokeMethod(MethodInvocationHelper.java:141)
	at org.testng.internal.invokers.TestInvoker.invokeMethod(TestInvoker.java:686)
	at org.testng.internal.invokers.TestInvoker.invokeTestMethod(TestInvoker.java:230)
	at org.testng.internal.invokers.MethodRunner.runInSequence(MethodRunner.java:63)
	at org.testng.internal.invokers.TestInvoker$MethodInvocationAgent.invoke(TestInvoker.java:992)
	at org.testng.internal.invokers.TestInvoker.invokeTestMethods(TestInvoker.java:203)
	at org.testng.internal.invokers.TestMethodWorker.invokeTestMethods(TestMethodWorker.java:154)
	at org.testng.internal.invokers.TestMethodWorker.run(TestMethodWorker.java:134)
	at java.base/java.util.ArrayList.forEach(ArrayList.java:1511)
	at org.testng.TestRunner.privateRun(TestRunner.java:739)
	at org.testng.TestRunner.run(TestRunner.java:614)
	at org.testng.SuiteRunner.runTest(SuiteRunner.java:421)
	at org.testng.SuiteRunner.runSequentially(SuiteRunner.java:413)
	at org.testng.SuiteRunner.privateRun(SuiteRunner.java:373)
	at org.testng.SuiteRunner.run(SuiteRunner.java:312)
	at org.testng.SuiteRunnerWorker.runSuite(SuiteRunnerWorker.java:52)
	at org.testng.SuiteRunnerWorker.run(SuiteRunnerWorker.java:95)
	at org.testng.TestNG.runSuitesSequentially(TestNG.java:1274)
	at org.testng.TestNG.runSuitesLocally(TestNG.java:1208)
	at org.testng.TestNG.runSuites(TestNG.java:1112)
	at org.testng.TestNG.run(TestNG.java:1079)
	at org.apache.maven.surefire.testng.TestNGExecutor.run(TestNGExecutor.java:308)
	at org.apache.maven.surefire.testng.TestNGXmlTestSuite.execute(TestNGXmlTestSuite.java:71)
	at org.apache.maven.surefire.testng.TestNGProvider.invoke(TestNGProvider.java:113)
	at org.apache.maven.surefire.booter.ForkedBooter.runSuitesInProcess(ForkedBooter.java:385)
	at org.apache.maven.surefire.booter.ForkedBooter.execute(ForkedBooter.java:162)
	at org.apache.maven.surefire.booter.ForkedBooter.run(ForkedBooter.java:507)
	at org.apache.maven.surefire.booter.ForkedBooter.main(ForkedBooter.java:495)
</pre></div></td>
<td>2</td>
<td>com.ecom.tests.ContactUsPageTest_Functional@5c671d7f</td></tr>
</table><p>
<table width='100%' border='1' class='invocation-passed'>
<tr><td colspan='4' align='center'><b>PASSED TESTS</b></td></tr>
<tr><td><b>Test method</b></td>
<td><b>Attribute(s)</b></td>
<td width="30%"><b>Exception</b></td>
<td width="10%"><b>Time (seconds)</b></td>
<td><b>Instance</b></td>
</tr>
<tr>
<td title='com.ecom.tests.RegisterPageTest_Functional.verifySignuptoCreateAccount()'><b>verifySignuptoCreateAccount</b><br>Test class: com.ecom.tests.RegisterPageTest_Functional</td>
<td></td>
<td>0</td>
<td>com.ecom.tests.RegisterPageTest_Functional@e4487af</td></tr>
<tr>
<td title='com.ecom.tests.TestCasesPageTest_UI.verifyScrollToTopButton()'><b>verifyScrollToTopButton</b><br>Test class: com.ecom.tests.TestCasesPageTest_UI</td>
<td></td>
<td>0</td>
<td>com.ecom.tests.TestCasesPageTest_UI@c86b9e3</td></tr>
<tr>
<td title='com.ecom.tests.RegisterPageTest_Functional.enterFirstName()'><b>enterFirstName</b><br>Test class: com.ecom.tests.RegisterPageTest_Functional<br>Parameters: Kaviya</td>
<td></td>
<td>0</td>
<td>com.ecom.tests.RegisterPageTest_Functional@e4487af</td></tr>
<tr>
<td title='com.ecom.tests.APITestingPageTest_UI.verifyApiList10LinkDisplayed()'><b>verifyApiList10LinkDisplayed</b><br>Test class: com.ecom.tests.APITestingPageTest_UI</td>
<td></td>
<td>0</td>
<td>com.ecom.tests.APITestingPageTest_UI@7494f96a</td></tr>
<tr>
<td title='com.ecom.tests.TestCasesPageTest_UI.verifyTestCase23LinkDisplayed()'><b>verifyTestCase23LinkDisplayed</b><br>Test class: com.ecom.tests.TestCasesPageTest_UI</td>
<td></td>
<td>0</td>
<td>com.ecom.tests.TestCasesPageTest_UI@c86b9e3</td></tr>
<tr>
<td title='com.ecom.tests.RegisterPageTest_Functional.verifySignupLoginNavigation()'><b>verifySignupLoginNavigation</b><br>Test class: com.ecom.tests.RegisterPageTest_Functional</td>
<td></td>
<td>0</td>
<td>com.ecom.tests.RegisterPageTest_Functional@e4487af</td></tr>
<tr>
<td title='com.ecom.tests.RegisterPageTest_Functional.enterMobile()'><b>enterMobile</b><br>Test class: com.ecom.tests.RegisterPageTest_Functional<br>Parameters: 1234567891</td>
<td></td>
<td>0</td>
<td>com.ecom.tests.RegisterPageTest_Functional@e4487af</td></tr>
<tr>
<td title='com.ecom.tests.TestCasesPageTest_UI.verifyApiTestingIconDisplayed()'><b>verifyApiTestingIconDisplayed</b><br>Test class: com.ecom.tests.TestCasesPageTest_UI</td>
<td></td>
<td>0</td>
<td>com.ecom.tests.TestCasesPageTest_UI@c86b9e3</td></tr>
<tr>
<td title='com.ecom.tests.APITestingPageTest_UI.verifyApiList1LinkDisplayed()'><b>verifyApiList1LinkDisplayed</b><br>Test class: com.ecom.tests.APITestingPageTest_UI</td>
<td></td>
<td>0</td>
<td>com.ecom.tests.APITestingPageTest_UI@7494f96a</td></tr>
<tr>
<td title='com.ecom.tests.TestCasesPageTest_UI.verifyTestCase1LinkDisplayed()'><b>verifyTestCase1LinkDisplayed</b><br>Test class: com.ecom.tests.TestCasesPageTest_UI</td>
<td></td>
<td>0</td>
<td>com.ecom.tests.TestCasesPageTest_UI@c86b9e3</td></tr>
<tr>
<td title='com.ecom.tests.ContactUsPageTest_Functional.verifyScrollToTopButton()'><b>verifyScrollToTopButton</b><br>Test class: com.ecom.tests.ContactUsPageTest_Functional</td>
<td></td>
<td>0</td>
<td>com.ecom.tests.ContactUsPageTest_Functional@5c671d7f</td></tr>
<tr>
<td title='com.ecom.tests.TestCasesPageTest_UI.verifySubscriptionEmpty()'><b>verifySubscriptionEmpty</b><br>Test class: com.ecom.tests.TestCasesPageTest_UI</td>
<td></td>
<td>0</td>
<td>com.ecom.tests.TestCasesPageTest_UI@c86b9e3</td></tr>
<tr>
<td title='com.ecom.tests.TestCasesPageTest_UI.verifyTestCase8LinkDisplayed()'><b>verifyTestCase8LinkDisplayed</b><br>Test class: com.ecom.tests.TestCasesPageTest_UI</td>
<td></td>
<td>0</td>
<td>com.ecom.tests.TestCasesPageTest_UI@c86b9e3</td></tr>
<tr>
<td title='com.ecom.tests.TestCasesPageTest_UI.verifySubscriptionInvalid()'><b>verifySubscriptionInvalid</b><br>Test class: com.ecom.tests.TestCasesPageTest_UI<br>Parameters: kaviyaGma.com</td>
<td></td>
<td>2</td>
<td>com.ecom.tests.TestCasesPageTest_UI@c86b9e3</td></tr>
<tr>
<td title='com.ecom.tests.TestCasesPageTest_UI.verifyTestCase17LinkDisplayed()'><b>verifyTestCase17LinkDisplayed</b><br>Test class: com.ecom.tests.TestCasesPageTest_UI</td>
<td></td>
<td>0</td>
<td>com.ecom.tests.TestCasesPageTest_UI@c86b9e3</td></tr>
<tr>
<td title='com.ecom.tests.SubscriptionHomePageTest_Functional.verifySubscriptionIconVisible()'><b>verifySubscriptionIconVisible</b><br>Test class: com.ecom.tests.SubscriptionHomePageTest_Functional</td>
<td></td>
<td>2</td>
<td>com.ecom.tests.SubscriptionHomePageTest_Functional@6aaceffd</td></tr>
<tr>
<td title='com.ecom.tests.APITestingPageTest_UI.verifyApiList13LinkDisplayed()'><b>verifyApiList13LinkDisplayed</b><br>Test class: com.ecom.tests.APITestingPageTest_UI</td>
<td></td>
<td>0</td>
<td>com.ecom.tests.APITestingPageTest_UI@7494f96a</td></tr>
<tr>
<td title='com.ecom.tests.APITestingPageTest_UI.verifyContactUsIconDisplayed()'><b>verifyContactUsIconDisplayed</b><br>Test class: com.ecom.tests.APITestingPageTest_UI</td>
<td></td>
<td>0</td>
<td>com.ecom.tests.APITestingPageTest_UI@7494f96a</td></tr>
<tr>
<td title='com.ecom.tests.RegisterPageTest_Functional.selectCountry()'><b>selectCountry</b><br>Test class: com.ecom.tests.RegisterPageTest_Functional<br>Parameters: India</td>
<td></td>
<td>0</td>
<td>com.ecom.tests.RegisterPageTest_Functional@e4487af</td></tr>
<tr>
<td title='com.ecom.tests.ContactUsPageTest_Functional.verifyContactUsIcon()'><b>verifyContactUsIcon</b><br>Test class: com.ecom.tests.ContactUsPageTest_Functional</td>
<td></td>
<td>2</td>
<td>com.ecom.tests.ContactUsPageTest_Functional@5c671d7f</td></tr>
<tr>
<td title='com.ecom.tests.TestCasesPageTest_UI.verifyTestCase11LinkDisplayed()'><b>verifyTestCase11LinkDisplayed</b><br>Test class: com.ecom.tests.TestCasesPageTest_UI</td>
<td></td>
<td>0</td>
<td>com.ecom.tests.TestCasesPageTest_UI@c86b9e3</td></tr>
<tr>
<td title='com.ecom.tests.APITestingPageTest_UI.verifyApiList4LinkDisplayed()'><b>verifyApiList4LinkDisplayed</b><br>Test class: com.ecom.tests.APITestingPageTest_UI</td>
<td></td>
<td>0</td>
<td>com.ecom.tests.APITestingPageTest_UI@7494f96a</td></tr>
<tr>
<td title='com.ecom.tests.TestCasesPageTest_UI.verifyLogoDisplayed()'><b>verifyLogoDisplayed</b><br>Test class: com.ecom.tests.TestCasesPageTest_UI</td>
<td></td>
<td>1</td>
<td>com.ecom.tests.TestCasesPageTest_UI@c86b9e3</td></tr>
<tr>
<td title='com.ecom.tests.APITestingPageTest_UI.verifySubscriptionInvalid()'><b>verifySubscriptionInvalid</b><br>Test class: com.ecom.tests.APITestingPageTest_UI<br>Parameters: kaviyaGma.com</td>
<td></td>
<td>2</td>
<td>com.ecom.tests.APITestingPageTest_UI@7494f96a</td></tr>
<tr>
<td title='com.ecom.tests.TestCasesPageTest_UI.verifyVideoTutorialsIconDisplayed()'><b>verifyVideoTutorialsIconDisplayed</b><br>Test class: com.ecom.tests.TestCasesPageTest_UI</td>
<td></td>
<td>0</td>
<td>com.ecom.tests.TestCasesPageTest_UI@c86b9e3</td></tr>
<tr>
<td title='com.ecom.tests.SubscriptionHomePageTest_Functional.verifySubscriptionValid()'><b>verifySubscriptionValid</b><br>Test class: com.ecom.tests.SubscriptionHomePageTest_Functional<br>Parameters: kaviya@gmail.com</td>
<td></td>
<td>0</td>
<td>com.ecom.tests.SubscriptionHomePageTest_Functional@6aaceffd</td></tr>
<tr>
<td title='com.ecom.tests.APITestingPageTest_UI.verifyApiList6LinkDisplayed()'><b>verifyApiList6LinkDisplayed</b><br>Test class: com.ecom.tests.APITestingPageTest_UI</td>
<td></td>
<td>0</td>
<td>com.ecom.tests.APITestingPageTest_UI@7494f96a</td></tr>
<tr>
<td title='com.ecom.tests.APITestingPageTest_UI.verifyApiList3LinkDisplayed()'><b>verifyApiList3LinkDisplayed</b><br>Test class: com.ecom.tests.APITestingPageTest_UI</td>
<td></td>
<td>0</td>
<td>com.ecom.tests.APITestingPageTest_UI@7494f96a</td></tr>
<tr>
<td title='com.ecom.tests.RegisterPageTest_Functional.verifyAddressHeading()'><b>verifyAddressHeading</b><br>Test class: com.ecom.tests.RegisterPageTest_Functional</td>
<td></td>
<td>0</td>
<td>com.ecom.tests.RegisterPageTest_Functional@e4487af</td></tr>
<tr>
<td title='com.ecom.tests.ContactUsPageTest_Functional.enterEmail()'><b>enterEmail</b><br>Test class: com.ecom.tests.ContactUsPageTest_Functional<br>Parameters: kaviya@gmail.com</td>
<td></td>
<td>0</td>
<td>com.ecom.tests.ContactUsPageTest_Functional@5c671d7f</td></tr>
<tr>
<td title='com.ecom.tests.RegisterPageTest_Functional.verifyAccountDeletedMessage()'><b>verifyAccountDeletedMessage</b><br>Test class: com.ecom.tests.RegisterPageTest_Functional</td>
<td></td>
<td>0</td>
<td>com.ecom.tests.RegisterPageTest_Functional@e4487af</td></tr>
<tr>
<td title='com.ecom.tests.TestCasesPageTest_UI.verifyTestCase14LinkDisplayed()'><b>verifyTestCase14LinkDisplayed</b><br>Test class: com.ecom.tests.TestCasesPageTest_UI</td>
<td></td>
<td>0</td>
<td>com.ecom.tests.TestCasesPageTest_UI@c86b9e3</td></tr>
<tr>
<td title='com.ecom.tests.ContactUsPageTest_Functional.enterMessage()'><b>enterMessage</b><br>Test class: com.ecom.tests.ContactUsPageTest_Functional<br>Parameters: I want to know about products.</td>
<td></td>
<td>0</td>
<td>com.ecom.tests.ContactUsPageTest_Functional@5c671d7f</td></tr>
<tr>
<td title='com.ecom.tests.APITestingPageTest_UI.verifyApiList11LinkDisplayed()'><b>verifyApiList11LinkDisplayed</b><br>Test class: com.ecom.tests.APITestingPageTest_UI</td>
<td></td>
<td>0</td>
<td>com.ecom.tests.APITestingPageTest_UI@7494f96a</td></tr>
<tr>
<td title='com.ecom.tests.RegisterPageTest_Functional.clickDeleteAccount()'><b>clickDeleteAccount</b><br>Test class: com.ecom.tests.RegisterPageTest_Functional</td>
<td></td>
<td>1</td>
<td>com.ecom.tests.RegisterPageTest_Functional@e4487af</td></tr>
<tr>
<td title='com.ecom.tests.TestCasesPageTest_UI.verifySubscriptionValid()'><b>verifySubscriptionValid</b><br>Test class: com.ecom.tests.TestCasesPageTest_UI<br>Parameters: kaviya@gmail.com</td>
<td></td>
<td>0</td>
<td>com.ecom.tests.TestCasesPageTest_UI@c86b9e3</td></tr>
<tr>
<td title='com.ecom.tests.RegisterPageTest_Functional.verifyBrowserLaunch()'><b>verifyBrowserLaunch</b><br>Test class: com.ecom.tests.RegisterPageTest_Functional</td>
<td></td>
<td>0</td>
<td>com.ecom.tests.RegisterPageTest_Functional@e4487af</td></tr>
<tr>
<td title='com.ecom.tests.TestCasesPageTest_UI.verifyTestCase18LinkDisplayed()'><b>verifyTestCase18LinkDisplayed</b><br>Test class: com.ecom.tests.TestCasesPageTest_UI</td>
<td></td>
<td>0</td>
<td>com.ecom.tests.TestCasesPageTest_UI@c86b9e3</td></tr>
<tr>
<td title='com.ecom.tests.APITestingPageTest_UI.verifyHomeIconDisplayed()'><b>verifyHomeIconDisplayed</b><br>Test class: com.ecom.tests.APITestingPageTest_UI</td>
<td></td>
<td>0</td>
<td>com.ecom.tests.APITestingPageTest_UI@7494f96a</td></tr>
<tr>
<td title='com.ecom.tests.TestCasesPageTest_UI.verifyTestCase25LinkDisplayed()'><b>verifyTestCase25LinkDisplayed</b><br>Test class: com.ecom.tests.TestCasesPageTest_UI</td>
<td></td>
<td>0</td>
<td>com.ecom.tests.TestCasesPageTest_UI@c86b9e3</td></tr>
<tr>
<td title='com.ecom.tests.TestCasesPageTest_UI.verifyTestCase26LinkDisplayed()'><b>verifyTestCase26LinkDisplayed</b><br>Test class: com.ecom.tests.TestCasesPageTest_UI</td>
<td></td>
<td>0</td>
<td>com.ecom.tests.TestCasesPageTest_UI@c86b9e3</td></tr>
<tr>
<td title='com.ecom.tests.APITestingPageTest_UI.verifyFeedbackSectionDisplayed()'><b>verifyFeedbackSectionDisplayed</b><br>Test class: com.ecom.tests.APITestingPageTest_UI</td>
<td></td>
<td>0</td>
<td>com.ecom.tests.APITestingPageTest_UI@7494f96a</td></tr>
<tr>
<td title='com.ecom.tests.RegisterPageTest_Functional.verifySignup()'><b>verifySignup</b><br>Test class: com.ecom.tests.RegisterPageTest_Functional<br>Parameters: Test user c, kavi18177@example.com</td>
<td></td>
<td>2</td>
<td>com.ecom.tests.RegisterPageTest_Functional@e4487af</td></tr>
<tr>
<td title='com.ecom.tests.ContactUsPageTest_Functional.verifySubscriptionInvalid()'><b>verifySubscriptionInvalid</b><br>Test class: com.ecom.tests.ContactUsPageTest_Functional<br>Parameters: testgmail.com</td>
<td></td>
<td>2</td>
<td>com.ecom.tests.ContactUsPageTest_Functional@5c671d7f</td></tr>
<tr>
<td title='com.ecom.tests.ContactUsPageTest_Functional.verifyEmailEmpty()'><b>verifyEmailEmpty</b><br>Test class: com.ecom.tests.ContactUsPageTest_Functional<br>Parameters: kaviya, Review, Cant able to view review product</td>
<td></td>
<td>1</td>
<td>com.ecom.tests.ContactUsPageTest_Functional@5c671d7f</td></tr>
<tr>
<td title='com.ecom.tests.TestCasesPageTest_UI.verifyTestCase12LinkDisplayed()'><b>verifyTestCase12LinkDisplayed</b><br>Test class: com.ecom.tests.TestCasesPageTest_UI</td>
<td></td>
<td>0</td>
<td>com.ecom.tests.TestCasesPageTest_UI@c86b9e3</td></tr>
<tr>
<td title='com.ecom.tests.TestCasesPageTest_UI.verifyTestCase10LinkDisplayed()'><b>verifyTestCase10LinkDisplayed</b><br>Test class: com.ecom.tests.TestCasesPageTest_UI</td>
<td></td>
<td>0</td>
<td>com.ecom.tests.TestCasesPageTest_UI@c86b9e3</td></tr>
<tr>
<td title='com.ecom.tests.APITestingPageTest_UI.verifyApiList14LinkDisplayed()'><b>verifyApiList14LinkDisplayed</b><br>Test class: com.ecom.tests.APITestingPageTest_UI</td>
<td></td>
<td>0</td>
<td>com.ecom.tests.APITestingPageTest_UI@7494f96a</td></tr>
<tr>
<td title='com.ecom.tests.TestCasesPageTest_UI.verifySubscriptionIconVisible()'><b>verifySubscriptionIconVisible</b><br>Test class: com.ecom.tests.TestCasesPageTest_UI</td>
<td></td>
<td>0</td>
<td>com.ecom.tests.TestCasesPageTest_UI@c86b9e3</td></tr>
<tr>
<td title='com.ecom.tests.ContactUsPageTest_Functional.verifyNavigationBackToHome()'><b>verifyNavigationBackToHome</b><br>Test class: com.ecom.tests.ContactUsPageTest_Functional</td>
<td></td>
<td>2</td>
<td>com.ecom.tests.ContactUsPageTest_Functional@5c671d7f</td></tr>
<tr>
<td title='com.ecom.tests.APITestingPageTest_UI.verifyLogoDisplayed()'><b>verifyLogoDisplayed</b><br>Test class: com.ecom.tests.APITestingPageTest_UI</td>
<td></td>
<td>1</td>
<td>com.ecom.tests.APITestingPageTest_UI@7494f96a</td></tr>
<tr>
<td title='com.ecom.tests.TestCasesPageTest_UI.verifyTestCase5LinkDisplayed()'><b>verifyTestCase5LinkDisplayed</b><br>Test class: com.ecom.tests.TestCasesPageTest_UI</td>
<td></td>
<td>0</td>
<td>com.ecom.tests.TestCasesPageTest_UI@c86b9e3</td></tr>
<tr>
<td title='com.ecom.tests.ContactUsPageTest_Functional.enterName()'><b>enterName</b><br>Test class: com.ecom.tests.ContactUsPageTest_Functional<br>Parameters: Kaviya</td>
<td></td>
<td>0</td>
<td>com.ecom.tests.ContactUsPageTest_Functional@5c671d7f</td></tr>
<tr>
<td title='com.ecom.tests.TestCasesPageTest_UI.verifyTestCase22LinkDisplayed()'><b>verifyTestCase22LinkDisplayed</b><br>Test class: com.ecom.tests.TestCasesPageTest_UI</td>
<td></td>
<td>0</td>
<td>com.ecom.tests.TestCasesPageTest_UI@c86b9e3</td></tr>
<tr>
<td title='com.ecom.tests.TestCasesPageTest_UI.verifyProductsIconDisplayed()'><b>verifyProductsIconDisplayed</b><br>Test class: com.ecom.tests.TestCasesPageTest_UI</td>
<td></td>
<td>0</td>
<td>com.ecom.tests.TestCasesPageTest_UI@c86b9e3</td></tr>
<tr>
<td title='com.ecom.tests.APITestingPageTest_UI.verifyApiList12LinkDisplayed()'><b>verifyApiList12LinkDisplayed</b><br>Test class: com.ecom.tests.APITestingPageTest_UI</td>
<td></td>
<td>0</td>
<td>com.ecom.tests.APITestingPageTest_UI@7494f96a</td></tr>
<tr>
<td title='com.ecom.tests.APITestingPageTest_UI.verifyApiList5LinkDisplayed()'><b>verifyApiList5LinkDisplayed</b><br>Test class: com.ecom.tests.APITestingPageTest_UI</td>
<td></td>
<td>0</td>
<td>com.ecom.tests.APITestingPageTest_UI@7494f96a</td></tr>
<tr>
<td title='com.ecom.tests.APITestingPageTest_UI.verifySignupLoginIconDisplayed()'><b>verifySignupLoginIconDisplayed</b><br>Test class: com.ecom.tests.APITestingPageTest_UI</td>
<td></td>
<td>0</td>
<td>com.ecom.tests.APITestingPageTest_UI@7494f96a</td></tr>
<tr>
<td title='com.ecom.tests.TestCasesPageTest_UI.verifyTestCase4LinkDisplayed()'><b>verifyTestCase4LinkDisplayed</b><br>Test class: com.ecom.tests.TestCasesPageTest_UI</td>
<td></td>
<td>0</td>
<td>com.ecom.tests.TestCasesPageTest_UI@c86b9e3</td></tr>
<tr>
<td title='com.ecom.tests.TestCasesPageTest_UI.verifyTestCase6LinkDisplayed()'><b>verifyTestCase6LinkDisplayed</b><br>Test class: com.ecom.tests.TestCasesPageTest_UI</td>
<td></td>
<td>0</td>
<td>com.ecom.tests.TestCasesPageTest_UI@c86b9e3</td></tr>
<tr>
<td title='com.ecom.tests.TestCasesPageTest_UI.verifyTestCase16LinkDisplayed()'><b>verifyTestCase16LinkDisplayed</b><br>Test class: com.ecom.tests.TestCasesPageTest_UI</td>
<td></td>
<td>0</td>
<td>com.ecom.tests.TestCasesPageTest_UI@c86b9e3</td></tr>
<tr>
<td title='com.ecom.tests.APITestingPageTest_UI.verifyApiList7LinkDisplayed()'><b>verifyApiList7LinkDisplayed</b><br>Test class: com.ecom.tests.APITestingPageTest_UI</td>
<td></td>
<td>0</td>
<td>com.ecom.tests.APITestingPageTest_UI@7494f96a</td></tr>
<tr>
<td title='com.ecom.tests.TestCasesPageTest_UI.verifyTestCase24LinkDisplayed()'><b>verifyTestCase24LinkDisplayed</b><br>Test class: com.ecom.tests.TestCasesPageTest_UI</td>
<td></td>
<td>0</td>
<td>com.ecom.tests.TestCasesPageTest_UI@c86b9e3</td></tr>
<tr>
<td title='com.ecom.tests.RegisterPageTest_Functional.enterLastName()'><b>enterLastName</b><br>Test class: com.ecom.tests.RegisterPageTest_Functional<br>Parameters: Anjali</td>
<td></td>
<td>0</td>
<td>com.ecom.tests.RegisterPageTest_Functional@e4487af</td></tr>
<tr>
<td title='com.ecom.tests.ContactUsPageTest_Functional.verifySubscriptionEmpty()'><b>verifySubscriptionEmpty</b><br>Test class: com.ecom.tests.ContactUsPageTest_Functional</td>
<td></td>
<td>1</td>
<td>com.ecom.tests.ContactUsPageTest_Functional@5c671d7f</td></tr>
<tr>
<td title='com.ecom.tests.RegisterPageTest_Functional.verifyAccountCreatedMessage()'><b>verifyAccountCreatedMessage</b><br>Test class: com.ecom.tests.RegisterPageTest_Functional</td>
<td></td>
<td>0</td>
<td>com.ecom.tests.RegisterPageTest_Functional@e4487af</td></tr>
<tr>
<td title='com.ecom.tests.RegisterPageTest_Functional.selectNewsletterTest()'><b>selectNewsletterTest</b><br>Test class: com.ecom.tests.RegisterPageTest_Functional</td>
<td></td>
<td>0</td>
<td>com.ecom.tests.RegisterPageTest_Functional@e4487af</td></tr>
<tr>
<td title='com.ecom.tests.TestCasesPageTest_UI.verifySignupLoginIconDisplayed()'><b>verifySignupLoginIconDisplayed</b><br>Test class: com.ecom.tests.TestCasesPageTest_UI</td>
<td></td>
<td>0</td>
<td>com.ecom.tests.TestCasesPageTest_UI@c86b9e3</td></tr>
<tr>
<td title='com.ecom.tests.ContactUsPageTest_Functional.verifySubscriptionValid()'><b>verifySubscriptionValid</b><br>Test class: com.ecom.tests.ContactUsPageTest_Functional<br>Parameters: validuser1@test.com</td>
<td></td>
<td>0</td>
<td>com.ecom.tests.ContactUsPageTest_Functional@5c671d7f</td></tr>
<tr>
<td title='com.ecom.tests.TestCasesPageTest_UI.verifyHomeIconDisplayed()'><b>verifyHomeIconDisplayed</b><br>Test class: com.ecom.tests.TestCasesPageTest_UI</td>
<td></td>
<td>0</td>
<td>com.ecom.tests.TestCasesPageTest_UI@c86b9e3</td></tr>
<tr>
<td title='com.ecom.tests.APITestingPageTest_UI.verifyApiList8LinkDisplayed()'><b>verifyApiList8LinkDisplayed</b><br>Test class: com.ecom.tests.APITestingPageTest_UI</td>
<td></td>
<td>0</td>
<td>com.ecom.tests.APITestingPageTest_UI@7494f96a</td></tr>
<tr>
<td title='com.ecom.tests.APITestingPageTest_UI.verifySubscriptionValid()'><b>verifySubscriptionValid</b><br>Test class: com.ecom.tests.APITestingPageTest_UI<br>Parameters: kaviya@gmail.com</td>
<td></td>
<td>0</td>
<td>com.ecom.tests.APITestingPageTest_UI@7494f96a</td></tr>
<tr>
<td title='com.ecom.tests.TestCasesPageTest_UI.verifyTestCase2LinkDisplayed()'><b>verifyTestCase2LinkDisplayed</b><br>Test class: com.ecom.tests.TestCasesPageTest_UI</td>
<td></td>
<td>0</td>
<td>com.ecom.tests.TestCasesPageTest_UI@c86b9e3</td></tr>
<tr>
<td title='com.ecom.tests.ContactUsPageTest_Functional.verifySubscriptionIconVisible()'><b>verifySubscriptionIconVisible</b><br>Test class: com.ecom.tests.ContactUsPageTest_Functional</td>
<td></td>
<td>0</td>
<td>com.ecom.tests.ContactUsPageTest_Functional@5c671d7f</td></tr>
<tr>
<td title='com.ecom.tests.RegisterPageTest_Functional.verifyHomePageVisibility()'><b>verifyHomePageVisibility</b><br>Test class: com.ecom.tests.RegisterPageTest_Functional</td>
<td></td>
<td>0</td>
<td>com.ecom.tests.RegisterPageTest_Functional@e4487af</td></tr>
<tr>
<td title='com.ecom.tests.TestCasesPageTest_UI.verifyTestCase19LinkDisplayed()'><b>verifyTestCase19LinkDisplayed</b><br>Test class: com.ecom.tests.TestCasesPageTest_UI</td>
<td></td>
<td>0</td>
<td>com.ecom.tests.TestCasesPageTest_UI@c86b9e3</td></tr>
<tr>
<td title='com.ecom.tests.RegisterPageTest_Functional.enterState()'><b>enterState</b><br>Test class: com.ecom.tests.RegisterPageTest_Functional<br>Parameters: Tamil Nadu</td>
<td></td>
<td>0</td>
<td>com.ecom.tests.RegisterPageTest_Functional@e4487af</td></tr>
<tr>
<td title='com.ecom.tests.TestCasesPageTest_UI.verifyTestCase7LinkDisplayed()'><b>verifyTestCase7LinkDisplayed</b><br>Test class: com.ecom.tests.TestCasesPageTest_UI</td>
<td></td>
<td>0</td>
<td>com.ecom.tests.TestCasesPageTest_UI@c86b9e3</td></tr>
<tr>
<td title='com.ecom.tests.RegisterPageTest_Functional.selectTitleTest()'><b>selectTitleTest</b><br>Test class: com.ecom.tests.RegisterPageTest_Functional<br>Parameters: Mrs</td>
<td></td>
<td>0</td>
<td>com.ecom.tests.RegisterPageTest_Functional@e4487af</td></tr>
<tr>
<td title='com.ecom.tests.RegisterPageTest_Functional.clickCreateAccountButton()'><b>clickCreateAccountButton</b><br>Test class: com.ecom.tests.RegisterPageTest_Functional</td>
<td></td>
<td>2</td>
<td>com.ecom.tests.RegisterPageTest_Functional@e4487af</td></tr>
<tr>
<td title='com.ecom.tests.RegisterPageTest_Functional.enterPasswordTest()'><b>enterPasswordTest</b><br>Test class: com.ecom.tests.RegisterPageTest_Functional<br>Parameters: Password@123</td>
<td></td>
<td>0</td>
<td>com.ecom.tests.RegisterPageTest_Functional@e4487af</td></tr>
<tr>
<td title='com.ecom.tests.ContactUsPageTest_Functional.submitForm()'><b>submitForm</b><br>Test class: com.ecom.tests.ContactUsPageTest_Functional</td>
<td></td>
<td>0</td>
<td>com.ecom.tests.ContactUsPageTest_Functional@5c671d7f</td></tr>
<tr>
<td title='com.ecom.tests.RegisterPageTest_Functional.enterZipcode()'><b>enterZipcode</b><br>Test class: com.ecom.tests.RegisterPageTest_Functional<br>Parameters: 560001</td>
<td></td>
<td>0</td>
<td>com.ecom.tests.RegisterPageTest_Functional@e4487af</td></tr>
<tr>
<td title='com.ecom.tests.TestCasesPageTest_UI.verifyFeedbackSectionDisplayed()'><b>verifyFeedbackSectionDisplayed</b><br>Test class: com.ecom.tests.TestCasesPageTest_UI</td>
<td></td>
<td>0</td>
<td>com.ecom.tests.TestCasesPageTest_UI@c86b9e3</td></tr>
<tr>
<td title='com.ecom.tests.TestCasesPageTest_UI.verifyCartIconDisplayed()'><b>verifyCartIconDisplayed</b><br>Test class: com.ecom.tests.TestCasesPageTest_UI</td>
<td></td>
<td>0</td>
<td>com.ecom.tests.TestCasesPageTest_UI@c86b9e3</td></tr>
<tr>
<td title='com.ecom.tests.APITestingPageTest_UI.verifySubscriptionIconVisible()'><b>verifySubscriptionIconVisible</b><br>Test class: com.ecom.tests.APITestingPageTest_UI</td>
<td></td>
<td>0</td>
<td>com.ecom.tests.APITestingPageTest_UI@7494f96a</td></tr>
<tr>
<td title='com.ecom.tests.ContactUsPageTest_Functional.verifyBrowserLaunch()'><b>verifyBrowserLaunch</b><br>Test class: com.ecom.tests.ContactUsPageTest_Functional</td>
<td></td>
<td>0</td>
<td>com.ecom.tests.ContactUsPageTest_Functional@5c671d7f</td></tr>
<tr>
<td title='com.ecom.tests.RegisterPageTest_Functional.verifyExistSignup()'><b>verifyExistSignup</b><br>Test class: com.ecom.tests.RegisterPageTest_Functional<br>Parameters: Test user c, kaviya@gmail.com</td>
<td></td>
<td>2</td>
<td>com.ecom.tests.RegisterPageTest_Functional@e4487af</td></tr>
<tr>
<td title='com.ecom.tests.TestCasesPageTest_UI.verifyTestCase3LinkDisplayed()'><b>verifyTestCase3LinkDisplayed</b><br>Test class: com.ecom.tests.TestCasesPageTest_UI</td>
<td></td>
<td>0</td>
<td>com.ecom.tests.TestCasesPageTest_UI@c86b9e3</td></tr>
<tr>
<td title='com.ecom.tests.RegisterPageTest_Functional.selectDateOfBirthTest()'><b>selectDateOfBirthTest</b><br>Test class: com.ecom.tests.RegisterPageTest_Functional<br>Parameters: 18, March, 2006</td>
<td></td>
<td>0</td>
<td>com.ecom.tests.RegisterPageTest_Functional@e4487af</td></tr>
<tr>
<td title='com.ecom.tests.TestCasesPageTest_UI.verifyTestCase13LinkDisplayed()'><b>verifyTestCase13LinkDisplayed</b><br>Test class: com.ecom.tests.TestCasesPageTest_UI</td>
<td></td>
<td>0</td>
<td>com.ecom.tests.TestCasesPageTest_UI@c86b9e3</td></tr>
<tr>
<td title='com.ecom.tests.TestCasesPageTest_UI.verifyTestCase20LinkDisplayed()'><b>verifyTestCase20LinkDisplayed</b><br>Test class: com.ecom.tests.TestCasesPageTest_UI</td>
<td></td>
<td>0</td>
<td>com.ecom.tests.TestCasesPageTest_UI@c86b9e3</td></tr>
<tr>
<td title='com.ecom.tests.ContactUsPageTest_Functional.verifyEmailInvalid()'><b>verifyEmailInvalid</b><br>Test class: com.ecom.tests.ContactUsPageTest_Functional<br>Parameters: kaviya, kaviya.com, Review, Cant able to view review product</td>
<td></td>
<td>2</td>
<td>com.ecom.tests.ContactUsPageTest_Functional@5c671d7f</td></tr>
<tr>
<td title='com.ecom.tests.APITestingPageTest_UI.verifySubscriptionEmpty()'><b>verifySubscriptionEmpty</b><br>Test class: com.ecom.tests.APITestingPageTest_UI</td>
<td></td>
<td>0</td>
<td>com.ecom.tests.APITestingPageTest_UI@7494f96a</td></tr>
<tr>
<td title='com.ecom.tests.APITestingPageTest_UI.verifyFeedbackEmailDisplayed()'><b>verifyFeedbackEmailDisplayed</b><br>Test class: com.ecom.tests.APITestingPageTest_UI</td>
<td></td>
<td>0</td>
<td>com.ecom.tests.APITestingPageTest_UI@7494f96a</td></tr>
<tr>
<td title='com.ecom.tests.SubscriptionHomePageTest_Functional.verifySubscriptionInvalid()'><b>verifySubscriptionInvalid</b><br>Test class: com.ecom.tests.SubscriptionHomePageTest_Functional<br>Parameters: kaviyaGma.com</td>
<td></td>
<td>2</td>
<td>com.ecom.tests.SubscriptionHomePageTest_Functional@6aaceffd</td></tr>
<tr>
<td title='com.ecom.tests.ContactUsPageTest_Functional.enterSubject()'><b>enterSubject</b><br>Test class: com.ecom.tests.ContactUsPageTest_Functional<br>Parameters: Enquiry</td>
<td></td>
<td>0</td>
<td>com.ecom.tests.ContactUsPageTest_Functional@5c671d7f</td></tr>
<tr>
<td title='com.ecom.tests.RegisterPageTest_Functional.verifySpecialOffersCheckbox()'><b>verifySpecialOffersCheckbox</b><br>Test class: com.ecom.tests.RegisterPageTest_Functional</td>
<td></td>
<td>0</td>
<td>com.ecom.tests.RegisterPageTest_Functional@e4487af</td></tr>
<tr>
<td title='com.ecom.tests.TestCasesPageTest_UI.verifyTestCasesSectionDisplayed()'><b>verifyTestCasesSectionDisplayed</b><br>Test class: com.ecom.tests.TestCasesPageTest_UI</td>
<td></td>
<td>0</td>
<td>com.ecom.tests.TestCasesPageTest_UI@c86b9e3</td></tr>
<tr>
<td title='com.ecom.tests.RegisterPageTest_Functional.clickContinueAfterAccountDeleted()'><b>clickContinueAfterAccountDeleted</b><br>Test class: com.ecom.tests.RegisterPageTest_Functional</td>
<td></td>
<td>3</td>
<td>com.ecom.tests.RegisterPageTest_Functional@e4487af</td></tr>
<tr>
<td title='com.ecom.tests.RegisterPageTest_Functional.enterCity()'><b>enterCity</b><br>Test class: com.ecom.tests.RegisterPageTest_Functional<br>Parameters: Chennai</td>
<td></td>
<td>0</td>
<td>com.ecom.tests.RegisterPageTest_Functional@e4487af</td></tr>
<tr>
<td title='com.ecom.tests.RegisterPageTest_Functional.enterCompany()'><b>enterCompany</b><br>Test class: com.ecom.tests.RegisterPageTest_Functional<br>Parameters: CGI</td>
<td></td>
<td>0</td>
<td>com.ecom.tests.RegisterPageTest_Functional@e4487af</td></tr>
<tr>
<td title='com.ecom.tests.APITestingPageTest_UI.verifyScrollToTopButton()'><b>verifyScrollToTopButton</b><br>Test class: com.ecom.tests.APITestingPageTest_UI</td>
<td></td>
<td>0</td>
<td>com.ecom.tests.APITestingPageTest_UI@7494f96a</td></tr>
<tr>
<td title='com.ecom.tests.RegisterPageTest_Functional.verifyInvalidEmail()'><b>verifyInvalidEmail</b><br>Test class: com.ecom.tests.RegisterPageTest_Functional<br>Parameters: kaviya, kaviya.com</td>
<td></td>
<td>2</td>
<td>com.ecom.tests.RegisterPageTest_Functional@e4487af</td></tr>
<tr>
<td title='com.ecom.tests.TestCasesPageTest_UI.verifyTestCase15LinkDisplayed()'><b>verifyTestCase15LinkDisplayed</b><br>Test class: com.ecom.tests.TestCasesPageTest_UI</td>
<td></td>
<td>0</td>
<td>com.ecom.tests.TestCasesPageTest_UI@c86b9e3</td></tr>
<tr>
<td title='com.ecom.tests.RegisterPageTest_Functional.enterAddress2()'><b>enterAddress2</b><br>Test class: com.ecom.tests.RegisterPageTest_Functional<br>Parameters: Block C</td>
<td></td>
<td>0</td>
<td>com.ecom.tests.RegisterPageTest_Functional@e4487af</td></tr>
<tr>
<td title='com.ecom.tests.RegisterPageTest_Functional.verifyLoggedInAsUsername()'><b>verifyLoggedInAsUsername</b><br>Test class: com.ecom.tests.RegisterPageTest_Functional</td>
<td></td>
<td>4</td>
<td>com.ecom.tests.RegisterPageTest_Functional@e4487af</td></tr>
<tr>
<td title='com.ecom.tests.SubscriptionHomePageTest_Functional.verifySubscriptionEmpty()'><b>verifySubscriptionEmpty</b><br>Test class: com.ecom.tests.SubscriptionHomePageTest_Functional</td>
<td></td>
<td>0</td>
<td>com.ecom.tests.SubscriptionHomePageTest_Functional@6aaceffd</td></tr>
<tr>
<td title='com.ecom.tests.ContactUsPageTest_Functional.uploadFile()'><b>uploadFile</b><br>Test class: com.ecom.tests.ContactUsPageTest_Functional</td>
<td></td>
<td>0</td>
<td>com.ecom.tests.ContactUsPageTest_Functional@5c671d7f</td></tr>
<tr>
<td title='com.ecom.tests.APITestingPageTest_UI.verifyApiList9LinkDisplayed()'><b>verifyApiList9LinkDisplayed</b><br>Test class: com.ecom.tests.APITestingPageTest_UI</td>
<td></td>
<td>0</td>
<td>com.ecom.tests.APITestingPageTest_UI@7494f96a</td></tr>
<tr>
<td title='com.ecom.tests.APITestingPageTest_UI.verifyApilistSectionDisplayed()'><b>verifyApilistSectionDisplayed</b><br>Test class: com.ecom.tests.APITestingPageTest_UI</td>
<td></td>
<td>0</td>
<td>com.ecom.tests.APITestingPageTest_UI@7494f96a</td></tr>
<tr>
<td title='com.ecom.tests.TestCasesPageTest_UI.verifyTestCase9LinkDisplayed()'><b>verifyTestCase9LinkDisplayed</b><br>Test class: com.ecom.tests.TestCasesPageTest_UI</td>
<td></td>
<td>0</td>
<td>com.ecom.tests.TestCasesPageTest_UI@c86b9e3</td></tr>
<tr>
<td title='com.ecom.tests.TestCasesPageTest_UI.verifyTestCase21LinkDisplayed()'><b>verifyTestCase21LinkDisplayed</b><br>Test class: com.ecom.tests.TestCasesPageTest_UI</td>
<td></td>
<td>0</td>
<td>com.ecom.tests.TestCasesPageTest_UI@c86b9e3</td></tr>
<tr>
<td title='com.ecom.tests.RegisterPageTest_Functional.verifyNewUserSignupSectionVisibility()'><b>verifyNewUserSignupSectionVisibility</b><br>Test class: com.ecom.tests.RegisterPageTest_Functional</td>
<td></td>
<td>0</td>
<td>com.ecom.tests.RegisterPageTest_Functional@e4487af</td></tr>
<tr>
<td title='com.ecom.tests.RegisterPageTest_Functional.verifySignupLoginButtonAvailability()'><b>verifySignupLoginButtonAvailability</b><br>Test class: com.ecom.tests.RegisterPageTest_Functional</td>
<td></td>
<td>1</td>
<td>com.ecom.tests.RegisterPageTest_Functional@e4487af</td></tr>
<tr>
<td title='com.ecom.tests.APITestingPageTest_UI.verifyProductsIconDisplayed()'><b>verifyProductsIconDisplayed</b><br>Test class: com.ecom.tests.APITestingPageTest_UI</td>
<td></td>
<td>0</td>
<td>com.ecom.tests.APITestingPageTest_UI@7494f96a</td></tr>
<tr>
<td title='com.ecom.tests.APITestingPageTest_UI.verifyCartIconDisplayed()'><b>verifyCartIconDisplayed</b><br>Test class: com.ecom.tests.APITestingPageTest_UI</td>
<td></td>
<td>0</td>
<td>com.ecom.tests.APITestingPageTest_UI@7494f96a</td></tr>
<tr>
<td title='com.ecom.tests.APITestingPageTest_UI.verifyApiTestingIconDisplayed()'><b>verifyApiTestingIconDisplayed</b><br>Test class: com.ecom.tests.APITestingPageTest_UI</td>
<td></td>
<td>0</td>
<td>com.ecom.tests.APITestingPageTest_UI@7494f96a</td></tr>
<tr>
<td title='com.ecom.tests.RegisterPageTest_Functional.enterAddress1()'><b>enterAddress1</b><br>Test class: com.ecom.tests.RegisterPageTest_Functional<br>Parameters: 123 Main Street</td>
<td></td>
<td>0</td>
<td>com.ecom.tests.RegisterPageTest_Functional@e4487af</td></tr>
<tr>
<td title='com.ecom.tests.TestCasesPageTest_UI.verifyFeedbackEmailDisplayed()'><b>verifyFeedbackEmailDisplayed</b><br>Test class: com.ecom.tests.TestCasesPageTest_UI</td>
<td></td>
<td>0</td>
<td>com.ecom.tests.TestCasesPageTest_UI@c86b9e3</td></tr>
<tr>
<td title='com.ecom.tests.TestCasesPageTest_UI.verifyContactUsIconDisplayed()'><b>verifyContactUsIconDisplayed</b><br>Test class: com.ecom.tests.TestCasesPageTest_UI</td>
<td></td>
<td>0</td>
<td>com.ecom.tests.TestCasesPageTest_UI@c86b9e3</td></tr>
<tr>
<td title='com.ecom.tests.APITestingPageTest_UI.verifyVideoTutorialsIconDisplayed()'><b>verifyVideoTutorialsIconDisplayed</b><br>Test class: com.ecom.tests.APITestingPageTest_UI</td>
<td></td>
<td>0</td>
<td>com.ecom.tests.APITestingPageTest_UI@7494f96a</td></tr>
<tr>
<td title='com.ecom.tests.APITestingPageTest_UI.verifyApiList2LinkDisplayed()'><b>verifyApiList2LinkDisplayed</b><br>Test class: com.ecom.tests.APITestingPageTest_UI</td>
<td></td>
<td>0</td>
<td>com.ecom.tests.APITestingPageTest_UI@7494f96a</td></tr>
</table><p>
</body>
</html>