<?xml version="1.0" encoding="UTF-8"?>
<!-- Generated by org.testng.reporters.JUnitXMLReporter -->
<testsuite ignored="20" hostname="DESKTOP-RGL2CCS" failures="11" tests="250" name="UI and Functional Test" time="689.323" errors="0" timestamp="2025-09-15T00:38:16 IST">
  <testcase classname="com.ecom.tests.APITestingPageTest_UI" name="verifyLogoDisplayed" time="1.151"/>
  <testcase classname="com.ecom.tests.APITestingPageTest_UI" name="verifyProductsIconDisplayed" time="0.246"/>
  <testcase classname="com.ecom.tests.APITestingPageTest_UI" name="verifyCartIconDisplayed" time="0.242"/>
  <testcase classname="com.ecom.tests.APITestingPageTest_UI" name="verifySignupLoginIconDisplayed" time="0.174"/>
  <testcase classname="com.ecom.tests.APITestingPageTest_UI" name="verifyVideoTutorialsIconDisplayed" time="0.167"/>
  <testcase classname="com.ecom.tests.APITestingPageTest_UI" name="verifyHomeIconDisplayed" time="0.236"/>
  <testcase classname="com.ecom.tests.APITestingPageTest_UI" name="verifyContactUsIconDisplayed" time="0.161"/>
  <testcase classname="com.ecom.tests.APITestingPageTest_UI" name="verifyApiTestingIconDisplayed" time="0.24"/>
  <testcase classname="com.ecom.tests.APITestingPageTest_UI" name="verifyApilistSectionDisplayed" time="0.184"/>
  <testcase classname="com.ecom.tests.APITestingPageTest_UI" name="verifyApiList1LinkDisplayed" time="0.577"/>
  <testcase classname="com.ecom.tests.APITestingPageTest_UI" name="verifyApiList2LinkDisplayed" time="0.531"/>
  <testcase classname="com.ecom.tests.APITestingPageTest_UI" name="verifyApiList3LinkDisplayed" time="0.547"/>
  <testcase classname="com.ecom.tests.APITestingPageTest_UI" name="verifyApiList4LinkDisplayed" time="0.513"/>
  <testcase classname="com.ecom.tests.APITestingPageTest_UI" name="verifyApiList5LinkDisplayed" time="0.609"/>
  <testcase classname="com.ecom.tests.APITestingPageTest_UI" name="verifyApiList6LinkDisplayed" time="0.536"/>
  <testcase classname="com.ecom.tests.APITestingPageTest_UI" name="verifyApiList7LinkDisplayed" time="0.529"/>
  <testcase classname="com.ecom.tests.APITestingPageTest_UI" name="verifyApiList8LinkDisplayed" time="0.513"/>
  <testcase classname="com.ecom.tests.APITestingPageTest_UI" name="verifyApiList9LinkDisplayed" time="0.611"/>
  <testcase classname="com.ecom.tests.APITestingPageTest_UI" name="verifyApiList10LinkDisplayed" time="0.561"/>
  <testcase classname="com.ecom.tests.APITestingPageTest_UI" name="verifyApiList11LinkDisplayed" time="0.559"/>
  <testcase classname="com.ecom.tests.APITestingPageTest_UI" name="verifyApiList12LinkDisplayed" time="0.537"/>
  <testcase classname="com.ecom.tests.APITestingPageTest_UI" name="verifyApiList13LinkDisplayed" time="0.517"/>
  <testcase classname="com.ecom.tests.APITestingPageTest_UI" name="verifyApiList14LinkDisplayed" time="0.497"/>
  <testcase classname="com.ecom.tests.APITestingPageTest_UI" name="verifyFeedbackSectionDisplayed" time="0.159"/>
  <testcase classname="com.ecom.tests.APITestingPageTest_UI" name="verifyFeedbackEmailDisplayed" time="0.242"/>
  <testcase classname="com.ecom.tests.APITestingPageTest_UI" name="verifySubscriptionIconVisible" time="0.246"/>
  <testcase classname="com.ecom.tests.APITestingPageTest_UI" name="verifySubscriptionEmpty" time="0.624"/>
  <testcase classname="com.ecom.tests.APITestingPageTest_UI" name="verifySubscriptionInvalid" time="2.625"/>
  <testcase classname="com.ecom.tests.APITestingPageTest_UI" name="verifySubscriptionValid" time="0.494"/>
  <testcase classname="com.ecom.tests.APITestingPageTest_UI" name="verifySubscriptionUseralreadyExist" time="0.484">
    <failure type="java.lang.AssertionError" message="Subscription success message should NOT be displayed! expected [false] but found [true]">
      <![CDATA[java.lang.AssertionError: Subscription success message should NOT be displayed! expected [false] but found [true]
at com.ecom.tests.APITestingPageTest_UI.verifySubscriptionUseralreadyExist(APITestingPageTest_UI.java:393)
at java.base/java.util.ArrayList.forEach(ArrayList.java:1511)
... Removed 34 stack frames]]>
    </failure>
  </testcase> <!-- verifySubscriptionUseralreadyExist -->
  <testcase classname="com.ecom.tests.APITestingPageTest_UI" name="verifyScrollToTopButton" time="0.239"/>
  <testcase classname="com.ecom.tests.CartPageTest_UI" name="verifyLogoDisplayed" time="1.099"/>
  <testcase classname="com.ecom.tests.CartPageTest_UI" name="verifyProductsIconDisplayed" time="0.197"/>
  <testcase classname="com.ecom.tests.CartPageTest_UI" name="verifyTestCasesDisplayed" time="0.177"/>
  <testcase classname="com.ecom.tests.CartPageTest_UI" name="verifySignupLoginIconDisplayed" time="0.161"/>
  <testcase classname="com.ecom.tests.CartPageTest_UI" name="verifyVideoTutorialsIconDisplayed" time="0.135"/>
  <testcase classname="com.ecom.tests.CartPageTest_UI" name="verifyHomeIconDisplayed" time="0.12"/>
  <testcase classname="com.ecom.tests.CartPageTest_UI" name="verifyContactUsIconDisplayed" time="0.112"/>
  <testcase classname="com.ecom.tests.CartPageTest_UI" name="verifyApiTestingIconDisplayed" time="0.116"/>
  <testcase classname="com.ecom.tests.CartPageTest_UI" name="verifyShoppingCartBreadcrumb" time="0.126"/>
  <testcase classname="com.ecom.tests.CartPageTest_UI" name="verifyEmptyCartHereLink" time="0.156"/>
  <testcase classname="com.ecom.tests.CartPageTest_UI" name="verifyDeleteProductFromCart" time="8.238"/>
  <testcase classname="com.ecom.tests.CartPageTest_UI" name="verifyProceedtoCheckout" time="0.168"/>
  <testcase classname="com.ecom.tests.CartPageTest_UI" name="verifyProductDiaplaytoBuy" time="0.265"/>
  <testcase classname="com.ecom.tests.CartPageTest_UI" name="verifySubscriptionIconVisible" time="0.177"/>
  <testcase classname="com.ecom.tests.CartPageTest_UI" name="verifySubscriptionEmpty" time="0.492"/>
  <testcase classname="com.ecom.tests.CartPageTest_UI" name="verifySubscriptionInvalid" time="2.768"/>
  <testcase classname="com.ecom.tests.CartPageTest_UI" name="verifySubscriptionValid" time="0.448"/>
  <testcase classname="com.ecom.tests.CartPageTest_UI" name="verifySubscriptionUseralreadyExist" time="0.395">
    <failure type="java.lang.AssertionError" message="Subscription success message should NOT be displayed! expected [false] but found [true]">
      <![CDATA[java.lang.AssertionError: Subscription success message should NOT be displayed! expected [false] but found [true]
at com.ecom.tests.CartPageTest_UI.verifySubscriptionUseralreadyExist(CartPageTest_UI.java:281)
at java.base/java.util.ArrayList.forEach(ArrayList.java:1511)
... Removed 34 stack frames]]>
    </failure>
  </testcase> <!-- verifySubscriptionUseralreadyExist -->
  <testcase classname="com.ecom.tests.CartPageTest_UI" name="verifyScrollToTopButton" time="0.391"/>
  <testcase classname="com.ecom.tests.ContactUsPageTest_Functional" name="verifyBrowserLaunch" time="0.368"/>
  <testcase classname="com.ecom.tests.ContactUsPageTest_Functional" name="verifyContactUsIcon" time="2.337"/>
  <testcase classname="com.ecom.tests.ContactUsPageTest_Functional" name="enterName" time="0.477"/>
  <testcase classname="com.ecom.tests.ContactUsPageTest_Functional" name="enterSubject" time="0.318"/>
  <testcase classname="com.ecom.tests.ContactUsPageTest_Functional" name="enterMessage" time="0.362"/>
  <testcase classname="com.ecom.tests.ContactUsPageTest_Functional" name="uploadFile" time="0.192"/>
  <testcase classname="com.ecom.tests.ContactUsPageTest_Functional" name="verifyEmailEmpty" time="1.112"/>
  <testcase classname="com.ecom.tests.ContactUsPageTest_Functional" name="verifyEmailInvalid" time="1.883"/>
  <testcase classname="com.ecom.tests.ContactUsPageTest_Functional" name="enterEmail" time="0.388"/>
  <testcase classname="com.ecom.tests.ContactUsPageTest_Functional" name="submitForm" time="0.379"/>
  <testcase classname="com.ecom.tests.ContactUsPageTest_Functional" name="verifyNameInvalid" time="3.659">
    <failure type="java.lang.AssertionError" message="Success message should NOT be displayed and pop should rise as Invalid Name expected [false] but found [true]">
      <![CDATA[java.lang.AssertionError: Success message should NOT be displayed and pop should rise as Invalid Name expected [false] but found [true]
at com.ecom.tests.ContactUsPageTest_Functional.verifyNameInvalid(ContactUsPageTest_Functional.java:187)
at java.base/java.util.ArrayList.forEach(ArrayList.java:1511)
... Removed 34 stack frames]]>
    </failure>
  </testcase> <!-- verifyNameInvalid -->
  <testcase classname="com.ecom.tests.ContactUsPageTest_Functional" name="verifyNoFileAttach" time="2.549">
    <failure type="java.lang.AssertionError" message="Success message should NOT be displayed and pop should rise as Invalid Name expected [false] but found [true]">
      <![CDATA[java.lang.AssertionError: Success message should NOT be displayed and pop should rise as Invalid Name expected [false] but found [true]
at com.ecom.tests.ContactUsPageTest_Functional.verifyNoFileAttach(ContactUsPageTest_Functional.java:213)
at java.base/java.util.ArrayList.forEach(ArrayList.java:1511)
... Removed 34 stack frames]]>
    </failure>
  </testcase> <!-- verifyNoFileAttach -->
  <testcase classname="com.ecom.tests.ContactUsPageTest_Functional" name="verifySubscriptionIconVisible" time="0.163"/>
  <testcase classname="com.ecom.tests.ContactUsPageTest_Functional" name="verifySubscriptionInvalid" time="2.46"/>
  <testcase classname="com.ecom.tests.ContactUsPageTest_Functional" name="verifySubscriptionEmpty" time="1.515"/>
  <testcase classname="com.ecom.tests.ContactUsPageTest_Functional" name="verifySubscriptionValid" time="0.489"/>
  <testcase classname="com.ecom.tests.ContactUsPageTest_Functional" name="verifySubscriptionUseralreadyExist" time="0.713">
    <failure type="java.lang.AssertionError" message="Subscription success message is displayed instead of error for already registered email">
      <![CDATA[java.lang.AssertionError: Subscription success message is displayed instead of error for already registered email
at com.ecom.tests.ContactUsPageTest_Functional.verifySubscriptionUseralreadyExist(ContactUsPageTest_Functional.java:307)
at java.base/java.util.ArrayList.forEach(ArrayList.java:1511)
... Removed 32 stack frames]]>
    </failure>
  </testcase> <!-- verifySubscriptionUseralreadyExist -->
  <testcase classname="com.ecom.tests.ContactUsPageTest_Functional" name="verifyScrollToTopButton" time="0.318"/>
  <testcase classname="com.ecom.tests.ContactUsPageTest_Functional" name="verifyNavigationBackToHome" time="4.739"/>
  <testcase classname="com.ecom.tests.ProductPageTest_Functional" name="verifyBrowserLaunch" time="0.244"/>
  <testcase classname="com.ecom.tests.ProductPageTest_Functional" name="verifyContactUsIcon" time="3.494"/>
  <testcase classname="com.ecom.tests.ProductPageTest_Functional" name="verifyAllProductSection" time="0.248"/>
  <testcase classname="com.ecom.tests.ProductPageTest_Functional" name="verifyAddToCart" time="2.564"/>
  <testcase classname="com.ecom.tests.ProductPageTest_Functional" name="verifyViewProductButton" time="1.143"/>
  <testcase classname="com.ecom.tests.ProductPageTest_Functional" name="verifyProductDetail" time="0.157"/>
  <testcase classname="com.ecom.tests.ProductPageTest_Functional" name="verifyProductName" time="0.172"/>
  <testcase classname="com.ecom.tests.ProductPageTest_Functional" name="verifyProductCategory" time="0.134"/>
  <testcase classname="com.ecom.tests.ProductPageTest_Functional" name="verifyProductPrice" time="0.131"/>
  <testcase classname="com.ecom.tests.ProductPageTest_Functional" name="verifyProductAvailability" time="0.148"/>
  <testcase classname="com.ecom.tests.ProductPageTest_Functional" name="verifyProductCondition" time="0.169"/>
  <testcase classname="com.ecom.tests.ProductPageTest_Functional" name="verifyProductBrand" time="0.145"/>
  <testcase classname="com.ecom.tests.ProductPageTest_Functional" name="verifyWriteYourReview" time="0.662"/>
  <testcase classname="com.ecom.tests.ProductPageTest_Functional" name="verifyProductSearch" time="9.238"/>
  <testcase classname="com.ecom.tests.ProductPageTest_Functional" name="verifySearchProductsSection" time="0.261"/>
  <testcase classname="com.ecom.tests.ProductPageTest_Functional" name="verifySubscriptionIconVisible" time="0.187"/>
  <testcase classname="com.ecom.tests.ProductPageTest_Functional" name="verifySubscriptionEmpty" time="0.46"/>
  <testcase classname="com.ecom.tests.ProductPageTest_Functional" name="verifySubscriptionInvalid" time="2.8"/>
  <testcase classname="com.ecom.tests.ProductPageTest_Functional" name="verifySubscriptionValid" time="0.417"/>
  <testcase classname="com.ecom.tests.ProductPageTest_Functional" name="verifySubscriptionUseralreadyExist" time="0.517">
    <failure type="java.lang.AssertionError" message="Subscription success message should NOT be displayed! expected [false] but found [true]">
      <![CDATA[java.lang.AssertionError: Subscription success message should NOT be displayed! expected [false] but found [true]
at com.ecom.tests.ProductPageTest_Functional.verifySubscriptionUseralreadyExist(ProductPageTest_Functional.java:324)
at java.base/java.util.ArrayList.forEach(ArrayList.java:1511)
... Removed 34 stack frames]]>
    </failure>
  </testcase> <!-- verifySubscriptionUseralreadyExist -->
  <testcase classname="com.ecom.tests.ProductPageTest_Functional" name="verifyScrollToTopButton" time="0.274"/>
  <testcase classname="com.ecom.tests.RegisterPageTest_Functional" name="verifyBrowserLaunch" time="0.239"/>
  <testcase classname="com.ecom.tests.RegisterPageTest_Functional" name="verifyHomePageVisibility" time="0.164"/>
  <testcase classname="com.ecom.tests.RegisterPageTest_Functional" name="verifySignupLoginButtonAvailability" time="0.946"/>
  <testcase classname="com.ecom.tests.RegisterPageTest_Functional" name="verifySignupLoginNavigation" time="0.219"/>
  <testcase classname="com.ecom.tests.RegisterPageTest_Functional" name="verifyNewUserSignupSectionVisibility" time="0.156"/>
  <testcase classname="com.ecom.tests.RegisterPageTest_Functional" name="verifyExistSignup" time="2.776"/>
  <testcase classname="com.ecom.tests.RegisterPageTest_Functional" name="verifyInvalidName" time="2.28">
    <failure type="java.lang.AssertionError" message="Navigation to Create Account should NOT happen with invalid name">
      <![CDATA[java.lang.AssertionError: Navigation to Create Account should NOT happen with invalid name
at com.ecom.tests.RegisterPageTest_Functional.verifyInvalidName(RegisterPageTest_Functional.java:106)
at java.base/java.util.ArrayList.forEach(ArrayList.java:1511)
... Removed 32 stack frames]]>
    </failure>
  </testcase> <!-- verifyInvalidName -->
  <testcase classname="com.ecom.tests.RegisterPageTest_Functional" name="verifyInvalidEmail" time="2.736"/>
  <testcase classname="com.ecom.tests.RegisterPageTest_Functional" name="verifySignup" time="2.286"/>
  <testcase classname="com.ecom.tests.RegisterPageTest_Functional" name="verifySignuptoCreateAccount" time="0.118"/>
  <testcase classname="com.ecom.tests.RegisterPageTest_Functional" name="selectTitleTest" time="0.325"/>
  <testcase classname="com.ecom.tests.RegisterPageTest_Functional" name="enterPasswordTest" time="0.347"/>
  <testcase classname="com.ecom.tests.RegisterPageTest_Functional" name="selectDateOfBirthTest" time="0.505"/>
  <testcase classname="com.ecom.tests.RegisterPageTest_Functional" name="selectNewsletterTest" time="0.33"/>
  <testcase classname="com.ecom.tests.RegisterPageTest_Functional" name="verifySpecialOffersCheckbox" time="0.276"/>
  <testcase classname="com.ecom.tests.RegisterPageTest_Functional" name="verifyAddressHeading" time="0.172"/>
  <testcase classname="com.ecom.tests.RegisterPageTest_Functional" name="enterFirstName" time="0.327"/>
  <testcase classname="com.ecom.tests.RegisterPageTest_Functional" name="enterLastName" time="0.256"/>
  <testcase classname="com.ecom.tests.RegisterPageTest_Functional" name="enterCompany" time="0.264"/>
  <testcase classname="com.ecom.tests.RegisterPageTest_Functional" name="enterAddress1" time="0.325"/>
  <testcase classname="com.ecom.tests.RegisterPageTest_Functional" name="enterAddress2" time="0.278"/>
  <testcase classname="com.ecom.tests.RegisterPageTest_Functional" name="selectCountry" time="0.296"/>
  <testcase classname="com.ecom.tests.RegisterPageTest_Functional" name="enterState" time="0.395"/>
  <testcase classname="com.ecom.tests.RegisterPageTest_Functional" name="enterCity" time="0.378"/>
  <testcase classname="com.ecom.tests.RegisterPageTest_Functional" name="enterZipcode" time="0.243"/>
  <testcase classname="com.ecom.tests.RegisterPageTest_Functional" name="enterMobile" time="0.253"/>
  <testcase classname="com.ecom.tests.RegisterPageTest_Functional" name="clickCreateAccountButton" time="2.312"/>
  <testcase classname="com.ecom.tests.RegisterPageTest_Functional" name="verifyAccountCreatedMessage" time="0.203"/>
  <testcase classname="com.ecom.tests.RegisterPageTest_Functional" name="verifyLoggedInAsUsername" time="3.934"/>
  <testcase classname="com.ecom.tests.RegisterPageTest_Functional" name="clickDeleteAccount" time="1.615"/>
  <testcase classname="com.ecom.tests.RegisterPageTest_Functional" name="verifyAccountDeletedMessage" time="0.202"/>
  <testcase classname="com.ecom.tests.RegisterPageTest_Functional" name="clickContinueAfterAccountDeleted" time="2.506"/>
  <testcase classname="com.ecom.tests.SubscriptionHomePageTest_Functional" name="verifySubscriptionIconVisible" time="2.228"/>
  <testcase classname="com.ecom.tests.SubscriptionHomePageTest_Functional" name="verifySubscriptionEmpty" time="0.59"/>
  <testcase classname="com.ecom.tests.SubscriptionHomePageTest_Functional" name="verifySubscriptionInvalid" time="2.723"/>
  <testcase classname="com.ecom.tests.SubscriptionHomePageTest_Functional" name="verifySubscriptionValid" time="0.389"/>
  <testcase classname="com.ecom.tests.SubscriptionHomePageTest_Functional" name="verifySubscriptionUseralreadyExist" time="0.372">
    <failure type="java.lang.AssertionError" message="Subscription success message should NOT be displayed! expected [false] but found [true]">
      <![CDATA[java.lang.AssertionError: Subscription success message should NOT be displayed! expected [false] but found [true]
at com.ecom.tests.SubscriptionHomePageTest_Functional.verifySubscriptionUseralreadyExist(SubscriptionHomePageTest_Functional.java:127)
at java.base/java.util.ArrayList.forEach(ArrayList.java:1511)
... Removed 34 stack frames]]>
    </failure>
  </testcase> <!-- verifySubscriptionUseralreadyExist -->
  <testcase classname="com.ecom.tests.TestCasesPageTest_Functional" name="verifyBrowserLaunch" time="0.226"/>
  <testcase classname="com.ecom.tests.TestCasesPageTest_Functional" name="verifyURLLoad" time="4.325"/>
  <testcase classname="com.ecom.tests.TestCasesPageTest_Functional" name="verifyHomePageVisibility" time="0.309"/>
  <testcase classname="com.ecom.tests.TestCasesPageTest_Functional" name="verifyTestCasesButtonAvailability" time="0.209"/>
  <testcase classname="com.ecom.tests.TestCasesPageTest_Functional" name="verifyNavigationToTestCasesPage" time="1.112"/>
  <testcase classname="com.ecom.tests.TestCasesPageTest_Functional" name="verifyTestCasesPageTitle" time="0.215"/>
  <testcase classname="com.ecom.tests.TestCasesPageTest_Functional" name="verifyTestCasesPageContent" time="0.151"/>
  <testcase classname="com.ecom.tests.TestCasesPageTest_Functional" name="verifyDetailedStepsVisibility" time="0.606"/>
  <testcase classname="com.ecom.tests.TestCasesPageTest_Functional" name="verifyFeedbackSectionPresence" time="0.199"/>
  <testcase classname="com.ecom.tests.TestCasesPageTest_Functional" name="verifyHyperlinksPresence" time="0.206"/>
  <testcase classname="com.ecom.tests.TestCasesPageTest_Functional" name="verifyFeedbackEmailPresence" time="0.221"/>
  <testcase classname="com.ecom.tests.TestCasesPageTest_Functional" name="verifyScrollBarFunctionality" time="0.139"/>
  <testcase classname="com.ecom.tests.TestCasesPageTest_Functional" name="verifyScrollToTopArrowFunctionality" time="0.293"/>
  <testcase classname="com.ecom.tests.TestCasesPageTest_Functional" name="verifySubscriptionWithEmptyEmail" time="10.975"/>
  <testcase classname="com.ecom.tests.TestCasesPageTest_Functional" name="verifySubscriptionWithValidEmail" time="0.677"/>
  <testcase classname="com.ecom.tests.TestCasesPageTest_Functional" name="verifySubscriptionWithInvalidEmail" time="0.569">
    <failure type="java.lang.AssertionError" message="Invalid email should not be accepted: keerthi12gmail.com expected [false] but found [true]">
      <![CDATA[java.lang.AssertionError: Invalid email should not be accepted: keerthi12gmail.com expected [false] but found [true]
at com.ecom.tests.TestCasesPageTest_Functional.verifySubscriptionWithInvalidEmail(TestCasesPageTest_Functional.java:345)
at java.base/java.util.ArrayList.forEach(ArrayList.java:1511)
... Removed 34 stack frames]]>
    </failure>
  </testcase> <!-- verifySubscriptionWithInvalidEmail -->
  <testcase classname="com.ecom.tests.TestCasesPageTest_UI" name="verifyLogoDisplayed" time="1.39"/>
  <testcase classname="com.ecom.tests.TestCasesPageTest_UI" name="verifyProductsIconDisplayed" time="0.317"/>
  <testcase classname="com.ecom.tests.TestCasesPageTest_UI" name="verifyCartIconDisplayed" time="0.218"/>
  <testcase classname="com.ecom.tests.TestCasesPageTest_UI" name="verifySignupLoginIconDisplayed" time="0.232"/>
  <testcase classname="com.ecom.tests.TestCasesPageTest_UI" name="verifyVideoTutorialsIconDisplayed" time="0.195"/>
  <testcase classname="com.ecom.tests.TestCasesPageTest_UI" name="verifyHomeIconDisplayed" time="0.266"/>
  <testcase classname="com.ecom.tests.TestCasesPageTest_UI" name="verifyContactUsIconDisplayed" time="0.138"/>
  <testcase classname="com.ecom.tests.TestCasesPageTest_UI" name="verifyApiTestingIconDisplayed" time="0.144"/>
  <testcase classname="com.ecom.tests.TestCasesPageTest_UI" name="verifyTestCasesSectionDisplayed" time="0.192"/>
  <testcase classname="com.ecom.tests.TestCasesPageTest_UI" name="verifyTestCase1LinkDisplayed" time="0.529"/>
  <testcase classname="com.ecom.tests.TestCasesPageTest_UI" name="verifyTestCase2LinkDisplayed" time="0.511"/>
  <testcase classname="com.ecom.tests.TestCasesPageTest_UI" name="verifyTestCase3LinkDisplayed" time="0.535"/>
  <testcase classname="com.ecom.tests.TestCasesPageTest_UI" name="verifyTestCase4LinkDisplayed" time="0.521"/>
  <testcase classname="com.ecom.tests.TestCasesPageTest_UI" name="verifyTestCase5LinkDisplayed" time="0.555"/>
  <testcase classname="com.ecom.tests.TestCasesPageTest_UI" name="verifyTestCase6LinkDisplayed" time="0.536"/>
  <testcase classname="com.ecom.tests.TestCasesPageTest_UI" name="verifyTestCase7LinkDisplayed" time="0.578"/>
  <testcase classname="com.ecom.tests.TestCasesPageTest_UI" name="verifyTestCase8LinkDisplayed" time="0.594"/>
  <testcase classname="com.ecom.tests.TestCasesPageTest_UI" name="verifyTestCase9LinkDisplayed" time="0.537"/>
  <testcase classname="com.ecom.tests.TestCasesPageTest_UI" name="verifyTestCase10LinkDisplayed" time="0.594"/>
  <testcase classname="com.ecom.tests.TestCasesPageTest_UI" name="verifyTestCase11LinkDisplayed" time="0.524"/>
  <testcase classname="com.ecom.tests.TestCasesPageTest_UI" name="verifyTestCase12LinkDisplayed" time="0.476"/>
  <testcase classname="com.ecom.tests.TestCasesPageTest_UI" name="verifyTestCase13LinkDisplayed" time="0.535"/>
  <testcase classname="com.ecom.tests.TestCasesPageTest_UI" name="verifyTestCase14LinkDisplayed" time="0.568"/>
  <testcase classname="com.ecom.tests.TestCasesPageTest_UI" name="verifyTestCase15LinkDisplayed" time="0.53"/>
  <testcase classname="com.ecom.tests.TestCasesPageTest_UI" name="verifyTestCase16LinkDisplayed" time="0.504"/>
  <testcase classname="com.ecom.tests.TestCasesPageTest_UI" name="verifyTestCase17LinkDisplayed" time="0.513"/>
  <testcase classname="com.ecom.tests.TestCasesPageTest_UI" name="verifyTestCase18LinkDisplayed" time="0.533"/>
  <testcase classname="com.ecom.tests.TestCasesPageTest_UI" name="verifyTestCase19LinkDisplayed" time="0.636"/>
  <testcase classname="com.ecom.tests.TestCasesPageTest_UI" name="verifyTestCase20LinkDisplayed" time="0.553"/>
  <testcase classname="com.ecom.tests.TestCasesPageTest_UI" name="verifyTestCase21LinkDisplayed" time="0.494"/>
  <testcase classname="com.ecom.tests.TestCasesPageTest_UI" name="verifyTestCase22LinkDisplayed" time="0.493"/>
  <testcase classname="com.ecom.tests.TestCasesPageTest_UI" name="verifyTestCase23LinkDisplayed" time="0.53"/>
  <testcase classname="com.ecom.tests.TestCasesPageTest_UI" name="verifyTestCase24LinkDisplayed" time="0.514"/>
  <testcase classname="com.ecom.tests.TestCasesPageTest_UI" name="verifyTestCase25LinkDisplayed" time="0.542"/>
  <testcase classname="com.ecom.tests.TestCasesPageTest_UI" name="verifyTestCase26LinkDisplayed" time="0.497"/>
  <testcase classname="com.ecom.tests.TestCasesPageTest_UI" name="verifyFeedbackSectionDisplayed" time="0.167"/>
  <testcase classname="com.ecom.tests.TestCasesPageTest_UI" name="verifyFeedbackEmailDisplayed" time="0.283"/>
  <testcase classname="com.ecom.tests.TestCasesPageTest_UI" name="verifySubscriptionIconVisible" time="0.191"/>
  <testcase classname="com.ecom.tests.TestCasesPageTest_UI" name="verifySubscriptionEmpty" time="0.619"/>
  <testcase classname="com.ecom.tests.TestCasesPageTest_UI" name="verifySubscriptionInvalid" time="2.53"/>
  <testcase classname="com.ecom.tests.TestCasesPageTest_UI" name="verifySubscriptionValid" time="0.439"/>
  <testcase classname="com.ecom.tests.TestCasesPageTest_UI" name="verifySubscriptionUseralreadyExist" time="0.421">
    <failure type="java.lang.AssertionError" message="Subscription success message should NOT be displayed! expected [false] but found [true]">
      <![CDATA[java.lang.AssertionError: Subscription success message should NOT be displayed! expected [false] but found [true]
at com.ecom.tests.TestCasesPageTest_UI.verifySubscriptionUseralreadyExist(TestCasesPageTest_UI.java:524)
at java.base/java.util.ArrayList.forEach(ArrayList.java:1511)
... Removed 34 stack frames]]>
    </failure>
  </testcase> <!-- verifySubscriptionUseralreadyExist -->
  <testcase classname="com.ecom.tests.TestCasesPageTest_UI" name="verifyScrollToTopButton" time="0.254"/>
  <testcase classname="com.ecom.tests.UI_HomePageTest" name="verifyAutomationEngineerLogoIsVisible" time="4.726"/>
  <testcase classname="com.ecom.tests.UI_HomePageTest" name="verifyProductsButtonIsVisibleAndNavigates" time="11.424"/>
  <testcase classname="com.ecom.tests.UI_HomePageTest" name="verifyCartButtonIsVisibleAndNavigates" time="5.308"/>
  <testcase classname="com.ecom.tests.UI_HomePageTest" name="verifySignupLoginButtonIsVisibleAndNavigates" time="4.645"/>
  <testcase classname="com.ecom.tests.UI_HomePageTest" name="verifyContactUsButtonIsVisibleAndNavigates" time="4.524"/>
  <testcase classname="com.ecom.tests.UI_HomePageTest" name="verifyTestCasesButtonIsVisibleAndNavigates" time="3.56"/>
  <testcase classname="com.ecom.tests.UI_HomePageTest" name="verifyApiTestingButtonIsVisibleAndNavigates" time="4.019"/>
  <testcase classname="com.ecom.tests.UI_HomePageTest" name="verifyVideoTutorialsButtonIsVisibleAndNavigatesAndReturns" time="9.719"/>
  <testcase classname="com.ecom.tests.UI_HomePageTest" name="verifyScrollBarFunctionalityOnHomePage" time="3.3"/>
  <testcase classname="com.ecom.tests.UI_HomePageTest" name="verifyScrollToTopArrowFunctionality" time="6.599"/>
  <testcase classname="com.ecom.tests.UI_HomePageTest" name="verifySubscriptionIconIsVisibleOnHomePage" time="4.551"/>
  <testcase classname="com.ecom.tests.UI_HomePageTest" name="verifySubscriptionScenarios" time="3.342"/>
  <testcase classname="com.ecom.tests.UI_HomePageTest" name="verifySubscriptionScenarios" time="3.134"/>
  <testcase classname="com.ecom.tests.UI_HomePageTest" name="verifySubscriptionScenarios" time="2.731"/>
  <testcase classname="com.ecom.tests.UI_HomePageTest" name="verifySubscriptionScenarios" time="2.439"/>
  <testcase classname="com.ecom.tests.UI_HomePageTest" name="verifyViewProductButtonIsVisible" time="2.064"/>
  <testcase classname="com.ecom.tests.UI_HomePageTest" name="verifyBrandsSectionIsVisible" time="2.048"/>
  <testcase classname="com.ecom.tests.UI_HomePageTest" name="verifyCategorySectionIsVisible" time="1.867"/>
  <testcase classname="com.ecom.tests.UI_HomePageTest" name="verifyFeaturedItemsSectionIsVisible" time="1.994"/>
  <testcase classname="com.ecom.tests.UI_HomePageTest" name="verifyRecommendedItemsSectionIsVisible" time="2.003"/>
  <testcase classname="com.ecom.tests.UI_HomePageTest" name="verifyCarouselIndicatorDotIsVisibleAndWorking" time="1.911"/>
  <testcase classname="com.ecom.tests.UI_LoginPageTest" name="verifyLogoImagePresence" time="1.16"/>
  <testcase classname="com.ecom.tests.UI_LoginPageTest" name="verifySignupButtonPresence" time="0.961"/>
  <testcase classname="com.ecom.tests.UI_LoginPageTest" name="verifySignupWithValidData" time="12.249"/>
  <testcase classname="com.ecom.tests.UI_LoginPageTest" name="verifySignupWithInvalidEmail" time="2.939"/>
  <testcase classname="com.ecom.tests.UI_LoginPageTest" name="verifySignupEdgeCases" time="11.578"/>
  <testcase classname="com.ecom.tests.UI_LoginPageTest" name="verifySignupEdgeCases" time="12.054"/>
  <testcase classname="com.ecom.tests.UI_LoginPageTest" name="verifySignupEdgeCases" time="12.144"/>
  <testcase classname="com.ecom.tests.UI_LoginPageTest" name="verifyLoginButtonIsVisibleOnSignupLoginPage" time="40.44"/>
  <testcase classname="com.ecom.tests.UI_LoginPageTest" name="verifyLoginEdgeCases" time="22.901"/>
  <testcase classname="com.ecom.tests.UI_LoginPageTest" name="verifyLoginEdgeCases" time="22.836"/>
  <testcase classname="com.ecom.tests.UI_LoginPageTest" name="verifyLoginEdgeCases" time="23.401"/>
  <testcase classname="com.ecom.tests.UI_LoginPageTest" name="verifyLoginEdgeCases" time="32.163"/>
  <testcase classname="com.ecom.tests.UI_LoginPageTest" name="verifyLoginEdgeCases" time="32.682"/>
  <testcase classname="com.ecom.tests.UI_LoginPageTest" name="verifyLoginEdgeCases" time="32.376"/>
  <testcase classname="com.ecom.tests.UI_LoginPageTest" name="verifyValidLogin" time="16.733"/>
  <testcase classname="com.ecom.tests.UI_LoginPageTest" name="verifyScrollBarFunctionalityOnSignupLoginPage" time="11.753"/>
  <testcase classname="com.ecom.tests.UI_LoginPageTest" name="verifyScrollToTopArrowFunctionalityOnSignupLoginPage" time="13.894"/>
  <testcase classname="com.ecom.tests.UI_LoginPageTest" name="verifySubscriptionIconIsVisibleOnSignupLoginPage" time="11.8"/>
  <testcase classname="com.ecom.tests.UI_LoginPageTest" name="verifySignupLoginPageLabels" time="11.741"/>
  <testcase classname="com.ecom.tests.UI_LoginPageTest" name="verifyNavigationIconsOnSignupLoginPage" time="11.967"/>
  <testcase classname="com.ecom.tests.UI_ProductPageTest" name="verifyLogoDisplayed" time="4.706"/>
  <testcase classname="com.ecom.tests.UI_ProductPageTest" name="verifyCartIconDisplayed" time="0.254"/>
  <testcase classname="com.ecom.tests.UI_ProductPageTest" name="verifyTestCasesDisplayed" time="0.179"/>
  <testcase classname="com.ecom.tests.UI_ProductPageTest" name="verifySignupLoginIconDisplayed" time="0.132"/>
  <testcase classname="com.ecom.tests.UI_ProductPageTest" name="verifyVideoTutorialsIconDisplayed" time="0.131"/>
  <testcase classname="com.ecom.tests.UI_ProductPageTest" name="verifyHomeIconDisplayed" time="0.16"/>
  <testcase classname="com.ecom.tests.UI_ProductPageTest" name="verifyContactUsIconDisplayed" time="0.142"/>
  <testcase classname="com.ecom.tests.UI_ProductPageTest" name="verifyApiTestingIconDisplayed" time="0.131"/>
  <testcase classname="com.ecom.tests.UI_ProductPageTest" name="verifyPromotionalBannerDisplayed" time="0.154"/>
  <testcase classname="com.ecom.tests.UI_ProductPageTest" name="verifyAllProductSection" time="0.273"/>
  <testcase classname="com.ecom.tests.UI_ProductPageTest" name="verifyAddProductIcon" time="0.283"/>
  <testcase classname="com.ecom.tests.UI_ProductPageTest" name="verifyViewProductIcon" time="0.208"/>
  <testcase classname="com.ecom.tests.UI_ProductPageTest" name="verifyCategorySection" time="0.211"/>
  <testcase classname="com.ecom.tests.UI_ProductPageTest" name="verifyBrandsSection" time="0.232"/>
  <testcase classname="com.ecom.tests.UI_ProductPageTest" name="verifyProductSearch" time="2.623"/>
  <testcase classname="com.ecom.tests.UI_ProductPageTest" name="verifySearchProductsSection" time="0.252"/>
  <testcase classname="com.ecom.tests.UI_ProductPageTest" name="verifyCategoryAndBrandNavigation" time="0.528"/>
  <testcase classname="com.ecom.tests.UI_ProductPageTest" name="verifySubscriptionIconVisible" time="0.188"/>
  <testcase classname="com.ecom.tests.UI_ProductPageTest" name="verifySubscriptionEmpty" time="0.606"/>
  <testcase classname="com.ecom.tests.UI_ProductPageTest" name="verifySubscriptionInvalid" time="2.603"/>
  <testcase classname="com.ecom.tests.UI_ProductPageTest" name="verifySubscriptionValid" time="0.399"/>
  <testcase classname="com.ecom.tests.UI_ProductPageTest" name="verifySubscriptionUseralreadyExist" time="0.381">
    <failure type="java.lang.AssertionError" message="Subscription success message should NOT be displayed! expected [false] but found [true]">
      <![CDATA[java.lang.AssertionError: Subscription success message should NOT be displayed! expected [false] but found [true]
at com.ecom.tests.UI_ProductPageTest.verifySubscriptionUseralreadyExist(UI_ProductPageTest.java:330)
at java.base/java.util.ArrayList.forEach(ArrayList.java:1511)
... Removed 34 stack frames]]>
    </failure>
  </testcase> <!-- verifySubscriptionUseralreadyExist -->
  <testcase classname="com.ecom.tests.UI_ProductPageTest" name="verifyScrollToTopButton" time="0.297"/>
  <testcase classname="com.ecom.Base.BaseTest" name="@AfterSuite endReport" time="0.0">
    <ignored/>
  </testcase> <!-- @AfterSuite endReport -->
  <testcase classname="com.ecom.Base.BaseTest" name="@BeforeSuite startReport" time="0.0">
    <ignored/>
  </testcase> <!-- @BeforeSuite startReport -->
  <testcase classname="com.ecom.Base.BaseTest" name="@AfterSuite endReport" time="0.0">
    <ignored/>
  </testcase> <!-- @AfterSuite endReport -->
  <testcase classname="com.ecom.Base.BaseTest" name="@BeforeSuite startReport" time="0.0">
    <ignored/>
  </testcase> <!-- @BeforeSuite startReport -->
  <testcase classname="com.ecom.Base.BaseTest" name="@AfterSuite endReport" time="0.0">
    <ignored/>
  </testcase> <!-- @AfterSuite endReport -->
  <testcase classname="com.ecom.Base.BaseTest" name="@AfterSuite endReport" time="0.0">
    <ignored/>
  </testcase> <!-- @AfterSuite endReport -->
  <testcase classname="com.ecom.Base.BaseTest" name="@BeforeSuite startReport" time="0.0">
    <ignored/>
  </testcase> <!-- @BeforeSuite startReport -->
  <testcase classname="com.ecom.Base.BaseTest" name="@BeforeSuite startReport" time="0.0">
    <ignored/>
  </testcase> <!-- @BeforeSuite startReport -->
  <testcase classname="com.ecom.Base.BaseTest" name="@BeforeSuite startReport" time="0.0">
    <ignored/>
  </testcase> <!-- @BeforeSuite startReport -->
  <testcase classname="com.ecom.Base.BaseTest" name="@AfterSuite endReport" time="0.0">
    <ignored/>
  </testcase> <!-- @AfterSuite endReport -->
  <testcase classname="com.ecom.Base.BaseTest" name="@BeforeSuite startReport" time="0.0">
    <ignored/>
  </testcase> <!-- @BeforeSuite startReport -->
  <testcase classname="com.ecom.Base.BaseTest" name="@BeforeSuite startReport" time="0.0">
    <ignored/>
  </testcase> <!-- @BeforeSuite startReport -->
  <testcase classname="com.ecom.Base.BaseTest" name="@AfterSuite endReport" time="0.0">
    <ignored/>
  </testcase> <!-- @AfterSuite endReport -->
  <testcase classname="com.ecom.Base.BaseTest" name="@AfterSuite endReport" time="0.0">
    <ignored/>
  </testcase> <!-- @AfterSuite endReport -->
  <testcase classname="com.ecom.Base.BaseTest" name="@BeforeSuite startReport" time="0.0">
    <ignored/>
  </testcase> <!-- @BeforeSuite startReport -->
  <testcase classname="com.ecom.Base.BaseTest" name="@BeforeSuite startReport" time="0.0">
    <ignored/>
  </testcase> <!-- @BeforeSuite startReport -->
  <testcase classname="com.ecom.Base.BaseTest" name="@AfterSuite endReport" time="0.0">
    <ignored/>
  </testcase> <!-- @AfterSuite endReport -->
  <testcase classname="com.ecom.Base.BaseTest" name="@BeforeSuite startReport" time="0.0">
    <ignored/>
  </testcase> <!-- @BeforeSuite startReport -->
  <testcase classname="com.ecom.Base.BaseTest" name="@AfterSuite endReport" time="0.0">
    <ignored/>
  </testcase> <!-- @AfterSuite endReport -->
  <testcase classname="com.ecom.Base.BaseTest" name="@AfterSuite endReport" time="0.0">
    <ignored/>
  </testcase> <!-- @AfterSuite endReport -->
</testsuite> <!-- UI and Functional Test -->
