<?xml version="1.0" encoding="UTF-8"?>
<testng-results ignored="0" total="130" passed="123" failed="7" skipped="0">
  <reporter-output>
  </reporter-output>
  <suite started-at="2025-09-13T12:10:19 IST" name="Suite" finished-at="2025-09-13T12:12:38 IST" duration-ms="139173">
    <groups>
    </groups>
    <test started-at="2025-09-13T12:10:19 IST" name="UI and Functional Test" finished-at="2025-09-13T12:12:38 IST" duration-ms="139173">
      <class name="com.ecom.tests.RegisterPageTest_Functional">
        <test-method is-config="true" signature="setupClass()[pri:0, instance:com.ecom.tests.RegisterPageTest_Functional@e4487af]" started-at="2025-09-13T12:11:14 IST" name="setupClass" finished-at="2025-09-13T12:11:21 IST" duration-ms="6606" status="PASS">
          <reporter-output>
          </reporter-output>
        </test-method> <!-- setupClass -->
        <test-method is-config="true" signature="setUpPage()[pri:0, instance:com.ecom.tests.RegisterPageTest_Functional@e4487af]" started-at="2025-09-13T12:11:21 IST" name="setUpPage" finished-at="2025-09-13T12:11:21 IST" duration-ms="2" status="PASS">
          <reporter-output>
          </reporter-output>
        </test-method> <!-- setUpPage -->
        <test-method signature="verifyBrowserLaunch()[pri:1, instance:com.ecom.tests.RegisterPageTest_Functional@e4487af]" started-at="2025-09-13T12:11:21 IST" name="verifyBrowserLaunch" finished-at="2025-09-13T12:11:21 IST" duration-ms="187" status="PASS">
          <reporter-output>
          </reporter-output>
        </test-method> <!-- verifyBrowserLaunch -->
        <test-method is-config="true" signature="setUpPage()[pri:0, instance:com.ecom.tests.RegisterPageTest_Functional@e4487af]" started-at="2025-09-13T12:11:21 IST" name="setUpPage" finished-at="2025-09-13T12:11:21 IST" duration-ms="1" status="PASS">
          <reporter-output>
          </reporter-output>
        </test-method> <!-- setUpPage -->
        <test-method signature="verifyHomePageVisibility()[pri:2, instance:com.ecom.tests.RegisterPageTest_Functional@e4487af]" started-at="2025-09-13T12:11:21 IST" name="verifyHomePageVisibility" finished-at="2025-09-13T12:11:21 IST" depends-on-methods="com.ecom.tests.RegisterPageTest_Functional.verifyBrowserLaunch" duration-ms="168" status="PASS">
          <reporter-output>
          </reporter-output>
        </test-method> <!-- verifyHomePageVisibility -->
        <test-method is-config="true" signature="setUpPage()[pri:0, instance:com.ecom.tests.RegisterPageTest_Functional@e4487af]" started-at="2025-09-13T12:11:21 IST" name="setUpPage" finished-at="2025-09-13T12:11:21 IST" duration-ms="1" status="PASS">
          <reporter-output>
          </reporter-output>
        </test-method> <!-- setUpPage -->
        <test-method signature="verifySignupLoginButtonAvailability()[pri:3, instance:com.ecom.tests.RegisterPageTest_Functional@e4487af]" started-at="2025-09-13T12:11:21 IST" name="verifySignupLoginButtonAvailability" finished-at="2025-09-13T12:11:22 IST" depends-on-methods="com.ecom.tests.RegisterPageTest_Functional.verifyHomePageVisibility" duration-ms="1056" status="PASS">
          <reporter-output>
          </reporter-output>
        </test-method> <!-- verifySignupLoginButtonAvailability -->
        <test-method signature="verifySignupLoginNavigation()[pri:4, instance:com.ecom.tests.RegisterPageTest_Functional@e4487af]" started-at="2025-09-13T12:11:22 IST" name="verifySignupLoginNavigation" finished-at="2025-09-13T12:11:23 IST" depends-on-methods="com.ecom.tests.RegisterPageTest_Functional.verifySignupLoginButtonAvailability" duration-ms="112" status="PASS">
          <reporter-output>
          </reporter-output>
        </test-method> <!-- verifySignupLoginNavigation -->
        <test-method is-config="true" signature="setUpPage()[pri:0, instance:com.ecom.tests.RegisterPageTest_Functional@e4487af]" started-at="2025-09-13T12:11:22 IST" name="setUpPage" finished-at="2025-09-13T12:11:22 IST" duration-ms="0" status="PASS">
          <reporter-output>
          </reporter-output>
        </test-method> <!-- setUpPage -->
        <test-method signature="verifyNewUserSignupSectionVisibility()[pri:5, instance:com.ecom.tests.RegisterPageTest_Functional@e4487af]" started-at="2025-09-13T12:11:23 IST" name="verifyNewUserSignupSectionVisibility" finished-at="2025-09-13T12:11:23 IST" depends-on-methods="com.ecom.tests.RegisterPageTest_Functional.verifySignupLoginNavigation" duration-ms="166" status="PASS">
          <reporter-output>
          </reporter-output>
        </test-method> <!-- verifyNewUserSignupSectionVisibility -->
        <test-method is-config="true" signature="setUpPage()[pri:0, instance:com.ecom.tests.RegisterPageTest_Functional@e4487af]" started-at="2025-09-13T12:11:23 IST" name="setUpPage" finished-at="2025-09-13T12:11:23 IST" duration-ms="0" status="PASS">
          <reporter-output>
          </reporter-output>
        </test-method> <!-- setUpPage -->
        <test-method signature="verifyExistSignup(java.lang.String,java.lang.String)[pri:6, instance:com.ecom.tests.RegisterPageTest_Functional@e4487af]" started-at="2025-09-13T12:11:23 IST" name="verifyExistSignup" data-provider="accountData1" finished-at="2025-09-13T12:11:25 IST" depends-on-methods="com.ecom.tests.RegisterPageTest_Functional.verifyNewUserSignupSectionVisibility" duration-ms="2319" status="PASS">
          <params>
            <param index="0">
              <value>
                <![CDATA[Test user c]]>
              </value>
            </param>
            <param index="1">
              <value>
                <![CDATA[kaviya@gmail.com]]>
              </value>
            </param>
          </params>
          <reporter-output>
          </reporter-output>
        </test-method> <!-- verifyExistSignup -->
        <test-method is-config="true" signature="setUpPage()[pri:0, instance:com.ecom.tests.RegisterPageTest_Functional@e4487af]" started-at="2025-09-13T12:11:23 IST" name="setUpPage" finished-at="2025-09-13T12:11:23 IST" duration-ms="0" status="PASS">
          <reporter-output>
          </reporter-output>
        </test-method> <!-- setUpPage -->
        <test-method signature="verifyInvalidName(java.lang.String,java.lang.String)[pri:7, instance:com.ecom.tests.RegisterPageTest_Functional@e4487af]" started-at="2025-09-13T12:11:26 IST" name="verifyInvalidName" data-provider="accountData2" finished-at="2025-09-13T12:11:28 IST" duration-ms="2448" status="FAIL">
          <params>
            <param index="0">
              <value>
                <![CDATA[12#3]]>
              </value>
            </param>
            <param index="1">
              <value>
                <![CDATA[kaviya900@gmail.com]]>
              </value>
            </param>
          </params>
          <exception class="java.lang.AssertionError">
            <message>
              <![CDATA[Navigation to Create Account should NOT happen with invalid name]]>
            </message>
            <full-stacktrace>
              <![CDATA[java.lang.AssertionError: Navigation to Create Account should NOT happen with invalid name
at org.testng.Assert.fail(Assert.java:111)
at com.ecom.tests.RegisterPageTest_Functional.verifyInvalidName(RegisterPageTest_Functional.java:106)
at java.base/jdk.internal.reflect.NativeMethodAccessorImpl.invoke0(Native Method)
at java.base/jdk.internal.reflect.NativeMethodAccessorImpl.invoke(NativeMethodAccessorImpl.java:77)
at java.base/jdk.internal.reflect.DelegatingMethodAccessorImpl.invoke(DelegatingMethodAccessorImpl.java:43)
at java.base/java.lang.reflect.Method.invoke(Method.java:568)
at org.testng.internal.invokers.MethodInvocationHelper.invokeMethod(MethodInvocationHelper.java:141)
at org.testng.internal.invokers.TestInvoker.invokeMethod(TestInvoker.java:686)
at org.testng.internal.invokers.TestInvoker.invokeTestMethod(TestInvoker.java:230)
at org.testng.internal.invokers.MethodRunner.runInSequence(MethodRunner.java:63)
at org.testng.internal.invokers.TestInvoker$MethodInvocationAgent.invoke(TestInvoker.java:992)
at org.testng.internal.invokers.TestInvoker.invokeTestMethods(TestInvoker.java:203)
at org.testng.internal.invokers.TestMethodWorker.invokeTestMethods(TestMethodWorker.java:154)
at org.testng.internal.invokers.TestMethodWorker.run(TestMethodWorker.java:134)
at java.base/java.util.ArrayList.forEach(ArrayList.java:1511)
at org.testng.TestRunner.privateRun(TestRunner.java:739)
at org.testng.TestRunner.run(TestRunner.java:614)
at org.testng.SuiteRunner.runTest(SuiteRunner.java:421)
at org.testng.SuiteRunner.runSequentially(SuiteRunner.java:413)
at org.testng.SuiteRunner.privateRun(SuiteRunner.java:373)
at org.testng.SuiteRunner.run(SuiteRunner.java:312)
at org.testng.SuiteRunnerWorker.runSuite(SuiteRunnerWorker.java:52)
at org.testng.SuiteRunnerWorker.run(SuiteRunnerWorker.java:95)
at org.testng.TestNG.runSuitesSequentially(TestNG.java:1274)
at org.testng.TestNG.runSuitesLocally(TestNG.java:1208)
at org.testng.TestNG.runSuites(TestNG.java:1112)
at org.testng.TestNG.run(TestNG.java:1079)
at org.apache.maven.surefire.testng.TestNGExecutor.run(TestNGExecutor.java:308)
at org.apache.maven.surefire.testng.TestNGXmlTestSuite.execute(TestNGXmlTestSuite.java:71)
at org.apache.maven.surefire.testng.TestNGProvider.invoke(TestNGProvider.java:113)
at org.apache.maven.surefire.booter.ForkedBooter.runSuitesInProcess(ForkedBooter.java:385)
at org.apache.maven.surefire.booter.ForkedBooter.execute(ForkedBooter.java:162)
at org.apache.maven.surefire.booter.ForkedBooter.run(ForkedBooter.java:507)
at org.apache.maven.surefire.booter.ForkedBooter.main(ForkedBooter.java:495)
]]>
            </full-stacktrace>
          </exception> <!-- java.lang.AssertionError -->
          <reporter-output>
          </reporter-output>
        </test-method> <!-- verifyInvalidName -->
        <test-method is-config="true" signature="setUpPage()[pri:0, instance:com.ecom.tests.RegisterPageTest_Functional@e4487af]" started-at="2025-09-13T12:11:26 IST" name="setUpPage" finished-at="2025-09-13T12:11:26 IST" duration-ms="0" status="PASS">
          <reporter-output>
          </reporter-output>
        </test-method> <!-- setUpPage -->
        <test-method is-config="true" signature="setUpPage()[pri:0, instance:com.ecom.tests.RegisterPageTest_Functional@e4487af]" started-at="2025-09-13T12:11:28 IST" name="setUpPage" finished-at="2025-09-13T12:11:28 IST" duration-ms="1" status="PASS">
          <reporter-output>
          </reporter-output>
        </test-method> <!-- setUpPage -->
        <test-method signature="verifyInvalidEmail(java.lang.String,java.lang.String)[pri:8, instance:com.ecom.tests.RegisterPageTest_Functional@e4487af]" started-at="2025-09-13T12:11:28 IST" name="verifyInvalidEmail" data-provider="accountData3" finished-at="2025-09-13T12:11:31 IST" duration-ms="2531" status="PASS">
          <params>
            <param index="0">
              <value>
                <![CDATA[kaviya]]>
              </value>
            </param>
            <param index="1">
              <value>
                <![CDATA[kaviya.com]]>
              </value>
            </param>
          </params>
          <reporter-output>
          </reporter-output>
        </test-method> <!-- verifyInvalidEmail -->
        <test-method is-config="true" signature="setUpPage()[pri:0, instance:com.ecom.tests.RegisterPageTest_Functional@e4487af]" started-at="2025-09-13T12:11:31 IST" name="setUpPage" finished-at="2025-09-13T12:11:31 IST" duration-ms="1" status="PASS">
          <reporter-output>
          </reporter-output>
        </test-method> <!-- setUpPage -->
        <test-method signature="verifySignup(java.lang.String,java.lang.String)[pri:9, instance:com.ecom.tests.RegisterPageTest_Functional@e4487af]" started-at="2025-09-13T12:11:31 IST" name="verifySignup" data-provider="accountData4" finished-at="2025-09-13T12:11:34 IST" duration-ms="2750" status="PASS">
          <params>
            <param index="0">
              <value>
                <![CDATA[Test user c]]>
              </value>
            </param>
            <param index="1">
              <value>
                <![CDATA[kavi18177@example.com]]>
              </value>
            </param>
          </params>
          <reporter-output>
          </reporter-output>
        </test-method> <!-- verifySignup -->
        <test-method signature="verifySignuptoCreateAccount()[pri:10, instance:com.ecom.tests.RegisterPageTest_Functional@e4487af]" started-at="2025-09-13T12:11:34 IST" name="verifySignuptoCreateAccount" finished-at="2025-09-13T12:11:34 IST" duration-ms="159" status="PASS">
          <reporter-output>
          </reporter-output>
        </test-method> <!-- verifySignuptoCreateAccount -->
        <test-method is-config="true" signature="setUpPage()[pri:0, instance:com.ecom.tests.RegisterPageTest_Functional@e4487af]" started-at="2025-09-13T12:11:34 IST" name="setUpPage" finished-at="2025-09-13T12:11:34 IST" duration-ms="0" status="PASS">
          <reporter-output>
          </reporter-output>
        </test-method> <!-- setUpPage -->
        <test-method signature="selectTitleTest(java.lang.String)[pri:11, instance:com.ecom.tests.RegisterPageTest_Functional@e4487af]" started-at="2025-09-13T12:11:34 IST" name="selectTitleTest" data-provider="accountData5" finished-at="2025-09-13T12:11:34 IST" duration-ms="286" status="PASS">
          <params>
            <param index="0">
              <value>
                <![CDATA[Mrs]]>
              </value>
            </param>
          </params>
          <reporter-output>
          </reporter-output>
        </test-method> <!-- selectTitleTest -->
        <test-method is-config="true" signature="setUpPage()[pri:0, instance:com.ecom.tests.RegisterPageTest_Functional@e4487af]" started-at="2025-09-13T12:11:34 IST" name="setUpPage" finished-at="2025-09-13T12:11:34 IST" duration-ms="0" status="PASS">
          <reporter-output>
          </reporter-output>
        </test-method> <!-- setUpPage -->
        <test-method is-config="true" signature="setUpPage()[pri:0, instance:com.ecom.tests.RegisterPageTest_Functional@e4487af]" started-at="2025-09-13T12:11:34 IST" name="setUpPage" finished-at="2025-09-13T12:11:34 IST" duration-ms="1" status="PASS">
          <reporter-output>
          </reporter-output>
        </test-method> <!-- setUpPage -->
        <test-method signature="enterPasswordTest(java.lang.String)[pri:12, instance:com.ecom.tests.RegisterPageTest_Functional@e4487af]" started-at="2025-09-13T12:11:34 IST" name="enterPasswordTest" data-provider="accountData6" finished-at="2025-09-13T12:11:35 IST" duration-ms="314" status="PASS">
          <params>
            <param index="0">
              <value>
                <![CDATA[Password@123]]>
              </value>
            </param>
          </params>
          <reporter-output>
          </reporter-output>
        </test-method> <!-- enterPasswordTest -->
        <test-method is-config="true" signature="setUpPage()[pri:0, instance:com.ecom.tests.RegisterPageTest_Functional@e4487af]" started-at="2025-09-13T12:11:35 IST" name="setUpPage" finished-at="2025-09-13T12:11:35 IST" duration-ms="1" status="PASS">
          <reporter-output>
          </reporter-output>
        </test-method> <!-- setUpPage -->
        <test-method signature="selectDateOfBirthTest(java.lang.String,java.lang.String,java.lang.String)[pri:13, instance:com.ecom.tests.RegisterPageTest_Functional@e4487af]" started-at="2025-09-13T12:11:35 IST" name="selectDateOfBirthTest" data-provider="accountData7" finished-at="2025-09-13T12:11:35 IST" duration-ms="477" status="PASS">
          <params>
            <param index="0">
              <value>
                <![CDATA[18]]>
              </value>
            </param>
            <param index="1">
              <value>
                <![CDATA[March]]>
              </value>
            </param>
            <param index="2">
              <value>
                <![CDATA[2006]]>
              </value>
            </param>
          </params>
          <reporter-output>
          </reporter-output>
        </test-method> <!-- selectDateOfBirthTest -->
        <test-method is-config="true" signature="setUpPage()[pri:0, instance:com.ecom.tests.RegisterPageTest_Functional@e4487af]" started-at="2025-09-13T12:11:35 IST" name="setUpPage" finished-at="2025-09-13T12:11:35 IST" duration-ms="1" status="PASS">
          <reporter-output>
          </reporter-output>
        </test-method> <!-- setUpPage -->
        <test-method signature="selectNewsletterTest()[pri:14, instance:com.ecom.tests.RegisterPageTest_Functional@e4487af]" started-at="2025-09-13T12:11:35 IST" name="selectNewsletterTest" finished-at="2025-09-13T12:11:35 IST" duration-ms="293" status="PASS">
          <reporter-output>
          </reporter-output>
        </test-method> <!-- selectNewsletterTest -->
        <test-method is-config="true" signature="setUpPage()[pri:0, instance:com.ecom.tests.RegisterPageTest_Functional@e4487af]" started-at="2025-09-13T12:11:35 IST" name="setUpPage" finished-at="2025-09-13T12:11:35 IST" duration-ms="1" status="PASS">
          <reporter-output>
          </reporter-output>
        </test-method> <!-- setUpPage -->
        <test-method signature="verifySpecialOffersCheckbox()[pri:15, instance:com.ecom.tests.RegisterPageTest_Functional@e4487af]" started-at="2025-09-13T12:11:35 IST" name="verifySpecialOffersCheckbox" finished-at="2025-09-13T12:11:36 IST" duration-ms="296" status="PASS">
          <reporter-output>
          </reporter-output>
        </test-method> <!-- verifySpecialOffersCheckbox -->
        <test-method is-config="true" signature="setUpPage()[pri:0, instance:com.ecom.tests.RegisterPageTest_Functional@e4487af]" started-at="2025-09-13T12:11:36 IST" name="setUpPage" finished-at="2025-09-13T12:11:36 IST" duration-ms="1" status="PASS">
          <reporter-output>
          </reporter-output>
        </test-method> <!-- setUpPage -->
        <test-method signature="verifyAddressHeading()[pri:16, instance:com.ecom.tests.RegisterPageTest_Functional@e4487af]" started-at="2025-09-13T12:11:36 IST" name="verifyAddressHeading" finished-at="2025-09-13T12:11:36 IST" duration-ms="163" status="PASS">
          <reporter-output>
          </reporter-output>
        </test-method> <!-- verifyAddressHeading -->
        <test-method signature="enterFirstName(java.lang.String)[pri:17, instance:com.ecom.tests.RegisterPageTest_Functional@e4487af]" started-at="2025-09-13T12:11:36 IST" name="enterFirstName" data-provider="accountData8" finished-at="2025-09-13T12:11:36 IST" duration-ms="252" status="PASS">
          <params>
            <param index="0">
              <value>
                <![CDATA[Kaviya]]>
              </value>
            </param>
          </params>
          <reporter-output>
          </reporter-output>
        </test-method> <!-- enterFirstName -->
        <test-method is-config="true" signature="setUpPage()[pri:0, instance:com.ecom.tests.RegisterPageTest_Functional@e4487af]" started-at="2025-09-13T12:11:36 IST" name="setUpPage" finished-at="2025-09-13T12:11:36 IST" duration-ms="0" status="PASS">
          <reporter-output>
          </reporter-output>
        </test-method> <!-- setUpPage -->
        <test-method signature="enterLastName(java.lang.String)[pri:18, instance:com.ecom.tests.RegisterPageTest_Functional@e4487af]" started-at="2025-09-13T12:11:36 IST" name="enterLastName" data-provider="accountData9" finished-at="2025-09-13T12:11:36 IST" duration-ms="278" status="PASS">
          <params>
            <param index="0">
              <value>
                <![CDATA[Anjali]]>
              </value>
            </param>
          </params>
          <reporter-output>
          </reporter-output>
        </test-method> <!-- enterLastName -->
        <test-method is-config="true" signature="setUpPage()[pri:0, instance:com.ecom.tests.RegisterPageTest_Functional@e4487af]" started-at="2025-09-13T12:11:36 IST" name="setUpPage" finished-at="2025-09-13T12:11:36 IST" duration-ms="0" status="PASS">
          <reporter-output>
          </reporter-output>
        </test-method> <!-- setUpPage -->
        <test-method is-config="true" signature="setUpPage()[pri:0, instance:com.ecom.tests.RegisterPageTest_Functional@e4487af]" started-at="2025-09-13T12:11:37 IST" name="setUpPage" finished-at="2025-09-13T12:11:37 IST" duration-ms="0" status="PASS">
          <reporter-output>
          </reporter-output>
        </test-method> <!-- setUpPage -->
        <test-method signature="enterCompany(java.lang.String)[pri:19, instance:com.ecom.tests.RegisterPageTest_Functional@e4487af]" started-at="2025-09-13T12:11:37 IST" name="enterCompany" data-provider="accountData10" finished-at="2025-09-13T12:11:37 IST" duration-ms="245" status="PASS">
          <params>
            <param index="0">
              <value>
                <![CDATA[CGI]]>
              </value>
            </param>
          </params>
          <reporter-output>
          </reporter-output>
        </test-method> <!-- enterCompany -->
        <test-method signature="enterAddress1(java.lang.String)[pri:20, instance:com.ecom.tests.RegisterPageTest_Functional@e4487af]" started-at="2025-09-13T12:11:37 IST" name="enterAddress1" data-provider="accountData11" finished-at="2025-09-13T12:11:37 IST" duration-ms="255" status="PASS">
          <params>
            <param index="0">
              <value>
                <![CDATA[123 Main Street]]>
              </value>
            </param>
          </params>
          <reporter-output>
          </reporter-output>
        </test-method> <!-- enterAddress1 -->
        <test-method is-config="true" signature="setUpPage()[pri:0, instance:com.ecom.tests.RegisterPageTest_Functional@e4487af]" started-at="2025-09-13T12:11:37 IST" name="setUpPage" finished-at="2025-09-13T12:11:37 IST" duration-ms="0" status="PASS">
          <reporter-output>
          </reporter-output>
        </test-method> <!-- setUpPage -->
        <test-method is-config="true" signature="setUpPage()[pri:0, instance:com.ecom.tests.RegisterPageTest_Functional@e4487af]" started-at="2025-09-13T12:11:37 IST" name="setUpPage" finished-at="2025-09-13T12:11:37 IST" duration-ms="1" status="PASS">
          <reporter-output>
          </reporter-output>
        </test-method> <!-- setUpPage -->
        <test-method signature="enterAddress2(java.lang.String)[pri:21, instance:com.ecom.tests.RegisterPageTest_Functional@e4487af]" started-at="2025-09-13T12:11:37 IST" name="enterAddress2" data-provider="accountData12" finished-at="2025-09-13T12:11:37 IST" duration-ms="315" status="PASS">
          <params>
            <param index="0">
              <value>
                <![CDATA[Block C]]>
              </value>
            </param>
          </params>
          <reporter-output>
          </reporter-output>
        </test-method> <!-- enterAddress2 -->
        <test-method is-config="true" signature="setUpPage()[pri:0, instance:com.ecom.tests.RegisterPageTest_Functional@e4487af]" started-at="2025-09-13T12:11:37 IST" name="setUpPage" finished-at="2025-09-13T12:11:37 IST" duration-ms="0" status="PASS">
          <reporter-output>
          </reporter-output>
        </test-method> <!-- setUpPage -->
        <test-method signature="selectCountry(java.lang.String)[pri:22, instance:com.ecom.tests.RegisterPageTest_Functional@e4487af]" started-at="2025-09-13T12:11:37 IST" name="selectCountry" data-provider="accountData13" finished-at="2025-09-13T12:11:38 IST" duration-ms="240" status="PASS">
          <params>
            <param index="0">
              <value>
                <![CDATA[India]]>
              </value>
            </param>
          </params>
          <reporter-output>
          </reporter-output>
        </test-method> <!-- selectCountry -->
        <test-method is-config="true" signature="setUpPage()[pri:0, instance:com.ecom.tests.RegisterPageTest_Functional@e4487af]" started-at="2025-09-13T12:11:38 IST" name="setUpPage" finished-at="2025-09-13T12:11:38 IST" duration-ms="1" status="PASS">
          <reporter-output>
          </reporter-output>
        </test-method> <!-- setUpPage -->
        <test-method signature="enterState(java.lang.String)[pri:23, instance:com.ecom.tests.RegisterPageTest_Functional@e4487af]" started-at="2025-09-13T12:11:38 IST" name="enterState" data-provider="accountData14" finished-at="2025-09-13T12:11:38 IST" duration-ms="308" status="PASS">
          <params>
            <param index="0">
              <value>
                <![CDATA[Tamil Nadu]]>
              </value>
            </param>
          </params>
          <reporter-output>
          </reporter-output>
        </test-method> <!-- enterState -->
        <test-method is-config="true" signature="setUpPage()[pri:0, instance:com.ecom.tests.RegisterPageTest_Functional@e4487af]" started-at="2025-09-13T12:11:38 IST" name="setUpPage" finished-at="2025-09-13T12:11:38 IST" duration-ms="1" status="PASS">
          <reporter-output>
          </reporter-output>
        </test-method> <!-- setUpPage -->
        <test-method signature="enterCity(java.lang.String)[pri:24, instance:com.ecom.tests.RegisterPageTest_Functional@e4487af]" started-at="2025-09-13T12:11:38 IST" name="enterCity" data-provider="accountData15" finished-at="2025-09-13T12:11:38 IST" duration-ms="265" status="PASS">
          <params>
            <param index="0">
              <value>
                <![CDATA[Chennai]]>
              </value>
            </param>
          </params>
          <reporter-output>
          </reporter-output>
        </test-method> <!-- enterCity -->
        <test-method signature="enterZipcode(java.lang.String)[pri:25, instance:com.ecom.tests.RegisterPageTest_Functional@e4487af]" started-at="2025-09-13T12:11:38 IST" name="enterZipcode" data-provider="accountData16" finished-at="2025-09-13T12:11:39 IST" duration-ms="320" status="PASS">
          <params>
            <param index="0">
              <value>
                <![CDATA[560001]]>
              </value>
            </param>
          </params>
          <reporter-output>
          </reporter-output>
        </test-method> <!-- enterZipcode -->
        <test-method is-config="true" signature="setUpPage()[pri:0, instance:com.ecom.tests.RegisterPageTest_Functional@e4487af]" started-at="2025-09-13T12:11:38 IST" name="setUpPage" finished-at="2025-09-13T12:11:38 IST" duration-ms="0" status="PASS">
          <reporter-output>
          </reporter-output>
        </test-method> <!-- setUpPage -->
        <test-method signature="enterMobile(java.lang.String)[pri:26, instance:com.ecom.tests.RegisterPageTest_Functional@e4487af]" started-at="2025-09-13T12:11:39 IST" name="enterMobile" data-provider="accountData17" finished-at="2025-09-13T12:11:39 IST" duration-ms="250" status="PASS">
          <params>
            <param index="0">
              <value>
                <![CDATA[1234567891]]>
              </value>
            </param>
          </params>
          <reporter-output>
          </reporter-output>
        </test-method> <!-- enterMobile -->
        <test-method is-config="true" signature="setUpPage()[pri:0, instance:com.ecom.tests.RegisterPageTest_Functional@e4487af]" started-at="2025-09-13T12:11:39 IST" name="setUpPage" finished-at="2025-09-13T12:11:39 IST" duration-ms="0" status="PASS">
          <reporter-output>
          </reporter-output>
        </test-method> <!-- setUpPage -->
        <test-method is-config="true" signature="setUpPage()[pri:0, instance:com.ecom.tests.RegisterPageTest_Functional@e4487af]" started-at="2025-09-13T12:11:39 IST" name="setUpPage" finished-at="2025-09-13T12:11:39 IST" duration-ms="0" status="PASS">
          <reporter-output>
          </reporter-output>
        </test-method> <!-- setUpPage -->
        <test-method signature="clickCreateAccountButton()[pri:27, instance:com.ecom.tests.RegisterPageTest_Functional@e4487af]" started-at="2025-09-13T12:11:39 IST" name="clickCreateAccountButton" finished-at="2025-09-13T12:11:42 IST" duration-ms="2815" status="PASS">
          <reporter-output>
          </reporter-output>
        </test-method> <!-- clickCreateAccountButton -->
        <test-method signature="verifyAccountCreatedMessage()[pri:28, instance:com.ecom.tests.RegisterPageTest_Functional@e4487af]" started-at="2025-09-13T12:11:42 IST" name="verifyAccountCreatedMessage" finished-at="2025-09-13T12:11:42 IST" duration-ms="208" status="PASS">
          <reporter-output>
          </reporter-output>
        </test-method> <!-- verifyAccountCreatedMessage -->
        <test-method is-config="true" signature="setUpPage()[pri:0, instance:com.ecom.tests.RegisterPageTest_Functional@e4487af]" started-at="2025-09-13T12:11:42 IST" name="setUpPage" finished-at="2025-09-13T12:11:42 IST" duration-ms="0" status="PASS">
          <reporter-output>
          </reporter-output>
        </test-method> <!-- setUpPage -->
        <test-method signature="verifyLoggedInAsUsername()[pri:29, instance:com.ecom.tests.RegisterPageTest_Functional@e4487af]" started-at="2025-09-13T12:11:42 IST" name="verifyLoggedInAsUsername" finished-at="2025-09-13T12:11:46 IST" duration-ms="4184" status="PASS">
          <reporter-output>
          </reporter-output>
        </test-method> <!-- verifyLoggedInAsUsername -->
        <test-method is-config="true" signature="setUpPage()[pri:0, instance:com.ecom.tests.RegisterPageTest_Functional@e4487af]" started-at="2025-09-13T12:11:42 IST" name="setUpPage" finished-at="2025-09-13T12:11:42 IST" duration-ms="0" status="PASS">
          <reporter-output>
          </reporter-output>
        </test-method> <!-- setUpPage -->
        <test-method signature="clickDeleteAccount()[pri:30, instance:com.ecom.tests.RegisterPageTest_Functional@e4487af]" started-at="2025-09-13T12:11:46 IST" name="clickDeleteAccount" finished-at="2025-09-13T12:11:48 IST" duration-ms="1876" status="PASS">
          <reporter-output>
          </reporter-output>
        </test-method> <!-- clickDeleteAccount -->
        <test-method is-config="true" signature="setUpPage()[pri:0, instance:com.ecom.tests.RegisterPageTest_Functional@e4487af]" started-at="2025-09-13T12:11:46 IST" name="setUpPage" finished-at="2025-09-13T12:11:46 IST" duration-ms="0" status="PASS">
          <reporter-output>
          </reporter-output>
        </test-method> <!-- setUpPage -->
        <test-method signature="verifyAccountDeletedMessage()[pri:31, instance:com.ecom.tests.RegisterPageTest_Functional@e4487af]" started-at="2025-09-13T12:11:48 IST" name="verifyAccountDeletedMessage" finished-at="2025-09-13T12:11:48 IST" duration-ms="207" status="PASS">
          <reporter-output>
          </reporter-output>
        </test-method> <!-- verifyAccountDeletedMessage -->
        <test-method is-config="true" signature="setUpPage()[pri:0, instance:com.ecom.tests.RegisterPageTest_Functional@e4487af]" started-at="2025-09-13T12:11:48 IST" name="setUpPage" finished-at="2025-09-13T12:11:48 IST" duration-ms="0" status="PASS">
          <reporter-output>
          </reporter-output>
        </test-method> <!-- setUpPage -->
        <test-method is-config="true" signature="setUpPage()[pri:0, instance:com.ecom.tests.RegisterPageTest_Functional@e4487af]" started-at="2025-09-13T12:11:48 IST" name="setUpPage" finished-at="2025-09-13T12:11:48 IST" duration-ms="1" status="PASS">
          <reporter-output>
          </reporter-output>
        </test-method> <!-- setUpPage -->
        <test-method signature="clickContinueAfterAccountDeleted()[pri:32, instance:com.ecom.tests.RegisterPageTest_Functional@e4487af]" started-at="2025-09-13T12:11:48 IST" name="clickContinueAfterAccountDeleted" finished-at="2025-09-13T12:11:52 IST" duration-ms="3712" status="PASS">
          <reporter-output>
          </reporter-output>
        </test-method> <!-- clickContinueAfterAccountDeleted -->
        <test-method is-config="true" signature="teardownClass()[pri:0, instance:com.ecom.tests.RegisterPageTest_Functional@e4487af]" started-at="2025-09-13T12:11:52 IST" name="teardownClass" finished-at="2025-09-13T12:11:53 IST" duration-ms="599" status="PASS">
          <reporter-output>
          </reporter-output>
        </test-method> <!-- teardownClass -->
      </class> <!-- com.ecom.tests.RegisterPageTest_Functional -->
      <class name="com.ecom.tests.ContactUsPageTest_Functional">
        <test-method is-config="true" signature="setupClass()[pri:0, instance:com.ecom.tests.ContactUsPageTest_Functional@5c671d7f]" started-at="2025-09-13T12:10:45 IST" name="setupClass" finished-at="2025-09-13T12:10:50 IST" duration-ms="5396" status="PASS">
          <reporter-output>
          </reporter-output>
        </test-method> <!-- setupClass -->
        <test-method is-config="true" signature="setUpPage()[pri:0, instance:com.ecom.tests.ContactUsPageTest_Functional@5c671d7f]" started-at="2025-09-13T12:10:50 IST" name="setUpPage" finished-at="2025-09-13T12:10:50 IST" duration-ms="1" status="PASS">
          <reporter-output>
          </reporter-output>
        </test-method> <!-- setUpPage -->
        <test-method signature="verifyBrowserLaunch()[pri:1, instance:com.ecom.tests.ContactUsPageTest_Functional@5c671d7f]" started-at="2025-09-13T12:10:50 IST" name="verifyBrowserLaunch" finished-at="2025-09-13T12:10:50 IST" duration-ms="185" status="PASS">
          <reporter-output>
          </reporter-output>
        </test-method> <!-- verifyBrowserLaunch -->
        <test-method is-config="true" signature="setUpPage()[pri:0, instance:com.ecom.tests.ContactUsPageTest_Functional@5c671d7f]" started-at="2025-09-13T12:10:50 IST" name="setUpPage" finished-at="2025-09-13T12:10:50 IST" duration-ms="1" status="PASS">
          <reporter-output>
          </reporter-output>
        </test-method> <!-- setUpPage -->
        <test-method signature="verifyContactUsIcon()[pri:2, instance:com.ecom.tests.ContactUsPageTest_Functional@5c671d7f]" started-at="2025-09-13T12:10:50 IST" name="verifyContactUsIcon" finished-at="2025-09-13T12:10:53 IST" duration-ms="2101" status="PASS">
          <reporter-output>
          </reporter-output>
        </test-method> <!-- verifyContactUsIcon -->
        <test-method is-config="true" signature="setUpPage()[pri:0, instance:com.ecom.tests.ContactUsPageTest_Functional@5c671d7f]" started-at="2025-09-13T12:10:53 IST" name="setUpPage" finished-at="2025-09-13T12:10:53 IST" duration-ms="1" status="PASS">
          <reporter-output>
          </reporter-output>
        </test-method> <!-- setUpPage -->
        <test-method signature="enterName(java.lang.String)[pri:3, instance:com.ecom.tests.ContactUsPageTest_Functional@5c671d7f]" started-at="2025-09-13T12:10:53 IST" name="enterName" data-provider="contactData1" finished-at="2025-09-13T12:10:53 IST" duration-ms="404" status="PASS">
          <params>
            <param index="0">
              <value>
                <![CDATA[Kaviya]]>
              </value>
            </param>
          </params>
          <reporter-output>
          </reporter-output>
        </test-method> <!-- enterName -->
        <test-method is-config="true" signature="setUpPage()[pri:0, instance:com.ecom.tests.ContactUsPageTest_Functional@5c671d7f]" started-at="2025-09-13T12:10:53 IST" name="setUpPage" finished-at="2025-09-13T12:10:53 IST" duration-ms="1" status="PASS">
          <reporter-output>
          </reporter-output>
        </test-method> <!-- setUpPage -->
        <test-method signature="enterSubject(java.lang.String)[pri:4, instance:com.ecom.tests.ContactUsPageTest_Functional@5c671d7f]" started-at="2025-09-13T12:10:53 IST" name="enterSubject" data-provider="contactData3" finished-at="2025-09-13T12:10:54 IST" duration-ms="366" status="PASS">
          <params>
            <param index="0">
              <value>
                <![CDATA[Enquiry]]>
              </value>
            </param>
          </params>
          <reporter-output>
          </reporter-output>
        </test-method> <!-- enterSubject -->
        <test-method is-config="true" signature="setUpPage()[pri:0, instance:com.ecom.tests.ContactUsPageTest_Functional@5c671d7f]" started-at="2025-09-13T12:10:54 IST" name="setUpPage" finished-at="2025-09-13T12:10:54 IST" duration-ms="0" status="PASS">
          <reporter-output>
          </reporter-output>
        </test-method> <!-- setUpPage -->
        <test-method signature="enterMessage(java.lang.String)[pri:5, instance:com.ecom.tests.ContactUsPageTest_Functional@5c671d7f]" started-at="2025-09-13T12:10:54 IST" name="enterMessage" data-provider="contactData4" finished-at="2025-09-13T12:10:54 IST" duration-ms="397" status="PASS">
          <params>
            <param index="0">
              <value>
                <![CDATA[I want to know about products.]]>
              </value>
            </param>
          </params>
          <reporter-output>
          </reporter-output>
        </test-method> <!-- enterMessage -->
        <test-method is-config="true" signature="setUpPage()[pri:0, instance:com.ecom.tests.ContactUsPageTest_Functional@5c671d7f]" started-at="2025-09-13T12:10:54 IST" name="setUpPage" finished-at="2025-09-13T12:10:54 IST" duration-ms="1" status="PASS">
          <reporter-output>
          </reporter-output>
        </test-method> <!-- setUpPage -->
        <test-method signature="uploadFile()[pri:6, instance:com.ecom.tests.ContactUsPageTest_Functional@5c671d7f]" started-at="2025-09-13T12:10:54 IST" name="uploadFile" finished-at="2025-09-13T12:10:54 IST" duration-ms="219" status="PASS">
          <reporter-output>
          </reporter-output>
        </test-method> <!-- uploadFile -->
        <test-method is-config="true" signature="setUpPage()[pri:0, instance:com.ecom.tests.ContactUsPageTest_Functional@5c671d7f]" started-at="2025-09-13T12:10:54 IST" name="setUpPage" finished-at="2025-09-13T12:10:54 IST" duration-ms="0" status="PASS">
          <reporter-output>
          </reporter-output>
        </test-method> <!-- setUpPage -->
        <test-method signature="verifyEmailEmpty(java.lang.String,java.lang.String,java.lang.String)[pri:7, instance:com.ecom.tests.ContactUsPageTest_Functional@5c671d7f]" started-at="2025-09-13T12:10:54 IST" name="verifyEmailEmpty" data-provider="emptyEmailData" finished-at="2025-09-13T12:10:56 IST" duration-ms="1107" status="PASS">
          <params>
            <param index="0">
              <value>
                <![CDATA[kaviya]]>
              </value>
            </param>
            <param index="1">
              <value>
                <![CDATA[Review]]>
              </value>
            </param>
            <param index="2">
              <value>
                <![CDATA[Cant able to view review product]]>
              </value>
            </param>
          </params>
          <reporter-output>
          </reporter-output>
        </test-method> <!-- verifyEmailEmpty -->
        <test-method signature="verifyEmailInvalid(java.lang.String,java.lang.String,java.lang.String,java.lang.String)[pri:8, instance:com.ecom.tests.ContactUsPageTest_Functional@5c671d7f]" started-at="2025-09-13T12:10:56 IST" name="verifyEmailInvalid" data-provider="invalidEmailContactData" finished-at="2025-09-13T12:10:58 IST" duration-ms="2335" status="PASS">
          <params>
            <param index="0">
              <value>
                <![CDATA[kaviya]]>
              </value>
            </param>
            <param index="1">
              <value>
                <![CDATA[kaviya.com]]>
              </value>
            </param>
            <param index="2">
              <value>
                <![CDATA[Review]]>
              </value>
            </param>
            <param index="3">
              <value>
                <![CDATA[Cant able to view review product]]>
              </value>
            </param>
          </params>
          <reporter-output>
          </reporter-output>
        </test-method> <!-- verifyEmailInvalid -->
        <test-method is-config="true" signature="setUpPage()[pri:0, instance:com.ecom.tests.ContactUsPageTest_Functional@5c671d7f]" started-at="2025-09-13T12:10:56 IST" name="setUpPage" finished-at="2025-09-13T12:10:56 IST" duration-ms="0" status="PASS">
          <reporter-output>
          </reporter-output>
        </test-method> <!-- setUpPage -->
        <test-method is-config="true" signature="setUpPage()[pri:0, instance:com.ecom.tests.ContactUsPageTest_Functional@5c671d7f]" started-at="2025-09-13T12:10:58 IST" name="setUpPage" finished-at="2025-09-13T12:10:58 IST" duration-ms="5" status="PASS">
          <reporter-output>
          </reporter-output>
        </test-method> <!-- setUpPage -->
        <test-method signature="enterEmail(java.lang.String)[pri:9, instance:com.ecom.tests.ContactUsPageTest_Functional@5c671d7f]" started-at="2025-09-13T12:10:58 IST" name="enterEmail" data-provider="contactData2" finished-at="2025-09-13T12:10:59 IST" duration-ms="669" status="PASS">
          <params>
            <param index="0">
              <value>
                <![CDATA[kaviya@gmail.com]]>
              </value>
            </param>
          </params>
          <reporter-output>
          </reporter-output>
        </test-method> <!-- enterEmail -->
        <test-method signature="submitForm()[pri:10, instance:com.ecom.tests.ContactUsPageTest_Functional@5c671d7f]" started-at="2025-09-13T12:10:59 IST" name="submitForm" finished-at="2025-09-13T12:10:59 IST" duration-ms="478" status="PASS">
          <reporter-output>
          </reporter-output>
        </test-method> <!-- submitForm -->
        <test-method is-config="true" signature="setUpPage()[pri:0, instance:com.ecom.tests.ContactUsPageTest_Functional@5c671d7f]" started-at="2025-09-13T12:10:59 IST" name="setUpPage" finished-at="2025-09-13T12:10:59 IST" duration-ms="0" status="PASS">
          <reporter-output>
          </reporter-output>
        </test-method> <!-- setUpPage -->
        <test-method is-config="true" signature="setUpPage()[pri:0, instance:com.ecom.tests.ContactUsPageTest_Functional@5c671d7f]" started-at="2025-09-13T12:11:00 IST" name="setUpPage" finished-at="2025-09-13T12:11:00 IST" duration-ms="1" status="PASS">
          <reporter-output>
          </reporter-output>
        </test-method> <!-- setUpPage -->
        <test-method signature="verifyNameInvalid(java.lang.String,java.lang.String,java.lang.String,java.lang.String)[pri:11, instance:com.ecom.tests.ContactUsPageTest_Functional@5c671d7f]" started-at="2025-09-13T12:11:00 IST" name="verifyNameInvalid" data-provider="invalidNameContactData" finished-at="2025-09-13T12:11:03 IST" duration-ms="3795" status="FAIL">
          <params>
            <param index="0">
              <value>
                <![CDATA[12#]]>
              </value>
            </param>
            <param index="1">
              <value>
                <![CDATA[kaviya@gmail.com]]>
              </value>
            </param>
            <param index="2">
              <value>
                <![CDATA[Review]]>
              </value>
            </param>
            <param index="3">
              <value>
                <![CDATA[Cant able to view review product]]>
              </value>
            </param>
          </params>
          <exception class="java.lang.AssertionError">
            <message>
              <![CDATA[Success message should NOT be displayed and pop should rise as Invalid Name expected [false] but found [true]]]>
            </message>
            <full-stacktrace>
              <![CDATA[java.lang.AssertionError: Success message should NOT be displayed and pop should rise as Invalid Name expected [false] but found [true]
at org.testng.Assert.fail(Assert.java:111)
at org.testng.Assert.failNotEquals(Assert.java:1578)
at org.testng.Assert.assertFalse(Assert.java:79)
at com.ecom.tests.ContactUsPageTest_Functional.verifyNameInvalid(ContactUsPageTest_Functional.java:187)
at java.base/jdk.internal.reflect.NativeMethodAccessorImpl.invoke0(Native Method)
at java.base/jdk.internal.reflect.NativeMethodAccessorImpl.invoke(NativeMethodAccessorImpl.java:77)
at java.base/jdk.internal.reflect.DelegatingMethodAccessorImpl.invoke(DelegatingMethodAccessorImpl.java:43)
at java.base/java.lang.reflect.Method.invoke(Method.java:568)
at org.testng.internal.invokers.MethodInvocationHelper.invokeMethod(MethodInvocationHelper.java:141)
at org.testng.internal.invokers.TestInvoker.invokeMethod(TestInvoker.java:686)
at org.testng.internal.invokers.TestInvoker.invokeTestMethod(TestInvoker.java:230)
at org.testng.internal.invokers.MethodRunner.runInSequence(MethodRunner.java:63)
at org.testng.internal.invokers.TestInvoker$MethodInvocationAgent.invoke(TestInvoker.java:992)
at org.testng.internal.invokers.TestInvoker.invokeTestMethods(TestInvoker.java:203)
at org.testng.internal.invokers.TestMethodWorker.invokeTestMethods(TestMethodWorker.java:154)
at org.testng.internal.invokers.TestMethodWorker.run(TestMethodWorker.java:134)
at java.base/java.util.ArrayList.forEach(ArrayList.java:1511)
at org.testng.TestRunner.privateRun(TestRunner.java:739)
at org.testng.TestRunner.run(TestRunner.java:614)
at org.testng.SuiteRunner.runTest(SuiteRunner.java:421)
at org.testng.SuiteRunner.runSequentially(SuiteRunner.java:413)
at org.testng.SuiteRunner.privateRun(SuiteRunner.java:373)
at org.testng.SuiteRunner.run(SuiteRunner.java:312)
at org.testng.SuiteRunnerWorker.runSuite(SuiteRunnerWorker.java:52)
at org.testng.SuiteRunnerWorker.run(SuiteRunnerWorker.java:95)
at org.testng.TestNG.runSuitesSequentially(TestNG.java:1274)
at org.testng.TestNG.runSuitesLocally(TestNG.java:1208)
at org.testng.TestNG.runSuites(TestNG.java:1112)
at org.testng.TestNG.run(TestNG.java:1079)
at org.apache.maven.surefire.testng.TestNGExecutor.run(TestNGExecutor.java:308)
at org.apache.maven.surefire.testng.TestNGXmlTestSuite.execute(TestNGXmlTestSuite.java:71)
at org.apache.maven.surefire.testng.TestNGProvider.invoke(TestNGProvider.java:113)
at org.apache.maven.surefire.booter.ForkedBooter.runSuitesInProcess(ForkedBooter.java:385)
at org.apache.maven.surefire.booter.ForkedBooter.execute(ForkedBooter.java:162)
at org.apache.maven.surefire.booter.ForkedBooter.run(ForkedBooter.java:507)
at org.apache.maven.surefire.booter.ForkedBooter.main(ForkedBooter.java:495)
]]>
            </full-stacktrace>
          </exception> <!-- java.lang.AssertionError -->
          <reporter-output>
          </reporter-output>
        </test-method> <!-- verifyNameInvalid -->
        <test-method is-config="true" signature="setUpPage()[pri:0, instance:com.ecom.tests.ContactUsPageTest_Functional@5c671d7f]" started-at="2025-09-13T12:11:03 IST" name="setUpPage" finished-at="2025-09-13T12:11:03 IST" duration-ms="1" status="PASS">
          <reporter-output>
          </reporter-output>
        </test-method> <!-- setUpPage -->
        <test-method signature="verifyNoFileAttach(java.lang.String,java.lang.String,java.lang.String,java.lang.String)[pri:12, instance:com.ecom.tests.ContactUsPageTest_Functional@5c671d7f]" started-at="2025-09-13T12:11:03 IST" name="verifyNoFileAttach" data-provider="NoFileAttachContactData" finished-at="2025-09-13T12:11:06 IST" duration-ms="2438" status="FAIL">
          <params>
            <param index="0">
              <value>
                <![CDATA[kaviya]]>
              </value>
            </param>
            <param index="1">
              <value>
                <![CDATA[kaviya@gmail.com]]>
              </value>
            </param>
            <param index="2">
              <value>
                <![CDATA[Review]]>
              </value>
            </param>
            <param index="3">
              <value>
                <![CDATA[Cant able to view review product]]>
              </value>
            </param>
          </params>
          <exception class="java.lang.AssertionError">
            <message>
              <![CDATA[Success message should NOT be displayed and pop should rise as Invalid Name expected [false] but found [true]]]>
            </message>
            <full-stacktrace>
              <![CDATA[java.lang.AssertionError: Success message should NOT be displayed and pop should rise as Invalid Name expected [false] but found [true]
at org.testng.Assert.fail(Assert.java:111)
at org.testng.Assert.failNotEquals(Assert.java:1578)
at org.testng.Assert.assertFalse(Assert.java:79)
at com.ecom.tests.ContactUsPageTest_Functional.verifyNoFileAttach(ContactUsPageTest_Functional.java:213)
at java.base/jdk.internal.reflect.NativeMethodAccessorImpl.invoke0(Native Method)
at java.base/jdk.internal.reflect.NativeMethodAccessorImpl.invoke(NativeMethodAccessorImpl.java:77)
at java.base/jdk.internal.reflect.DelegatingMethodAccessorImpl.invoke(DelegatingMethodAccessorImpl.java:43)
at java.base/java.lang.reflect.Method.invoke(Method.java:568)
at org.testng.internal.invokers.MethodInvocationHelper.invokeMethod(MethodInvocationHelper.java:141)
at org.testng.internal.invokers.TestInvoker.invokeMethod(TestInvoker.java:686)
at org.testng.internal.invokers.TestInvoker.invokeTestMethod(TestInvoker.java:230)
at org.testng.internal.invokers.MethodRunner.runInSequence(MethodRunner.java:63)
at org.testng.internal.invokers.TestInvoker$MethodInvocationAgent.invoke(TestInvoker.java:992)
at org.testng.internal.invokers.TestInvoker.invokeTestMethods(TestInvoker.java:203)
at org.testng.internal.invokers.TestMethodWorker.invokeTestMethods(TestMethodWorker.java:154)
at org.testng.internal.invokers.TestMethodWorker.run(TestMethodWorker.java:134)
at java.base/java.util.ArrayList.forEach(ArrayList.java:1511)
at org.testng.TestRunner.privateRun(TestRunner.java:739)
at org.testng.TestRunner.run(TestRunner.java:614)
at org.testng.SuiteRunner.runTest(SuiteRunner.java:421)
at org.testng.SuiteRunner.runSequentially(SuiteRunner.java:413)
at org.testng.SuiteRunner.privateRun(SuiteRunner.java:373)
at org.testng.SuiteRunner.run(SuiteRunner.java:312)
at org.testng.SuiteRunnerWorker.runSuite(SuiteRunnerWorker.java:52)
at org.testng.SuiteRunnerWorker.run(SuiteRunnerWorker.java:95)
at org.testng.TestNG.runSuitesSequentially(TestNG.java:1274)
at org.testng.TestNG.runSuitesLocally(TestNG.java:1208)
at org.testng.TestNG.runSuites(TestNG.java:1112)
at org.testng.TestNG.run(TestNG.java:1079)
at org.apache.maven.surefire.testng.TestNGExecutor.run(TestNGExecutor.java:308)
at org.apache.maven.surefire.testng.TestNGXmlTestSuite.execute(TestNGXmlTestSuite.java:71)
at org.apache.maven.surefire.testng.TestNGProvider.invoke(TestNGProvider.java:113)
at org.apache.maven.surefire.booter.ForkedBooter.runSuitesInProcess(ForkedBooter.java:385)
at org.apache.maven.surefire.booter.ForkedBooter.execute(ForkedBooter.java:162)
at org.apache.maven.surefire.booter.ForkedBooter.run(ForkedBooter.java:507)
at org.apache.maven.surefire.booter.ForkedBooter.main(ForkedBooter.java:495)
]]>
            </full-stacktrace>
          </exception> <!-- java.lang.AssertionError -->
          <reporter-output>
          </reporter-output>
        </test-method> <!-- verifyNoFileAttach -->
        <test-method is-config="true" signature="setUpPage()[pri:0, instance:com.ecom.tests.ContactUsPageTest_Functional@5c671d7f]" started-at="2025-09-13T12:11:06 IST" name="setUpPage" finished-at="2025-09-13T12:11:06 IST" duration-ms="2" status="PASS">
          <reporter-output>
          </reporter-output>
        </test-method> <!-- setUpPage -->
        <test-method signature="verifySubscriptionIconVisible()[pri:13, instance:com.ecom.tests.ContactUsPageTest_Functional@5c671d7f]" started-at="2025-09-13T12:11:06 IST" name="verifySubscriptionIconVisible" finished-at="2025-09-13T12:11:06 IST" duration-ms="279" status="PASS">
          <reporter-output>
          </reporter-output>
        </test-method> <!-- verifySubscriptionIconVisible -->
        <test-method signature="verifySubscriptionInvalid(java.lang.String)[pri:14, instance:com.ecom.tests.ContactUsPageTest_Functional@5c671d7f]" started-at="2025-09-13T12:11:06 IST" name="verifySubscriptionInvalid" data-provider="subscriptionDataInvalid" finished-at="2025-09-13T12:11:09 IST" duration-ms="2458" status="PASS">
          <params>
            <param index="0">
              <value>
                <![CDATA[testgmail.com]]>
              </value>
            </param>
          </params>
          <reporter-output>
          </reporter-output>
        </test-method> <!-- verifySubscriptionInvalid -->
        <test-method is-config="true" signature="setUpPage()[pri:0, instance:com.ecom.tests.ContactUsPageTest_Functional@5c671d7f]" started-at="2025-09-13T12:11:06 IST" name="setUpPage" finished-at="2025-09-13T12:11:06 IST" duration-ms="0" status="PASS">
          <reporter-output>
          </reporter-output>
        </test-method> <!-- setUpPage -->
        <test-method is-config="true" signature="setUpPage()[pri:0, instance:com.ecom.tests.ContactUsPageTest_Functional@5c671d7f]" started-at="2025-09-13T12:11:09 IST" name="setUpPage" finished-at="2025-09-13T12:11:09 IST" duration-ms="1" status="PASS">
          <reporter-output>
          </reporter-output>
        </test-method> <!-- setUpPage -->
        <test-method signature="verifySubscriptionEmpty()[pri:15, instance:com.ecom.tests.ContactUsPageTest_Functional@5c671d7f]" started-at="2025-09-13T12:11:09 IST" name="verifySubscriptionEmpty" finished-at="2025-09-13T12:11:10 IST" duration-ms="1402" status="PASS">
          <reporter-output>
          </reporter-output>
        </test-method> <!-- verifySubscriptionEmpty -->
        <test-method is-config="true" signature="setUpPage()[pri:0, instance:com.ecom.tests.ContactUsPageTest_Functional@5c671d7f]" started-at="2025-09-13T12:11:10 IST" name="setUpPage" finished-at="2025-09-13T12:11:10 IST" duration-ms="1" status="PASS">
          <reporter-output>
          </reporter-output>
        </test-method> <!-- setUpPage -->
        <test-method signature="verifySubscriptionValid(java.lang.String)[pri:16, instance:com.ecom.tests.ContactUsPageTest_Functional@5c671d7f]" started-at="2025-09-13T12:11:10 IST" name="verifySubscriptionValid" data-provider="subscriptionDataValid" finished-at="2025-09-13T12:11:11 IST" duration-ms="453" status="PASS">
          <params>
            <param index="0">
              <value>
                <![CDATA[validuser1@test.com]]>
              </value>
            </param>
          </params>
          <reporter-output>
          </reporter-output>
        </test-method> <!-- verifySubscriptionValid -->
        <test-method is-config="true" signature="setUpPage()[pri:0, instance:com.ecom.tests.ContactUsPageTest_Functional@5c671d7f]" started-at="2025-09-13T12:11:11 IST" name="setUpPage" finished-at="2025-09-13T12:11:11 IST" duration-ms="1" status="PASS">
          <reporter-output>
          </reporter-output>
        </test-method> <!-- setUpPage -->
        <test-method signature="verifySubscriptionUseralreadyExist(java.lang.String)[pri:17, instance:com.ecom.tests.ContactUsPageTest_Functional@5c671d7f]" started-at="2025-09-13T12:11:11 IST" name="verifySubscriptionUseralreadyExist" data-provider="subscriptionDataValid" finished-at="2025-09-13T12:11:11 IST" duration-ms="426" status="FAIL">
          <params>
            <param index="0">
              <value>
                <![CDATA[validuser1@test.com]]>
              </value>
            </param>
          </params>
          <exception class="java.lang.AssertionError">
            <message>
              <![CDATA[Subscription success message is displayed instead of error for already registered email]]>
            </message>
            <full-stacktrace>
              <![CDATA[java.lang.AssertionError: Subscription success message is displayed instead of error for already registered email
at org.testng.Assert.fail(Assert.java:111)
at com.ecom.tests.ContactUsPageTest_Functional.verifySubscriptionUseralreadyExist(ContactUsPageTest_Functional.java:307)
at java.base/jdk.internal.reflect.NativeMethodAccessorImpl.invoke0(Native Method)
at java.base/jdk.internal.reflect.NativeMethodAccessorImpl.invoke(NativeMethodAccessorImpl.java:77)
at java.base/jdk.internal.reflect.DelegatingMethodAccessorImpl.invoke(DelegatingMethodAccessorImpl.java:43)
at java.base/java.lang.reflect.Method.invoke(Method.java:568)
at org.testng.internal.invokers.MethodInvocationHelper.invokeMethod(MethodInvocationHelper.java:141)
at org.testng.internal.invokers.TestInvoker.invokeMethod(TestInvoker.java:686)
at org.testng.internal.invokers.TestInvoker.invokeTestMethod(TestInvoker.java:230)
at org.testng.internal.invokers.MethodRunner.runInSequence(MethodRunner.java:63)
at org.testng.internal.invokers.TestInvoker$MethodInvocationAgent.invoke(TestInvoker.java:992)
at org.testng.internal.invokers.TestInvoker.invokeTestMethods(TestInvoker.java:203)
at org.testng.internal.invokers.TestMethodWorker.invokeTestMethods(TestMethodWorker.java:154)
at org.testng.internal.invokers.TestMethodWorker.run(TestMethodWorker.java:134)
at java.base/java.util.ArrayList.forEach(ArrayList.java:1511)
at org.testng.TestRunner.privateRun(TestRunner.java:739)
at org.testng.TestRunner.run(TestRunner.java:614)
at org.testng.SuiteRunner.runTest(SuiteRunner.java:421)
at org.testng.SuiteRunner.runSequentially(SuiteRunner.java:413)
at org.testng.SuiteRunner.privateRun(SuiteRunner.java:373)
at org.testng.SuiteRunner.run(SuiteRunner.java:312)
at org.testng.SuiteRunnerWorker.runSuite(SuiteRunnerWorker.java:52)
at org.testng.SuiteRunnerWorker.run(SuiteRunnerWorker.java:95)
at org.testng.TestNG.runSuitesSequentially(TestNG.java:1274)
at org.testng.TestNG.runSuitesLocally(TestNG.java:1208)
at org.testng.TestNG.runSuites(TestNG.java:1112)
at org.testng.TestNG.run(TestNG.java:1079)
at org.apache.maven.surefire.testng.TestNGExecutor.run(TestNGExecutor.java:308)
at org.apache.maven.surefire.testng.TestNGXmlTestSuite.execute(TestNGXmlTestSuite.java:71)
at org.apache.maven.surefire.testng.TestNGProvider.invoke(TestNGProvider.java:113)
at org.apache.maven.surefire.booter.ForkedBooter.runSuitesInProcess(ForkedBooter.java:385)
at org.apache.maven.surefire.booter.ForkedBooter.execute(ForkedBooter.java:162)
at org.apache.maven.surefire.booter.ForkedBooter.run(ForkedBooter.java:507)
at org.apache.maven.surefire.booter.ForkedBooter.main(ForkedBooter.java:495)
]]>
            </full-stacktrace>
          </exception> <!-- java.lang.AssertionError -->
          <reporter-output>
          </reporter-output>
        </test-method> <!-- verifySubscriptionUseralreadyExist -->
        <test-method is-config="true" signature="setUpPage()[pri:0, instance:com.ecom.tests.ContactUsPageTest_Functional@5c671d7f]" started-at="2025-09-13T12:11:11 IST" name="setUpPage" finished-at="2025-09-13T12:11:11 IST" duration-ms="2" status="PASS">
          <reporter-output>
          </reporter-output>
        </test-method> <!-- setUpPage -->
        <test-method signature="verifyScrollToTopButton()[pri:18, instance:com.ecom.tests.ContactUsPageTest_Functional@5c671d7f]" started-at="2025-09-13T12:11:11 IST" name="verifyScrollToTopButton" finished-at="2025-09-13T12:11:11 IST" duration-ms="279" status="PASS">
          <reporter-output>
          </reporter-output>
        </test-method> <!-- verifyScrollToTopButton -->
        <test-method is-config="true" signature="setUpPage()[pri:0, instance:com.ecom.tests.ContactUsPageTest_Functional@5c671d7f]" started-at="2025-09-13T12:11:11 IST" name="setUpPage" finished-at="2025-09-13T12:11:11 IST" duration-ms="1" status="PASS">
          <reporter-output>
          </reporter-output>
        </test-method> <!-- setUpPage -->
        <test-method signature="verifyNavigationBackToHome()[pri:19, instance:com.ecom.tests.ContactUsPageTest_Functional@5c671d7f]" started-at="2025-09-13T12:11:11 IST" name="verifyNavigationBackToHome" finished-at="2025-09-13T12:11:14 IST" duration-ms="2779" status="PASS">
          <reporter-output>
          </reporter-output>
        </test-method> <!-- verifyNavigationBackToHome -->
        <test-method is-config="true" signature="teardownClass()[pri:0, instance:com.ecom.tests.ContactUsPageTest_Functional@5c671d7f]" started-at="2025-09-13T12:11:14 IST" name="teardownClass" finished-at="2025-09-13T12:11:14 IST" duration-ms="279" status="PASS">
          <reporter-output>
          </reporter-output>
        </test-method> <!-- teardownClass -->
      </class> <!-- com.ecom.tests.ContactUsPageTest_Functional -->
      <class name="com.ecom.tests.TestCasesPageTest_UI">
        <test-method is-config="true" signature="setupClass()[pri:0, instance:com.ecom.tests.TestCasesPageTest_UI@c86b9e3]" started-at="2025-09-13T12:12:12 IST" name="setupClass" finished-at="2025-09-13T12:12:17 IST" duration-ms="4945" status="PASS">
          <reporter-output>
          </reporter-output>
        </test-method> <!-- setupClass -->
        <test-method is-config="true" signature="setUpPage()[pri:0, instance:com.ecom.tests.TestCasesPageTest_UI@c86b9e3]" started-at="2025-09-13T12:12:17 IST" name="setUpPage" finished-at="2025-09-13T12:12:17 IST" duration-ms="5" status="PASS">
          <reporter-output>
          </reporter-output>
        </test-method> <!-- setUpPage -->
        <test-method signature="verifyLogoDisplayed()[pri:1, instance:com.ecom.tests.TestCasesPageTest_UI@c86b9e3]" started-at="2025-09-13T12:12:17 IST" name="verifyLogoDisplayed" finished-at="2025-09-13T12:12:18 IST" duration-ms="1002" status="PASS">
          <reporter-output>
          </reporter-output>
        </test-method> <!-- verifyLogoDisplayed -->
        <test-method signature="verifyProductsIconDisplayed()[pri:2, instance:com.ecom.tests.TestCasesPageTest_UI@c86b9e3]" started-at="2025-09-13T12:12:18 IST" name="verifyProductsIconDisplayed" finished-at="2025-09-13T12:12:19 IST" duration-ms="197" status="PASS">
          <reporter-output>
          </reporter-output>
        </test-method> <!-- verifyProductsIconDisplayed -->
        <test-method is-config="true" signature="setUpPage()[pri:0, instance:com.ecom.tests.TestCasesPageTest_UI@c86b9e3]" started-at="2025-09-13T12:12:18 IST" name="setUpPage" finished-at="2025-09-13T12:12:18 IST" duration-ms="0" status="PASS">
          <reporter-output>
          </reporter-output>
        </test-method> <!-- setUpPage -->
        <test-method is-config="true" signature="setUpPage()[pri:0, instance:com.ecom.tests.TestCasesPageTest_UI@c86b9e3]" started-at="2025-09-13T12:12:19 IST" name="setUpPage" finished-at="2025-09-13T12:12:19 IST" duration-ms="1" status="PASS">
          <reporter-output>
          </reporter-output>
        </test-method> <!-- setUpPage -->
        <test-method signature="verifyCartIconDisplayed()[pri:3, instance:com.ecom.tests.TestCasesPageTest_UI@c86b9e3]" started-at="2025-09-13T12:12:19 IST" name="verifyCartIconDisplayed" finished-at="2025-09-13T12:12:19 IST" duration-ms="162" status="PASS">
          <reporter-output>
          </reporter-output>
        </test-method> <!-- verifyCartIconDisplayed -->
        <test-method is-config="true" signature="setUpPage()[pri:0, instance:com.ecom.tests.TestCasesPageTest_UI@c86b9e3]" started-at="2025-09-13T12:12:19 IST" name="setUpPage" finished-at="2025-09-13T12:12:19 IST" duration-ms="1" status="PASS">
          <reporter-output>
          </reporter-output>
        </test-method> <!-- setUpPage -->
        <test-method signature="verifySignupLoginIconDisplayed()[pri:4, instance:com.ecom.tests.TestCasesPageTest_UI@c86b9e3]" started-at="2025-09-13T12:12:19 IST" name="verifySignupLoginIconDisplayed" finished-at="2025-09-13T12:12:19 IST" duration-ms="214" status="PASS">
          <reporter-output>
          </reporter-output>
        </test-method> <!-- verifySignupLoginIconDisplayed -->
        <test-method is-config="true" signature="setUpPage()[pri:0, instance:com.ecom.tests.TestCasesPageTest_UI@c86b9e3]" started-at="2025-09-13T12:12:19 IST" name="setUpPage" finished-at="2025-09-13T12:12:19 IST" duration-ms="1" status="PASS">
          <reporter-output>
          </reporter-output>
        </test-method> <!-- setUpPage -->
        <test-method signature="verifyVideoTutorialsIconDisplayed()[pri:5, instance:com.ecom.tests.TestCasesPageTest_UI@c86b9e3]" started-at="2025-09-13T12:12:19 IST" name="verifyVideoTutorialsIconDisplayed" finished-at="2025-09-13T12:12:19 IST" duration-ms="171" status="PASS">
          <reporter-output>
          </reporter-output>
        </test-method> <!-- verifyVideoTutorialsIconDisplayed -->
        <test-method is-config="true" signature="setUpPage()[pri:0, instance:com.ecom.tests.TestCasesPageTest_UI@c86b9e3]" started-at="2025-09-13T12:12:19 IST" name="setUpPage" finished-at="2025-09-13T12:12:19 IST" duration-ms="0" status="PASS">
          <reporter-output>
          </reporter-output>
        </test-method> <!-- setUpPage -->
        <test-method signature="verifyHomeIconDisplayed()[pri:6, instance:com.ecom.tests.TestCasesPageTest_UI@c86b9e3]" started-at="2025-09-13T12:12:19 IST" name="verifyHomeIconDisplayed" finished-at="2025-09-13T12:12:19 IST" duration-ms="138" status="PASS">
          <reporter-output>
          </reporter-output>
        </test-method> <!-- verifyHomeIconDisplayed -->
        <test-method is-config="true" signature="setUpPage()[pri:0, instance:com.ecom.tests.TestCasesPageTest_UI@c86b9e3]" started-at="2025-09-13T12:12:19 IST" name="setUpPage" finished-at="2025-09-13T12:12:19 IST" duration-ms="1" status="PASS">
          <reporter-output>
          </reporter-output>
        </test-method> <!-- setUpPage -->
        <test-method signature="verifyContactUsIconDisplayed()[pri:7, instance:com.ecom.tests.TestCasesPageTest_UI@c86b9e3]" started-at="2025-09-13T12:12:19 IST" name="verifyContactUsIconDisplayed" finished-at="2025-09-13T12:12:19 IST" duration-ms="118" status="PASS">
          <reporter-output>
          </reporter-output>
        </test-method> <!-- verifyContactUsIconDisplayed -->
        <test-method signature="verifyApiTestingIconDisplayed()[pri:8, instance:com.ecom.tests.TestCasesPageTest_UI@c86b9e3]" started-at="2025-09-13T12:12:19 IST" name="verifyApiTestingIconDisplayed" finished-at="2025-09-13T12:12:20 IST" duration-ms="154" status="PASS">
          <reporter-output>
          </reporter-output>
        </test-method> <!-- verifyApiTestingIconDisplayed -->
        <test-method is-config="true" signature="setUpPage()[pri:0, instance:com.ecom.tests.TestCasesPageTest_UI@c86b9e3]" started-at="2025-09-13T12:12:19 IST" name="setUpPage" finished-at="2025-09-13T12:12:19 IST" duration-ms="0" status="PASS">
          <reporter-output>
          </reporter-output>
        </test-method> <!-- setUpPage -->
        <test-method is-config="true" signature="setUpPage()[pri:0, instance:com.ecom.tests.TestCasesPageTest_UI@c86b9e3]" started-at="2025-09-13T12:12:20 IST" name="setUpPage" finished-at="2025-09-13T12:12:20 IST" duration-ms="1" status="PASS">
          <reporter-output>
          </reporter-output>
        </test-method> <!-- setUpPage -->
        <test-method signature="verifyTestCasesSectionDisplayed()[pri:9, instance:com.ecom.tests.TestCasesPageTest_UI@c86b9e3]" started-at="2025-09-13T12:12:20 IST" name="verifyTestCasesSectionDisplayed" finished-at="2025-09-13T12:12:20 IST" duration-ms="136" status="PASS">
          <reporter-output>
          </reporter-output>
        </test-method> <!-- verifyTestCasesSectionDisplayed -->
        <test-method signature="verifyTestCase1LinkDisplayed()[pri:10, instance:com.ecom.tests.TestCasesPageTest_UI@c86b9e3]" started-at="2025-09-13T12:12:20 IST" name="verifyTestCase1LinkDisplayed" finished-at="2025-09-13T12:12:20 IST" duration-ms="531" status="PASS">
          <reporter-output>
          </reporter-output>
        </test-method> <!-- verifyTestCase1LinkDisplayed -->
        <test-method is-config="true" signature="setUpPage()[pri:0, instance:com.ecom.tests.TestCasesPageTest_UI@c86b9e3]" started-at="2025-09-13T12:12:20 IST" name="setUpPage" finished-at="2025-09-13T12:12:20 IST" duration-ms="0" status="PASS">
          <reporter-output>
          </reporter-output>
        </test-method> <!-- setUpPage -->
        <test-method is-config="true" signature="setUpPage()[pri:0, instance:com.ecom.tests.TestCasesPageTest_UI@c86b9e3]" started-at="2025-09-13T12:12:20 IST" name="setUpPage" finished-at="2025-09-13T12:12:20 IST" duration-ms="1" status="PASS">
          <reporter-output>
          </reporter-output>
        </test-method> <!-- setUpPage -->
        <test-method signature="verifyTestCase2LinkDisplayed()[pri:11, instance:com.ecom.tests.TestCasesPageTest_UI@c86b9e3]" started-at="2025-09-13T12:12:20 IST" name="verifyTestCase2LinkDisplayed" finished-at="2025-09-13T12:12:21 IST" duration-ms="513" status="PASS">
          <reporter-output>
          </reporter-output>
        </test-method> <!-- verifyTestCase2LinkDisplayed -->
        <test-method is-config="true" signature="setUpPage()[pri:0, instance:com.ecom.tests.TestCasesPageTest_UI@c86b9e3]" started-at="2025-09-13T12:12:21 IST" name="setUpPage" finished-at="2025-09-13T12:12:21 IST" duration-ms="1" status="PASS">
          <reporter-output>
          </reporter-output>
        </test-method> <!-- setUpPage -->
        <test-method signature="verifyTestCase3LinkDisplayed()[pri:12, instance:com.ecom.tests.TestCasesPageTest_UI@c86b9e3]" started-at="2025-09-13T12:12:21 IST" name="verifyTestCase3LinkDisplayed" finished-at="2025-09-13T12:12:21 IST" duration-ms="507" status="PASS">
          <reporter-output>
          </reporter-output>
        </test-method> <!-- verifyTestCase3LinkDisplayed -->
        <test-method signature="verifyTestCase4LinkDisplayed()[pri:13, instance:com.ecom.tests.TestCasesPageTest_UI@c86b9e3]" started-at="2025-09-13T12:12:21 IST" name="verifyTestCase4LinkDisplayed" finished-at="2025-09-13T12:12:22 IST" duration-ms="546" status="PASS">
          <reporter-output>
          </reporter-output>
        </test-method> <!-- verifyTestCase4LinkDisplayed -->
        <test-method is-config="true" signature="setUpPage()[pri:0, instance:com.ecom.tests.TestCasesPageTest_UI@c86b9e3]" started-at="2025-09-13T12:12:21 IST" name="setUpPage" finished-at="2025-09-13T12:12:21 IST" duration-ms="0" status="PASS">
          <reporter-output>
          </reporter-output>
        </test-method> <!-- setUpPage -->
        <test-method signature="verifyTestCase5LinkDisplayed()[pri:14, instance:com.ecom.tests.TestCasesPageTest_UI@c86b9e3]" started-at="2025-09-13T12:12:22 IST" name="verifyTestCase5LinkDisplayed" finished-at="2025-09-13T12:12:22 IST" duration-ms="590" status="PASS">
          <reporter-output>
          </reporter-output>
        </test-method> <!-- verifyTestCase5LinkDisplayed -->
        <test-method is-config="true" signature="setUpPage()[pri:0, instance:com.ecom.tests.TestCasesPageTest_UI@c86b9e3]" started-at="2025-09-13T12:12:22 IST" name="setUpPage" finished-at="2025-09-13T12:12:22 IST" duration-ms="0" status="PASS">
          <reporter-output>
          </reporter-output>
        </test-method> <!-- setUpPage -->
        <test-method signature="verifyTestCase6LinkDisplayed()[pri:15, instance:com.ecom.tests.TestCasesPageTest_UI@c86b9e3]" started-at="2025-09-13T12:12:22 IST" name="verifyTestCase6LinkDisplayed" finished-at="2025-09-13T12:12:23 IST" duration-ms="514" status="PASS">
          <reporter-output>
          </reporter-output>
        </test-method> <!-- verifyTestCase6LinkDisplayed -->
        <test-method is-config="true" signature="setUpPage()[pri:0, instance:com.ecom.tests.TestCasesPageTest_UI@c86b9e3]" started-at="2025-09-13T12:12:22 IST" name="setUpPage" finished-at="2025-09-13T12:12:22 IST" duration-ms="0" status="PASS">
          <reporter-output>
          </reporter-output>
        </test-method> <!-- setUpPage -->
        <test-method signature="verifyTestCase7LinkDisplayed()[pri:16, instance:com.ecom.tests.TestCasesPageTest_UI@c86b9e3]" started-at="2025-09-13T12:12:23 IST" name="verifyTestCase7LinkDisplayed" finished-at="2025-09-13T12:12:23 IST" duration-ms="507" status="PASS">
          <reporter-output>
          </reporter-output>
        </test-method> <!-- verifyTestCase7LinkDisplayed -->
        <test-method is-config="true" signature="setUpPage()[pri:0, instance:com.ecom.tests.TestCasesPageTest_UI@c86b9e3]" started-at="2025-09-13T12:12:23 IST" name="setUpPage" finished-at="2025-09-13T12:12:23 IST" duration-ms="0" status="PASS">
          <reporter-output>
          </reporter-output>
        </test-method> <!-- setUpPage -->
        <test-method signature="verifyTestCase8LinkDisplayed()[pri:17, instance:com.ecom.tests.TestCasesPageTest_UI@c86b9e3]" started-at="2025-09-13T12:12:23 IST" name="verifyTestCase8LinkDisplayed" finished-at="2025-09-13T12:12:24 IST" duration-ms="479" status="PASS">
          <reporter-output>
          </reporter-output>
        </test-method> <!-- verifyTestCase8LinkDisplayed -->
        <test-method is-config="true" signature="setUpPage()[pri:0, instance:com.ecom.tests.TestCasesPageTest_UI@c86b9e3]" started-at="2025-09-13T12:12:23 IST" name="setUpPage" finished-at="2025-09-13T12:12:23 IST" duration-ms="0" status="PASS">
          <reporter-output>
          </reporter-output>
        </test-method> <!-- setUpPage -->
        <test-method is-config="true" signature="setUpPage()[pri:0, instance:com.ecom.tests.TestCasesPageTest_UI@c86b9e3]" started-at="2025-09-13T12:12:24 IST" name="setUpPage" finished-at="2025-09-13T12:12:24 IST" duration-ms="1" status="PASS">
          <reporter-output>
          </reporter-output>
        </test-method> <!-- setUpPage -->
        <test-method signature="verifyTestCase9LinkDisplayed()[pri:18, instance:com.ecom.tests.TestCasesPageTest_UI@c86b9e3]" started-at="2025-09-13T12:12:24 IST" name="verifyTestCase9LinkDisplayed" finished-at="2025-09-13T12:12:24 IST" duration-ms="495" status="PASS">
          <reporter-output>
          </reporter-output>
        </test-method> <!-- verifyTestCase9LinkDisplayed -->
        <test-method signature="verifyTestCase10LinkDisplayed()[pri:19, instance:com.ecom.tests.TestCasesPageTest_UI@c86b9e3]" started-at="2025-09-13T12:12:24 IST" name="verifyTestCase10LinkDisplayed" finished-at="2025-09-13T12:12:25 IST" duration-ms="499" status="PASS">
          <reporter-output>
          </reporter-output>
        </test-method> <!-- verifyTestCase10LinkDisplayed -->
        <test-method is-config="true" signature="setUpPage()[pri:0, instance:com.ecom.tests.TestCasesPageTest_UI@c86b9e3]" started-at="2025-09-13T12:12:24 IST" name="setUpPage" finished-at="2025-09-13T12:12:24 IST" duration-ms="0" status="PASS">
          <reporter-output>
          </reporter-output>
        </test-method> <!-- setUpPage -->
        <test-method is-config="true" signature="setUpPage()[pri:0, instance:com.ecom.tests.TestCasesPageTest_UI@c86b9e3]" started-at="2025-09-13T12:12:25 IST" name="setUpPage" finished-at="2025-09-13T12:12:25 IST" duration-ms="1" status="PASS">
          <reporter-output>
          </reporter-output>
        </test-method> <!-- setUpPage -->
        <test-method signature="verifyTestCase11LinkDisplayed()[pri:20, instance:com.ecom.tests.TestCasesPageTest_UI@c86b9e3]" started-at="2025-09-13T12:12:25 IST" name="verifyTestCase11LinkDisplayed" finished-at="2025-09-13T12:12:25 IST" duration-ms="497" status="PASS">
          <reporter-output>
          </reporter-output>
        </test-method> <!-- verifyTestCase11LinkDisplayed -->
        <test-method signature="verifyTestCase12LinkDisplayed()[pri:21, instance:com.ecom.tests.TestCasesPageTest_UI@c86b9e3]" started-at="2025-09-13T12:12:25 IST" name="verifyTestCase12LinkDisplayed" finished-at="2025-09-13T12:12:26 IST" duration-ms="482" status="PASS">
          <reporter-output>
          </reporter-output>
        </test-method> <!-- verifyTestCase12LinkDisplayed -->
        <test-method is-config="true" signature="setUpPage()[pri:0, instance:com.ecom.tests.TestCasesPageTest_UI@c86b9e3]" started-at="2025-09-13T12:12:25 IST" name="setUpPage" finished-at="2025-09-13T12:12:25 IST" duration-ms="0" status="PASS">
          <reporter-output>
          </reporter-output>
        </test-method> <!-- setUpPage -->
        <test-method signature="verifyTestCase13LinkDisplayed()[pri:22, instance:com.ecom.tests.TestCasesPageTest_UI@c86b9e3]" started-at="2025-09-13T12:12:26 IST" name="verifyTestCase13LinkDisplayed" finished-at="2025-09-13T12:12:26 IST" duration-ms="635" status="PASS">
          <reporter-output>
          </reporter-output>
        </test-method> <!-- verifyTestCase13LinkDisplayed -->
        <test-method is-config="true" signature="setUpPage()[pri:0, instance:com.ecom.tests.TestCasesPageTest_UI@c86b9e3]" started-at="2025-09-13T12:12:26 IST" name="setUpPage" finished-at="2025-09-13T12:12:26 IST" duration-ms="0" status="PASS">
          <reporter-output>
          </reporter-output>
        </test-method> <!-- setUpPage -->
        <test-method signature="verifyTestCase14LinkDisplayed()[pri:23, instance:com.ecom.tests.TestCasesPageTest_UI@c86b9e3]" started-at="2025-09-13T12:12:26 IST" name="verifyTestCase14LinkDisplayed" finished-at="2025-09-13T12:12:27 IST" duration-ms="549" status="PASS">
          <reporter-output>
          </reporter-output>
        </test-method> <!-- verifyTestCase14LinkDisplayed -->
        <test-method is-config="true" signature="setUpPage()[pri:0, instance:com.ecom.tests.TestCasesPageTest_UI@c86b9e3]" started-at="2025-09-13T12:12:26 IST" name="setUpPage" finished-at="2025-09-13T12:12:26 IST" duration-ms="0" status="PASS">
          <reporter-output>
          </reporter-output>
        </test-method> <!-- setUpPage -->
        <test-method signature="verifyTestCase15LinkDisplayed()[pri:24, instance:com.ecom.tests.TestCasesPageTest_UI@c86b9e3]" started-at="2025-09-13T12:12:27 IST" name="verifyTestCase15LinkDisplayed" finished-at="2025-09-13T12:12:28 IST" duration-ms="509" status="PASS">
          <reporter-output>
          </reporter-output>
        </test-method> <!-- verifyTestCase15LinkDisplayed -->
        <test-method is-config="true" signature="setUpPage()[pri:0, instance:com.ecom.tests.TestCasesPageTest_UI@c86b9e3]" started-at="2025-09-13T12:12:27 IST" name="setUpPage" finished-at="2025-09-13T12:12:27 IST" duration-ms="0" status="PASS">
          <reporter-output>
          </reporter-output>
        </test-method> <!-- setUpPage -->
        <test-method signature="verifyTestCase16LinkDisplayed()[pri:25, instance:com.ecom.tests.TestCasesPageTest_UI@c86b9e3]" started-at="2025-09-13T12:12:28 IST" name="verifyTestCase16LinkDisplayed" finished-at="2025-09-13T12:12:28 IST" duration-ms="497" status="PASS">
          <reporter-output>
          </reporter-output>
        </test-method> <!-- verifyTestCase16LinkDisplayed -->
        <test-method is-config="true" signature="setUpPage()[pri:0, instance:com.ecom.tests.TestCasesPageTest_UI@c86b9e3]" started-at="2025-09-13T12:12:28 IST" name="setUpPage" finished-at="2025-09-13T12:12:28 IST" duration-ms="0" status="PASS">
          <reporter-output>
          </reporter-output>
        </test-method> <!-- setUpPage -->
        <test-method signature="verifyTestCase17LinkDisplayed()[pri:26, instance:com.ecom.tests.TestCasesPageTest_UI@c86b9e3]" started-at="2025-09-13T12:12:28 IST" name="verifyTestCase17LinkDisplayed" finished-at="2025-09-13T12:12:29 IST" duration-ms="513" status="PASS">
          <reporter-output>
          </reporter-output>
        </test-method> <!-- verifyTestCase17LinkDisplayed -->
        <test-method is-config="true" signature="setUpPage()[pri:0, instance:com.ecom.tests.TestCasesPageTest_UI@c86b9e3]" started-at="2025-09-13T12:12:28 IST" name="setUpPage" finished-at="2025-09-13T12:12:28 IST" duration-ms="0" status="PASS">
          <reporter-output>
          </reporter-output>
        </test-method> <!-- setUpPage -->
        <test-method is-config="true" signature="setUpPage()[pri:0, instance:com.ecom.tests.TestCasesPageTest_UI@c86b9e3]" started-at="2025-09-13T12:12:29 IST" name="setUpPage" finished-at="2025-09-13T12:12:29 IST" duration-ms="1" status="PASS">
          <reporter-output>
          </reporter-output>
        </test-method> <!-- setUpPage -->
        <test-method signature="verifyTestCase18LinkDisplayed()[pri:27, instance:com.ecom.tests.TestCasesPageTest_UI@c86b9e3]" started-at="2025-09-13T12:12:29 IST" name="verifyTestCase18LinkDisplayed" finished-at="2025-09-13T12:12:29 IST" duration-ms="539" status="PASS">
          <reporter-output>
          </reporter-output>
        </test-method> <!-- verifyTestCase18LinkDisplayed -->
        <test-method signature="verifyTestCase19LinkDisplayed()[pri:28, instance:com.ecom.tests.TestCasesPageTest_UI@c86b9e3]" started-at="2025-09-13T12:12:29 IST" name="verifyTestCase19LinkDisplayed" finished-at="2025-09-13T12:12:30 IST" duration-ms="508" status="PASS">
          <reporter-output>
          </reporter-output>
        </test-method> <!-- verifyTestCase19LinkDisplayed -->
        <test-method is-config="true" signature="setUpPage()[pri:0, instance:com.ecom.tests.TestCasesPageTest_UI@c86b9e3]" started-at="2025-09-13T12:12:29 IST" name="setUpPage" finished-at="2025-09-13T12:12:29 IST" duration-ms="0" status="PASS">
          <reporter-output>
          </reporter-output>
        </test-method> <!-- setUpPage -->
        <test-method signature="verifyTestCase20LinkDisplayed()[pri:29, instance:com.ecom.tests.TestCasesPageTest_UI@c86b9e3]" started-at="2025-09-13T12:12:30 IST" name="verifyTestCase20LinkDisplayed" finished-at="2025-09-13T12:12:30 IST" duration-ms="483" status="PASS">
          <reporter-output>
          </reporter-output>
        </test-method> <!-- verifyTestCase20LinkDisplayed -->
        <test-method is-config="true" signature="setUpPage()[pri:0, instance:com.ecom.tests.TestCasesPageTest_UI@c86b9e3]" started-at="2025-09-13T12:12:30 IST" name="setUpPage" finished-at="2025-09-13T12:12:30 IST" duration-ms="0" status="PASS">
          <reporter-output>
          </reporter-output>
        </test-method> <!-- setUpPage -->
        <test-method signature="verifyTestCase21LinkDisplayed()[pri:30, instance:com.ecom.tests.TestCasesPageTest_UI@c86b9e3]" started-at="2025-09-13T12:12:30 IST" name="verifyTestCase21LinkDisplayed" finished-at="2025-09-13T12:12:31 IST" duration-ms="511" status="PASS">
          <reporter-output>
          </reporter-output>
        </test-method> <!-- verifyTestCase21LinkDisplayed -->
        <test-method is-config="true" signature="setUpPage()[pri:0, instance:com.ecom.tests.TestCasesPageTest_UI@c86b9e3]" started-at="2025-09-13T12:12:30 IST" name="setUpPage" finished-at="2025-09-13T12:12:30 IST" duration-ms="0" status="PASS">
          <reporter-output>
          </reporter-output>
        </test-method> <!-- setUpPage -->
        <test-method signature="verifyTestCase22LinkDisplayed()[pri:31, instance:com.ecom.tests.TestCasesPageTest_UI@c86b9e3]" started-at="2025-09-13T12:12:31 IST" name="verifyTestCase22LinkDisplayed" finished-at="2025-09-13T12:12:31 IST" duration-ms="523" status="PASS">
          <reporter-output>
          </reporter-output>
        </test-method> <!-- verifyTestCase22LinkDisplayed -->
        <test-method is-config="true" signature="setUpPage()[pri:0, instance:com.ecom.tests.TestCasesPageTest_UI@c86b9e3]" started-at="2025-09-13T12:12:31 IST" name="setUpPage" finished-at="2025-09-13T12:12:31 IST" duration-ms="0" status="PASS">
          <reporter-output>
          </reporter-output>
        </test-method> <!-- setUpPage -->
        <test-method signature="verifyTestCase23LinkDisplayed()[pri:32, instance:com.ecom.tests.TestCasesPageTest_UI@c86b9e3]" started-at="2025-09-13T12:12:31 IST" name="verifyTestCase23LinkDisplayed" finished-at="2025-09-13T12:12:32 IST" duration-ms="518" status="PASS">
          <reporter-output>
          </reporter-output>
        </test-method> <!-- verifyTestCase23LinkDisplayed -->
        <test-method is-config="true" signature="setUpPage()[pri:0, instance:com.ecom.tests.TestCasesPageTest_UI@c86b9e3]" started-at="2025-09-13T12:12:31 IST" name="setUpPage" finished-at="2025-09-13T12:12:31 IST" duration-ms="0" status="PASS">
          <reporter-output>
          </reporter-output>
        </test-method> <!-- setUpPage -->
        <test-method signature="verifyTestCase24LinkDisplayed()[pri:33, instance:com.ecom.tests.TestCasesPageTest_UI@c86b9e3]" started-at="2025-09-13T12:12:32 IST" name="verifyTestCase24LinkDisplayed" finished-at="2025-09-13T12:12:32 IST" duration-ms="479" status="PASS">
          <reporter-output>
          </reporter-output>
        </test-method> <!-- verifyTestCase24LinkDisplayed -->
        <test-method is-config="true" signature="setUpPage()[pri:0, instance:com.ecom.tests.TestCasesPageTest_UI@c86b9e3]" started-at="2025-09-13T12:12:32 IST" name="setUpPage" finished-at="2025-09-13T12:12:32 IST" duration-ms="0" status="PASS">
          <reporter-output>
          </reporter-output>
        </test-method> <!-- setUpPage -->
        <test-method signature="verifyTestCase25LinkDisplayed()[pri:34, instance:com.ecom.tests.TestCasesPageTest_UI@c86b9e3]" started-at="2025-09-13T12:12:32 IST" name="verifyTestCase25LinkDisplayed" finished-at="2025-09-13T12:12:33 IST" duration-ms="559" status="PASS">
          <reporter-output>
          </reporter-output>
        </test-method> <!-- verifyTestCase25LinkDisplayed -->
        <test-method is-config="true" signature="setUpPage()[pri:0, instance:com.ecom.tests.TestCasesPageTest_UI@c86b9e3]" started-at="2025-09-13T12:12:32 IST" name="setUpPage" finished-at="2025-09-13T12:12:32 IST" duration-ms="0" status="PASS">
          <reporter-output>
          </reporter-output>
        </test-method> <!-- setUpPage -->
        <test-method signature="verifyTestCase26LinkDisplayed()[pri:35, instance:com.ecom.tests.TestCasesPageTest_UI@c86b9e3]" started-at="2025-09-13T12:12:33 IST" name="verifyTestCase26LinkDisplayed" finished-at="2025-09-13T12:12:33 IST" duration-ms="520" status="PASS">
          <reporter-output>
          </reporter-output>
        </test-method> <!-- verifyTestCase26LinkDisplayed -->
        <test-method is-config="true" signature="setUpPage()[pri:0, instance:com.ecom.tests.TestCasesPageTest_UI@c86b9e3]" started-at="2025-09-13T12:12:33 IST" name="setUpPage" finished-at="2025-09-13T12:12:33 IST" duration-ms="0" status="PASS">
          <reporter-output>
          </reporter-output>
        </test-method> <!-- setUpPage -->
        <test-method signature="verifyFeedbackSectionDisplayed()[pri:36, instance:com.ecom.tests.TestCasesPageTest_UI@c86b9e3]" started-at="2025-09-13T12:12:33 IST" name="verifyFeedbackSectionDisplayed" finished-at="2025-09-13T12:12:33 IST" duration-ms="170" status="PASS">
          <reporter-output>
          </reporter-output>
        </test-method> <!-- verifyFeedbackSectionDisplayed -->
        <test-method is-config="true" signature="setUpPage()[pri:0, instance:com.ecom.tests.TestCasesPageTest_UI@c86b9e3]" started-at="2025-09-13T12:12:33 IST" name="setUpPage" finished-at="2025-09-13T12:12:33 IST" duration-ms="0" status="PASS">
          <reporter-output>
          </reporter-output>
        </test-method> <!-- setUpPage -->
        <test-method is-config="true" signature="setUpPage()[pri:0, instance:com.ecom.tests.TestCasesPageTest_UI@c86b9e3]" started-at="2025-09-13T12:12:33 IST" name="setUpPage" finished-at="2025-09-13T12:12:33 IST" duration-ms="1" status="PASS">
          <reporter-output>
          </reporter-output>
        </test-method> <!-- setUpPage -->
        <test-method signature="verifyFeedbackEmailDisplayed()[pri:37, instance:com.ecom.tests.TestCasesPageTest_UI@c86b9e3]" started-at="2025-09-13T12:12:33 IST" name="verifyFeedbackEmailDisplayed" finished-at="2025-09-13T12:12:33 IST" duration-ms="137" status="PASS">
          <reporter-output>
          </reporter-output>
        </test-method> <!-- verifyFeedbackEmailDisplayed -->
        <test-method signature="verifySubscriptionIconVisible()[pri:38, instance:com.ecom.tests.TestCasesPageTest_UI@c86b9e3]" started-at="2025-09-13T12:12:33 IST" name="verifySubscriptionIconVisible" finished-at="2025-09-13T12:12:34 IST" duration-ms="240" status="PASS">
          <reporter-output>
          </reporter-output>
        </test-method> <!-- verifySubscriptionIconVisible -->
        <test-method is-config="true" signature="setUpPage()[pri:0, instance:com.ecom.tests.TestCasesPageTest_UI@c86b9e3]" started-at="2025-09-13T12:12:33 IST" name="setUpPage" finished-at="2025-09-13T12:12:33 IST" duration-ms="0" status="PASS">
          <reporter-output>
          </reporter-output>
        </test-method> <!-- setUpPage -->
        <test-method signature="verifySubscriptionEmpty()[pri:39, instance:com.ecom.tests.TestCasesPageTest_UI@c86b9e3]" started-at="2025-09-13T12:12:34 IST" name="verifySubscriptionEmpty" finished-at="2025-09-13T12:12:34 IST" duration-ms="462" status="PASS">
          <reporter-output>
          </reporter-output>
        </test-method> <!-- verifySubscriptionEmpty -->
        <test-method is-config="true" signature="setUpPage()[pri:0, instance:com.ecom.tests.TestCasesPageTest_UI@c86b9e3]" started-at="2025-09-13T12:12:34 IST" name="setUpPage" finished-at="2025-09-13T12:12:34 IST" duration-ms="0" status="PASS">
          <reporter-output>
          </reporter-output>
        </test-method> <!-- setUpPage -->
        <test-method is-config="true" signature="setUpPage()[pri:0, instance:com.ecom.tests.TestCasesPageTest_UI@c86b9e3]" started-at="2025-09-13T12:12:34 IST" name="setUpPage" finished-at="2025-09-13T12:12:34 IST" duration-ms="1" status="PASS">
          <reporter-output>
          </reporter-output>
        </test-method> <!-- setUpPage -->
        <test-method signature="verifySubscriptionInvalid(java.lang.String)[pri:40, instance:com.ecom.tests.TestCasesPageTest_UI@c86b9e3]" started-at="2025-09-13T12:12:34 IST" name="verifySubscriptionInvalid" data-provider="subscriptionDataInvalid" finished-at="2025-09-13T12:12:37 IST" duration-ms="2502" status="PASS">
          <params>
            <param index="0">
              <value>
                <![CDATA[kaviyaGma.com]]>
              </value>
            </param>
          </params>
          <reporter-output>
          </reporter-output>
        </test-method> <!-- verifySubscriptionInvalid -->
        <test-method signature="verifySubscriptionValid(java.lang.String)[pri:41, instance:com.ecom.tests.TestCasesPageTest_UI@c86b9e3]" started-at="2025-09-13T12:12:37 IST" name="verifySubscriptionValid" data-provider="subscriptionDataValid" finished-at="2025-09-13T12:12:37 IST" duration-ms="429" status="PASS">
          <params>
            <param index="0">
              <value>
                <![CDATA[kaviya@gmail.com]]>
              </value>
            </param>
          </params>
          <reporter-output>
          </reporter-output>
        </test-method> <!-- verifySubscriptionValid -->
        <test-method is-config="true" signature="setUpPage()[pri:0, instance:com.ecom.tests.TestCasesPageTest_UI@c86b9e3]" started-at="2025-09-13T12:12:37 IST" name="setUpPage" finished-at="2025-09-13T12:12:37 IST" duration-ms="0" status="PASS">
          <reporter-output>
          </reporter-output>
        </test-method> <!-- setUpPage -->
        <test-method signature="verifySubscriptionUseralreadyExist(java.lang.String)[pri:42, instance:com.ecom.tests.TestCasesPageTest_UI@c86b9e3]" started-at="2025-09-13T12:12:37 IST" name="verifySubscriptionUseralreadyExist" data-provider="subscriptionDataValid" finished-at="2025-09-13T12:12:38 IST" duration-ms="392" status="FAIL">
          <params>
            <param index="0">
              <value>
                <![CDATA[kaviya@gmail.com]]>
              </value>
            </param>
          </params>
          <exception class="java.lang.AssertionError">
            <message>
              <![CDATA[Subscription success message should NOT be displayed! expected [false] but found [true]]]>
            </message>
            <full-stacktrace>
              <![CDATA[java.lang.AssertionError: Subscription success message should NOT be displayed! expected [false] but found [true]
at org.testng.Assert.fail(Assert.java:111)
at org.testng.Assert.failNotEquals(Assert.java:1578)
at org.testng.Assert.assertFalse(Assert.java:79)
at com.ecom.tests.TestCasesPageTest_UI.verifySubscriptionUseralreadyExist(TestCasesPageTest_UI.java:524)
at java.base/jdk.internal.reflect.NativeMethodAccessorImpl.invoke0(Native Method)
at java.base/jdk.internal.reflect.NativeMethodAccessorImpl.invoke(NativeMethodAccessorImpl.java:77)
at java.base/jdk.internal.reflect.DelegatingMethodAccessorImpl.invoke(DelegatingMethodAccessorImpl.java:43)
at java.base/java.lang.reflect.Method.invoke(Method.java:568)
at org.testng.internal.invokers.MethodInvocationHelper.invokeMethod(MethodInvocationHelper.java:141)
at org.testng.internal.invokers.TestInvoker.invokeMethod(TestInvoker.java:686)
at org.testng.internal.invokers.TestInvoker.invokeTestMethod(TestInvoker.java:230)
at org.testng.internal.invokers.MethodRunner.runInSequence(MethodRunner.java:63)
at org.testng.internal.invokers.TestInvoker$MethodInvocationAgent.invoke(TestInvoker.java:992)
at org.testng.internal.invokers.TestInvoker.invokeTestMethods(TestInvoker.java:203)
at org.testng.internal.invokers.TestMethodWorker.invokeTestMethods(TestMethodWorker.java:154)
at org.testng.internal.invokers.TestMethodWorker.run(TestMethodWorker.java:134)
at java.base/java.util.ArrayList.forEach(ArrayList.java:1511)
at org.testng.TestRunner.privateRun(TestRunner.java:739)
at org.testng.TestRunner.run(TestRunner.java:614)
at org.testng.SuiteRunner.runTest(SuiteRunner.java:421)
at org.testng.SuiteRunner.runSequentially(SuiteRunner.java:413)
at org.testng.SuiteRunner.privateRun(SuiteRunner.java:373)
at org.testng.SuiteRunner.run(SuiteRunner.java:312)
at org.testng.SuiteRunnerWorker.runSuite(SuiteRunnerWorker.java:52)
at org.testng.SuiteRunnerWorker.run(SuiteRunnerWorker.java:95)
at org.testng.TestNG.runSuitesSequentially(TestNG.java:1274)
at org.testng.TestNG.runSuitesLocally(TestNG.java:1208)
at org.testng.TestNG.runSuites(TestNG.java:1112)
at org.testng.TestNG.run(TestNG.java:1079)
at org.apache.maven.surefire.testng.TestNGExecutor.run(TestNGExecutor.java:308)
at org.apache.maven.surefire.testng.TestNGXmlTestSuite.execute(TestNGXmlTestSuite.java:71)
at org.apache.maven.surefire.testng.TestNGProvider.invoke(TestNGProvider.java:113)
at org.apache.maven.surefire.booter.ForkedBooter.runSuitesInProcess(ForkedBooter.java:385)
at org.apache.maven.surefire.booter.ForkedBooter.execute(ForkedBooter.java:162)
at org.apache.maven.surefire.booter.ForkedBooter.run(ForkedBooter.java:507)
at org.apache.maven.surefire.booter.ForkedBooter.main(ForkedBooter.java:495)
]]>
            </full-stacktrace>
          </exception> <!-- java.lang.AssertionError -->
          <reporter-output>
          </reporter-output>
        </test-method> <!-- verifySubscriptionUseralreadyExist -->
        <test-method is-config="true" signature="setUpPage()[pri:0, instance:com.ecom.tests.TestCasesPageTest_UI@c86b9e3]" started-at="2025-09-13T12:12:37 IST" name="setUpPage" finished-at="2025-09-13T12:12:37 IST" duration-ms="0" status="PASS">
          <reporter-output>
          </reporter-output>
        </test-method> <!-- setUpPage -->
        <test-method signature="verifyScrollToTopButton()[pri:43, instance:com.ecom.tests.TestCasesPageTest_UI@c86b9e3]" started-at="2025-09-13T12:12:38 IST" name="verifyScrollToTopButton" finished-at="2025-09-13T12:12:38 IST" duration-ms="262" status="PASS">
          <reporter-output>
          </reporter-output>
        </test-method> <!-- verifyScrollToTopButton -->
        <test-method is-config="true" signature="setUpPage()[pri:0, instance:com.ecom.tests.TestCasesPageTest_UI@c86b9e3]" started-at="2025-09-13T12:12:38 IST" name="setUpPage" finished-at="2025-09-13T12:12:38 IST" duration-ms="0" status="PASS">
          <reporter-output>
          </reporter-output>
        </test-method> <!-- setUpPage -->
        <test-method is-config="true" signature="teardownClass()[pri:0, instance:com.ecom.tests.TestCasesPageTest_UI@c86b9e3]" started-at="2025-09-13T12:12:38 IST" name="teardownClass" finished-at="2025-09-13T12:12:38 IST" duration-ms="271" status="PASS">
          <reporter-output>
          </reporter-output>
        </test-method> <!-- teardownClass -->
      </class> <!-- com.ecom.tests.TestCasesPageTest_UI -->
      <class name="com.ecom.tests.APITestingPageTest_UI">
        <test-method is-config="true" signature="startReport()[pri:0, instance:com.ecom.tests.APITestingPageTest_UI@7494f96a]" started-at="2025-09-13T12:10:19 IST" name="startReport" finished-at="2025-09-13T12:10:19 IST" duration-ms="382" status="PASS">
          <reporter-output>
          </reporter-output>
        </test-method> <!-- startReport -->
        <test-method is-config="true" signature="setupClass()[pri:0, instance:com.ecom.tests.APITestingPageTest_UI@7494f96a]" started-at="2025-09-13T12:10:19 IST" name="setupClass" finished-at="2025-09-13T12:10:27 IST" duration-ms="8499" status="PASS">
          <reporter-output>
          </reporter-output>
        </test-method> <!-- setupClass -->
        <test-method is-config="true" signature="setUpPage()[pri:0, instance:com.ecom.tests.APITestingPageTest_UI@7494f96a]" started-at="2025-09-13T12:10:28 IST" name="setUpPage" finished-at="2025-09-13T12:10:28 IST" duration-ms="5" status="PASS">
          <reporter-output>
          </reporter-output>
        </test-method> <!-- setUpPage -->
        <test-method signature="verifyLogoDisplayed()[pri:1, instance:com.ecom.tests.APITestingPageTest_UI@7494f96a]" started-at="2025-09-13T12:10:28 IST" name="verifyLogoDisplayed" finished-at="2025-09-13T12:10:29 IST" duration-ms="1860" status="PASS">
          <reporter-output>
          </reporter-output>
        </test-method> <!-- verifyLogoDisplayed -->
        <test-method is-config="true" signature="setUpPage()[pri:0, instance:com.ecom.tests.APITestingPageTest_UI@7494f96a]" started-at="2025-09-13T12:10:29 IST" name="setUpPage" finished-at="2025-09-13T12:10:29 IST" duration-ms="1" status="PASS">
          <reporter-output>
          </reporter-output>
        </test-method> <!-- setUpPage -->
        <test-method signature="verifyProductsIconDisplayed()[pri:2, instance:com.ecom.tests.APITestingPageTest_UI@7494f96a]" started-at="2025-09-13T12:10:29 IST" name="verifyProductsIconDisplayed" finished-at="2025-09-13T12:10:30 IST" duration-ms="347" status="PASS">
          <reporter-output>
          </reporter-output>
        </test-method> <!-- verifyProductsIconDisplayed -->
        <test-method is-config="true" signature="setUpPage()[pri:0, instance:com.ecom.tests.APITestingPageTest_UI@7494f96a]" started-at="2025-09-13T12:10:30 IST" name="setUpPage" finished-at="2025-09-13T12:10:30 IST" duration-ms="1" status="PASS">
          <reporter-output>
          </reporter-output>
        </test-method> <!-- setUpPage -->
        <test-method signature="verifyCartIconDisplayed()[pri:3, instance:com.ecom.tests.APITestingPageTest_UI@7494f96a]" started-at="2025-09-13T12:10:30 IST" name="verifyCartIconDisplayed" finished-at="2025-09-13T12:10:30 IST" duration-ms="159" status="PASS">
          <reporter-output>
          </reporter-output>
        </test-method> <!-- verifyCartIconDisplayed -->
        <test-method is-config="true" signature="setUpPage()[pri:0, instance:com.ecom.tests.APITestingPageTest_UI@7494f96a]" started-at="2025-09-13T12:10:30 IST" name="setUpPage" finished-at="2025-09-13T12:10:30 IST" duration-ms="1" status="PASS">
          <reporter-output>
          </reporter-output>
        </test-method> <!-- setUpPage -->
        <test-method signature="verifySignupLoginIconDisplayed()[pri:4, instance:com.ecom.tests.APITestingPageTest_UI@7494f96a]" started-at="2025-09-13T12:10:30 IST" name="verifySignupLoginIconDisplayed" finished-at="2025-09-13T12:10:30 IST" duration-ms="215" status="PASS">
          <reporter-output>
          </reporter-output>
        </test-method> <!-- verifySignupLoginIconDisplayed -->
        <test-method is-config="true" signature="setUpPage()[pri:0, instance:com.ecom.tests.APITestingPageTest_UI@7494f96a]" started-at="2025-09-13T12:10:30 IST" name="setUpPage" finished-at="2025-09-13T12:10:30 IST" duration-ms="0" status="PASS">
          <reporter-output>
          </reporter-output>
        </test-method> <!-- setUpPage -->
        <test-method signature="verifyVideoTutorialsIconDisplayed()[pri:5, instance:com.ecom.tests.APITestingPageTest_UI@7494f96a]" started-at="2025-09-13T12:10:30 IST" name="verifyVideoTutorialsIconDisplayed" finished-at="2025-09-13T12:10:30 IST" duration-ms="139" status="PASS">
          <reporter-output>
          </reporter-output>
        </test-method> <!-- verifyVideoTutorialsIconDisplayed -->
        <test-method is-config="true" signature="setUpPage()[pri:0, instance:com.ecom.tests.APITestingPageTest_UI@7494f96a]" started-at="2025-09-13T12:10:30 IST" name="setUpPage" finished-at="2025-09-13T12:10:30 IST" duration-ms="1" status="PASS">
          <reporter-output>
          </reporter-output>
        </test-method> <!-- setUpPage -->
        <test-method signature="verifyHomeIconDisplayed()[pri:6, instance:com.ecom.tests.APITestingPageTest_UI@7494f96a]" started-at="2025-09-13T12:10:30 IST" name="verifyHomeIconDisplayed" finished-at="2025-09-13T12:10:30 IST" duration-ms="139" status="PASS">
          <reporter-output>
          </reporter-output>
        </test-method> <!-- verifyHomeIconDisplayed -->
        <test-method signature="verifyContactUsIconDisplayed()[pri:7, instance:com.ecom.tests.APITestingPageTest_UI@7494f96a]" started-at="2025-09-13T12:10:30 IST" name="verifyContactUsIconDisplayed" finished-at="2025-09-13T12:10:31 IST" duration-ms="159" status="PASS">
          <reporter-output>
          </reporter-output>
        </test-method> <!-- verifyContactUsIconDisplayed -->
        <test-method is-config="true" signature="setUpPage()[pri:0, instance:com.ecom.tests.APITestingPageTest_UI@7494f96a]" started-at="2025-09-13T12:10:30 IST" name="setUpPage" finished-at="2025-09-13T12:10:30 IST" duration-ms="0" status="PASS">
          <reporter-output>
          </reporter-output>
        </test-method> <!-- setUpPage -->
        <test-method is-config="true" signature="setUpPage()[pri:0, instance:com.ecom.tests.APITestingPageTest_UI@7494f96a]" started-at="2025-09-13T12:10:31 IST" name="setUpPage" finished-at="2025-09-13T12:10:31 IST" duration-ms="1" status="PASS">
          <reporter-output>
          </reporter-output>
        </test-method> <!-- setUpPage -->
        <test-method signature="verifyApiTestingIconDisplayed()[pri:8, instance:com.ecom.tests.APITestingPageTest_UI@7494f96a]" started-at="2025-09-13T12:10:31 IST" name="verifyApiTestingIconDisplayed" finished-at="2025-09-13T12:10:31 IST" duration-ms="156" status="PASS">
          <reporter-output>
          </reporter-output>
        </test-method> <!-- verifyApiTestingIconDisplayed -->
        <test-method is-config="true" signature="setUpPage()[pri:0, instance:com.ecom.tests.APITestingPageTest_UI@7494f96a]" started-at="2025-09-13T12:10:31 IST" name="setUpPage" finished-at="2025-09-13T12:10:31 IST" duration-ms="1" status="PASS">
          <reporter-output>
          </reporter-output>
        </test-method> <!-- setUpPage -->
        <test-method signature="verifyApilistSectionDisplayed()[pri:9, instance:com.ecom.tests.APITestingPageTest_UI@7494f96a]" started-at="2025-09-13T12:10:31 IST" name="verifyApilistSectionDisplayed" finished-at="2025-09-13T12:10:31 IST" duration-ms="136" status="PASS">
          <reporter-output>
          </reporter-output>
        </test-method> <!-- verifyApilistSectionDisplayed -->
        <test-method is-config="true" signature="setUpPage()[pri:0, instance:com.ecom.tests.APITestingPageTest_UI@7494f96a]" started-at="2025-09-13T12:10:31 IST" name="setUpPage" finished-at="2025-09-13T12:10:31 IST" duration-ms="0" status="PASS">
          <reporter-output>
          </reporter-output>
        </test-method> <!-- setUpPage -->
        <test-method signature="verifyApiList1LinkDisplayed()[pri:10, instance:com.ecom.tests.APITestingPageTest_UI@7494f96a]" started-at="2025-09-13T12:10:31 IST" name="verifyApiList1LinkDisplayed" finished-at="2025-09-13T12:10:31 IST" duration-ms="567" status="PASS">
          <reporter-output>
          </reporter-output>
        </test-method> <!-- verifyApiList1LinkDisplayed -->
        <test-method signature="verifyApiList2LinkDisplayed()[pri:11, instance:com.ecom.tests.APITestingPageTest_UI@7494f96a]" started-at="2025-09-13T12:10:31 IST" name="verifyApiList2LinkDisplayed" finished-at="2025-09-13T12:10:32 IST" duration-ms="538" status="PASS">
          <reporter-output>
          </reporter-output>
        </test-method> <!-- verifyApiList2LinkDisplayed -->
        <test-method is-config="true" signature="setUpPage()[pri:0, instance:com.ecom.tests.APITestingPageTest_UI@7494f96a]" started-at="2025-09-13T12:10:31 IST" name="setUpPage" finished-at="2025-09-13T12:10:31 IST" duration-ms="0" status="PASS">
          <reporter-output>
          </reporter-output>
        </test-method> <!-- setUpPage -->
        <test-method is-config="true" signature="setUpPage()[pri:0, instance:com.ecom.tests.APITestingPageTest_UI@7494f96a]" started-at="2025-09-13T12:10:32 IST" name="setUpPage" finished-at="2025-09-13T12:10:32 IST" duration-ms="1" status="PASS">
          <reporter-output>
          </reporter-output>
        </test-method> <!-- setUpPage -->
        <test-method signature="verifyApiList3LinkDisplayed()[pri:12, instance:com.ecom.tests.APITestingPageTest_UI@7494f96a]" started-at="2025-09-13T12:10:32 IST" name="verifyApiList3LinkDisplayed" finished-at="2025-09-13T12:10:33 IST" duration-ms="556" status="PASS">
          <reporter-output>
          </reporter-output>
        </test-method> <!-- verifyApiList3LinkDisplayed -->
        <test-method is-config="true" signature="setUpPage()[pri:0, instance:com.ecom.tests.APITestingPageTest_UI@7494f96a]" started-at="2025-09-13T12:10:33 IST" name="setUpPage" finished-at="2025-09-13T12:10:33 IST" duration-ms="1" status="PASS">
          <reporter-output>
          </reporter-output>
        </test-method> <!-- setUpPage -->
        <test-method signature="verifyApiList4LinkDisplayed()[pri:13, instance:com.ecom.tests.APITestingPageTest_UI@7494f96a]" started-at="2025-09-13T12:10:33 IST" name="verifyApiList4LinkDisplayed" finished-at="2025-09-13T12:10:33 IST" duration-ms="523" status="PASS">
          <reporter-output>
          </reporter-output>
        </test-method> <!-- verifyApiList4LinkDisplayed -->
        <test-method signature="verifyApiList5LinkDisplayed()[pri:14, instance:com.ecom.tests.APITestingPageTest_UI@7494f96a]" started-at="2025-09-13T12:10:33 IST" name="verifyApiList5LinkDisplayed" finished-at="2025-09-13T12:10:34 IST" duration-ms="555" status="PASS">
          <reporter-output>
          </reporter-output>
        </test-method> <!-- verifyApiList5LinkDisplayed -->
        <test-method is-config="true" signature="setUpPage()[pri:0, instance:com.ecom.tests.APITestingPageTest_UI@7494f96a]" started-at="2025-09-13T12:10:33 IST" name="setUpPage" finished-at="2025-09-13T12:10:33 IST" duration-ms="0" status="PASS">
          <reporter-output>
          </reporter-output>
        </test-method> <!-- setUpPage -->
        <test-method is-config="true" signature="setUpPage()[pri:0, instance:com.ecom.tests.APITestingPageTest_UI@7494f96a]" started-at="2025-09-13T12:10:34 IST" name="setUpPage" finished-at="2025-09-13T12:10:34 IST" duration-ms="1" status="PASS">
          <reporter-output>
          </reporter-output>
        </test-method> <!-- setUpPage -->
        <test-method signature="verifyApiList6LinkDisplayed()[pri:15, instance:com.ecom.tests.APITestingPageTest_UI@7494f96a]" started-at="2025-09-13T12:10:34 IST" name="verifyApiList6LinkDisplayed" finished-at="2025-09-13T12:10:34 IST" duration-ms="552" status="PASS">
          <reporter-output>
          </reporter-output>
        </test-method> <!-- verifyApiList6LinkDisplayed -->
        <test-method is-config="true" signature="setUpPage()[pri:0, instance:com.ecom.tests.APITestingPageTest_UI@7494f96a]" started-at="2025-09-13T12:10:34 IST" name="setUpPage" finished-at="2025-09-13T12:10:34 IST" duration-ms="1" status="PASS">
          <reporter-output>
          </reporter-output>
        </test-method> <!-- setUpPage -->
        <test-method signature="verifyApiList7LinkDisplayed()[pri:16, instance:com.ecom.tests.APITestingPageTest_UI@7494f96a]" started-at="2025-09-13T12:10:34 IST" name="verifyApiList7LinkDisplayed" finished-at="2025-09-13T12:10:35 IST" duration-ms="496" status="PASS">
          <reporter-output>
          </reporter-output>
        </test-method> <!-- verifyApiList7LinkDisplayed -->
        <test-method signature="verifyApiList8LinkDisplayed()[pri:17, instance:com.ecom.tests.APITestingPageTest_UI@7494f96a]" started-at="2025-09-13T12:10:35 IST" name="verifyApiList8LinkDisplayed" finished-at="2025-09-13T12:10:35 IST" duration-ms="553" status="PASS">
          <reporter-output>
          </reporter-output>
        </test-method> <!-- verifyApiList8LinkDisplayed -->
        <test-method is-config="true" signature="setUpPage()[pri:0, instance:com.ecom.tests.APITestingPageTest_UI@7494f96a]" started-at="2025-09-13T12:10:35 IST" name="setUpPage" finished-at="2025-09-13T12:10:35 IST" duration-ms="0" status="PASS">
          <reporter-output>
          </reporter-output>
        </test-method> <!-- setUpPage -->
        <test-method is-config="true" signature="setUpPage()[pri:0, instance:com.ecom.tests.APITestingPageTest_UI@7494f96a]" started-at="2025-09-13T12:10:35 IST" name="setUpPage" finished-at="2025-09-13T12:10:35 IST" duration-ms="0" status="PASS">
          <reporter-output>
          </reporter-output>
        </test-method> <!-- setUpPage -->
        <test-method signature="verifyApiList9LinkDisplayed()[pri:18, instance:com.ecom.tests.APITestingPageTest_UI@7494f96a]" started-at="2025-09-13T12:10:35 IST" name="verifyApiList9LinkDisplayed" finished-at="2025-09-13T12:10:36 IST" duration-ms="525" status="PASS">
          <reporter-output>
          </reporter-output>
        </test-method> <!-- verifyApiList9LinkDisplayed -->
        <test-method signature="verifyApiList10LinkDisplayed()[pri:19, instance:com.ecom.tests.APITestingPageTest_UI@7494f96a]" started-at="2025-09-13T12:10:36 IST" name="verifyApiList10LinkDisplayed" finished-at="2025-09-13T12:10:36 IST" duration-ms="590" status="PASS">
          <reporter-output>
          </reporter-output>
        </test-method> <!-- verifyApiList10LinkDisplayed -->
        <test-method is-config="true" signature="setUpPage()[pri:0, instance:com.ecom.tests.APITestingPageTest_UI@7494f96a]" started-at="2025-09-13T12:10:36 IST" name="setUpPage" finished-at="2025-09-13T12:10:36 IST" duration-ms="0" status="PASS">
          <reporter-output>
          </reporter-output>
        </test-method> <!-- setUpPage -->
        <test-method signature="verifyApiList11LinkDisplayed()[pri:20, instance:com.ecom.tests.APITestingPageTest_UI@7494f96a]" started-at="2025-09-13T12:10:36 IST" name="verifyApiList11LinkDisplayed" finished-at="2025-09-13T12:10:37 IST" duration-ms="487" status="PASS">
          <reporter-output>
          </reporter-output>
        </test-method> <!-- verifyApiList11LinkDisplayed -->
        <test-method is-config="true" signature="setUpPage()[pri:0, instance:com.ecom.tests.APITestingPageTest_UI@7494f96a]" started-at="2025-09-13T12:10:36 IST" name="setUpPage" finished-at="2025-09-13T12:10:36 IST" duration-ms="0" status="PASS">
          <reporter-output>
          </reporter-output>
        </test-method> <!-- setUpPage -->
        <test-method is-config="true" signature="setUpPage()[pri:0, instance:com.ecom.tests.APITestingPageTest_UI@7494f96a]" started-at="2025-09-13T12:10:37 IST" name="setUpPage" finished-at="2025-09-13T12:10:37 IST" duration-ms="1" status="PASS">
          <reporter-output>
          </reporter-output>
        </test-method> <!-- setUpPage -->
        <test-method signature="verifyApiList12LinkDisplayed()[pri:21, instance:com.ecom.tests.APITestingPageTest_UI@7494f96a]" started-at="2025-09-13T12:10:37 IST" name="verifyApiList12LinkDisplayed" finished-at="2025-09-13T12:10:37 IST" duration-ms="511" status="PASS">
          <reporter-output>
          </reporter-output>
        </test-method> <!-- verifyApiList12LinkDisplayed -->
        <test-method is-config="true" signature="setUpPage()[pri:0, instance:com.ecom.tests.APITestingPageTest_UI@7494f96a]" started-at="2025-09-13T12:10:37 IST" name="setUpPage" finished-at="2025-09-13T12:10:37 IST" duration-ms="1" status="PASS">
          <reporter-output>
          </reporter-output>
        </test-method> <!-- setUpPage -->
        <test-method signature="verifyApiList13LinkDisplayed()[pri:22, instance:com.ecom.tests.APITestingPageTest_UI@7494f96a]" started-at="2025-09-13T12:10:37 IST" name="verifyApiList13LinkDisplayed" finished-at="2025-09-13T12:10:38 IST" duration-ms="569" status="PASS">
          <reporter-output>
          </reporter-output>
        </test-method> <!-- verifyApiList13LinkDisplayed -->
        <test-method is-config="true" signature="setUpPage()[pri:0, instance:com.ecom.tests.APITestingPageTest_UI@7494f96a]" started-at="2025-09-13T12:10:38 IST" name="setUpPage" finished-at="2025-09-13T12:10:38 IST" duration-ms="1" status="PASS">
          <reporter-output>
          </reporter-output>
        </test-method> <!-- setUpPage -->
        <test-method signature="verifyApiList14LinkDisplayed()[pri:23, instance:com.ecom.tests.APITestingPageTest_UI@7494f96a]" started-at="2025-09-13T12:10:38 IST" name="verifyApiList14LinkDisplayed" finished-at="2025-09-13T12:10:38 IST" duration-ms="575" status="PASS">
          <reporter-output>
          </reporter-output>
        </test-method> <!-- verifyApiList14LinkDisplayed -->
        <test-method is-config="true" signature="setUpPage()[pri:0, instance:com.ecom.tests.APITestingPageTest_UI@7494f96a]" started-at="2025-09-13T12:10:38 IST" name="setUpPage" finished-at="2025-09-13T12:10:38 IST" duration-ms="1" status="PASS">
          <reporter-output>
          </reporter-output>
        </test-method> <!-- setUpPage -->
        <test-method signature="verifyFeedbackSectionDisplayed()[pri:24, instance:com.ecom.tests.APITestingPageTest_UI@7494f96a]" started-at="2025-09-13T12:10:38 IST" name="verifyFeedbackSectionDisplayed" finished-at="2025-09-13T12:10:39 IST" duration-ms="140" status="PASS">
          <reporter-output>
          </reporter-output>
        </test-method> <!-- verifyFeedbackSectionDisplayed -->
        <test-method signature="verifyFeedbackEmailDisplayed()[pri:25, instance:com.ecom.tests.APITestingPageTest_UI@7494f96a]" started-at="2025-09-13T12:10:39 IST" name="verifyFeedbackEmailDisplayed" finished-at="2025-09-13T12:10:39 IST" duration-ms="146" status="PASS">
          <reporter-output>
          </reporter-output>
        </test-method> <!-- verifyFeedbackEmailDisplayed -->
        <test-method is-config="true" signature="setUpPage()[pri:0, instance:com.ecom.tests.APITestingPageTest_UI@7494f96a]" started-at="2025-09-13T12:10:39 IST" name="setUpPage" finished-at="2025-09-13T12:10:39 IST" duration-ms="0" status="PASS">
          <reporter-output>
          </reporter-output>
        </test-method> <!-- setUpPage -->
        <test-method is-config="true" signature="setUpPage()[pri:0, instance:com.ecom.tests.APITestingPageTest_UI@7494f96a]" started-at="2025-09-13T12:10:39 IST" name="setUpPage" finished-at="2025-09-13T12:10:39 IST" duration-ms="1" status="PASS">
          <reporter-output>
          </reporter-output>
        </test-method> <!-- setUpPage -->
        <test-method signature="verifySubscriptionIconVisible()[pri:26, instance:com.ecom.tests.APITestingPageTest_UI@7494f96a]" started-at="2025-09-13T12:10:39 IST" name="verifySubscriptionIconVisible" finished-at="2025-09-13T12:10:39 IST" duration-ms="139" status="PASS">
          <reporter-output>
          </reporter-output>
        </test-method> <!-- verifySubscriptionIconVisible -->
        <test-method is-config="true" signature="setUpPage()[pri:0, instance:com.ecom.tests.APITestingPageTest_UI@7494f96a]" started-at="2025-09-13T12:10:39 IST" name="setUpPage" finished-at="2025-09-13T12:10:39 IST" duration-ms="1" status="PASS">
          <reporter-output>
          </reporter-output>
        </test-method> <!-- setUpPage -->
        <test-method signature="verifySubscriptionEmpty()[pri:27, instance:com.ecom.tests.APITestingPageTest_UI@7494f96a]" started-at="2025-09-13T12:10:39 IST" name="verifySubscriptionEmpty" finished-at="2025-09-13T12:10:39 IST" duration-ms="450" status="PASS">
          <reporter-output>
          </reporter-output>
        </test-method> <!-- verifySubscriptionEmpty -->
        <test-method is-config="true" signature="setUpPage()[pri:0, instance:com.ecom.tests.APITestingPageTest_UI@7494f96a]" started-at="2025-09-13T12:10:41 IST" name="setUpPage" finished-at="2025-09-13T12:10:41 IST" duration-ms="1" status="PASS">
          <reporter-output>
          </reporter-output>
        </test-method> <!-- setUpPage -->
        <test-method signature="verifySubscriptionInvalid(java.lang.String)[pri:28, instance:com.ecom.tests.APITestingPageTest_UI@7494f96a]" started-at="2025-09-13T12:10:41 IST" name="verifySubscriptionInvalid" data-provider="subscriptionDataInvalid" finished-at="2025-09-13T12:10:43 IST" duration-ms="2582" status="PASS">
          <params>
            <param index="0">
              <value>
                <![CDATA[kaviyaGma.com]]>
              </value>
            </param>
          </params>
          <reporter-output>
          </reporter-output>
        </test-method> <!-- verifySubscriptionInvalid -->
        <test-method signature="verifySubscriptionValid(java.lang.String)[pri:29, instance:com.ecom.tests.APITestingPageTest_UI@7494f96a]" started-at="2025-09-13T12:10:43 IST" name="verifySubscriptionValid" data-provider="subscriptionDataValid" finished-at="2025-09-13T12:10:44 IST" duration-ms="461" status="PASS">
          <params>
            <param index="0">
              <value>
                <![CDATA[kaviya@gmail.com]]>
              </value>
            </param>
          </params>
          <reporter-output>
          </reporter-output>
        </test-method> <!-- verifySubscriptionValid -->
        <test-method is-config="true" signature="setUpPage()[pri:0, instance:com.ecom.tests.APITestingPageTest_UI@7494f96a]" started-at="2025-09-13T12:10:43 IST" name="setUpPage" finished-at="2025-09-13T12:10:43 IST" duration-ms="0" status="PASS">
          <reporter-output>
          </reporter-output>
        </test-method> <!-- setUpPage -->
        <test-method is-config="true" signature="setUpPage()[pri:0, instance:com.ecom.tests.APITestingPageTest_UI@7494f96a]" started-at="2025-09-13T12:10:44 IST" name="setUpPage" finished-at="2025-09-13T12:10:44 IST" duration-ms="1" status="PASS">
          <reporter-output>
          </reporter-output>
        </test-method> <!-- setUpPage -->
        <test-method signature="verifySubscriptionUseralreadyExist(java.lang.String)[pri:30, instance:com.ecom.tests.APITestingPageTest_UI@7494f96a]" started-at="2025-09-13T12:10:44 IST" name="verifySubscriptionUseralreadyExist" data-provider="subscriptionDataValid" finished-at="2025-09-13T12:10:44 IST" duration-ms="393" status="FAIL">
          <params>
            <param index="0">
              <value>
                <![CDATA[kaviya@gmail.com]]>
              </value>
            </param>
          </params>
          <exception class="java.lang.AssertionError">
            <message>
              <![CDATA[Subscription success message should NOT be displayed! expected [false] but found [true]]]>
            </message>
            <full-stacktrace>
              <![CDATA[java.lang.AssertionError: Subscription success message should NOT be displayed! expected [false] but found [true]
at org.testng.Assert.fail(Assert.java:111)
at org.testng.Assert.failNotEquals(Assert.java:1578)
at org.testng.Assert.assertFalse(Assert.java:79)
at com.ecom.tests.APITestingPageTest_UI.verifySubscriptionUseralreadyExist(APITestingPageTest_UI.java:393)
at java.base/jdk.internal.reflect.NativeMethodAccessorImpl.invoke0(Native Method)
at java.base/jdk.internal.reflect.NativeMethodAccessorImpl.invoke(NativeMethodAccessorImpl.java:77)
at java.base/jdk.internal.reflect.DelegatingMethodAccessorImpl.invoke(DelegatingMethodAccessorImpl.java:43)
at java.base/java.lang.reflect.Method.invoke(Method.java:568)
at org.testng.internal.invokers.MethodInvocationHelper.invokeMethod(MethodInvocationHelper.java:141)
at org.testng.internal.invokers.TestInvoker.invokeMethod(TestInvoker.java:686)
at org.testng.internal.invokers.TestInvoker.invokeTestMethod(TestInvoker.java:230)
at org.testng.internal.invokers.MethodRunner.runInSequence(MethodRunner.java:63)
at org.testng.internal.invokers.TestInvoker$MethodInvocationAgent.invoke(TestInvoker.java:992)
at org.testng.internal.invokers.TestInvoker.invokeTestMethods(TestInvoker.java:203)
at org.testng.internal.invokers.TestMethodWorker.invokeTestMethods(TestMethodWorker.java:154)
at org.testng.internal.invokers.TestMethodWorker.run(TestMethodWorker.java:134)
at java.base/java.util.ArrayList.forEach(ArrayList.java:1511)
at org.testng.TestRunner.privateRun(TestRunner.java:739)
at org.testng.TestRunner.run(TestRunner.java:614)
at org.testng.SuiteRunner.runTest(SuiteRunner.java:421)
at org.testng.SuiteRunner.runSequentially(SuiteRunner.java:413)
at org.testng.SuiteRunner.privateRun(SuiteRunner.java:373)
at org.testng.SuiteRunner.run(SuiteRunner.java:312)
at org.testng.SuiteRunnerWorker.runSuite(SuiteRunnerWorker.java:52)
at org.testng.SuiteRunnerWorker.run(SuiteRunnerWorker.java:95)
at org.testng.TestNG.runSuitesSequentially(TestNG.java:1274)
at org.testng.TestNG.runSuitesLocally(TestNG.java:1208)
at org.testng.TestNG.runSuites(TestNG.java:1112)
at org.testng.TestNG.run(TestNG.java:1079)
at org.apache.maven.surefire.testng.TestNGExecutor.run(TestNGExecutor.java:308)
at org.apache.maven.surefire.testng.TestNGXmlTestSuite.execute(TestNGXmlTestSuite.java:71)
at org.apache.maven.surefire.testng.TestNGProvider.invoke(TestNGProvider.java:113)
at org.apache.maven.surefire.booter.ForkedBooter.runSuitesInProcess(ForkedBooter.java:385)
at org.apache.maven.surefire.booter.ForkedBooter.execute(ForkedBooter.java:162)
at org.apache.maven.surefire.booter.ForkedBooter.run(ForkedBooter.java:507)
at org.apache.maven.surefire.booter.ForkedBooter.main(ForkedBooter.java:495)
]]>
            </full-stacktrace>
          </exception> <!-- java.lang.AssertionError -->
          <reporter-output>
          </reporter-output>
        </test-method> <!-- verifySubscriptionUseralreadyExist -->
        <test-method signature="verifyScrollToTopButton()[pri:31, instance:com.ecom.tests.APITestingPageTest_UI@7494f96a]" started-at="2025-09-13T12:10:44 IST" name="verifyScrollToTopButton" finished-at="2025-09-13T12:10:45 IST" duration-ms="302" status="PASS">
          <reporter-output>
          </reporter-output>
        </test-method> <!-- verifyScrollToTopButton -->
        <test-method is-config="true" signature="setUpPage()[pri:0, instance:com.ecom.tests.APITestingPageTest_UI@7494f96a]" started-at="2025-09-13T12:10:44 IST" name="setUpPage" finished-at="2025-09-13T12:10:44 IST" duration-ms="0" status="PASS">
          <reporter-output>
          </reporter-output>
        </test-method> <!-- setUpPage -->
        <test-method is-config="true" signature="teardownClass()[pri:0, instance:com.ecom.tests.APITestingPageTest_UI@7494f96a]" started-at="2025-09-13T12:10:45 IST" name="teardownClass" finished-at="2025-09-13T12:10:45 IST" duration-ms="289" status="PASS">
          <reporter-output>
          </reporter-output>
        </test-method> <!-- teardownClass -->
        <test-method is-config="true" signature="endReport()[pri:0, instance:com.ecom.tests.APITestingPageTest_UI@7494f96a]" started-at="2025-09-13T12:12:38 IST" name="endReport" finished-at="2025-09-13T12:12:39 IST" duration-ms="593" status="PASS">
          <reporter-output>
          </reporter-output>
        </test-method> <!-- endReport -->
      </class> <!-- com.ecom.tests.APITestingPageTest_UI -->
      <class name="com.ecom.tests.SubscriptionHomePageTest_Functional">
        <test-method is-config="true" signature="setupClass()[pri:0, instance:com.ecom.tests.SubscriptionHomePageTest_Functional@6aaceffd]" started-at="2025-09-13T12:11:53 IST" name="setupClass" finished-at="2025-09-13T12:12:06 IST" duration-ms="13154" status="PASS">
          <reporter-output>
          </reporter-output>
        </test-method> <!-- setupClass -->
        <test-method is-config="true" signature="setUpPage()[pri:0, instance:com.ecom.tests.SubscriptionHomePageTest_Functional@6aaceffd]" started-at="2025-09-13T12:12:06 IST" name="setUpPage" finished-at="2025-09-13T12:12:06 IST" duration-ms="3" status="PASS">
          <reporter-output>
          </reporter-output>
        </test-method> <!-- setUpPage -->
        <test-method signature="verifySubscriptionIconVisible()[pri:1, instance:com.ecom.tests.SubscriptionHomePageTest_Functional@6aaceffd]" started-at="2025-09-13T12:12:06 IST" name="verifySubscriptionIconVisible" finished-at="2025-09-13T12:12:08 IST" duration-ms="2293" status="PASS">
          <reporter-output>
          </reporter-output>
        </test-method> <!-- verifySubscriptionIconVisible -->
        <test-method signature="verifySubscriptionEmpty()[pri:2, instance:com.ecom.tests.SubscriptionHomePageTest_Functional@6aaceffd]" started-at="2025-09-13T12:12:08 IST" name="verifySubscriptionEmpty" finished-at="2025-09-13T12:12:09 IST" duration-ms="594" status="PASS">
          <reporter-output>
          </reporter-output>
        </test-method> <!-- verifySubscriptionEmpty -->
        <test-method is-config="true" signature="setUpPage()[pri:0, instance:com.ecom.tests.SubscriptionHomePageTest_Functional@6aaceffd]" started-at="2025-09-13T12:12:08 IST" name="setUpPage" finished-at="2025-09-13T12:12:08 IST" duration-ms="0" status="PASS">
          <reporter-output>
          </reporter-output>
        </test-method> <!-- setUpPage -->
        <test-method is-config="true" signature="setUpPage()[pri:0, instance:com.ecom.tests.SubscriptionHomePageTest_Functional@6aaceffd]" started-at="2025-09-13T12:12:09 IST" name="setUpPage" finished-at="2025-09-13T12:12:09 IST" duration-ms="1" status="PASS">
          <reporter-output>
          </reporter-output>
        </test-method> <!-- setUpPage -->
        <test-method signature="verifySubscriptionInvalid(java.lang.String)[pri:3, instance:com.ecom.tests.SubscriptionHomePageTest_Functional@6aaceffd]" started-at="2025-09-13T12:12:09 IST" name="verifySubscriptionInvalid" data-provider="subscriptionDataInvalid" finished-at="2025-09-13T12:12:11 IST" duration-ms="2533" status="PASS">
          <params>
            <param index="0">
              <value>
                <![CDATA[kaviyaGma.com]]>
              </value>
            </param>
          </params>
          <reporter-output>
          </reporter-output>
        </test-method> <!-- verifySubscriptionInvalid -->
        <test-method signature="verifySubscriptionValid(java.lang.String)[pri:4, instance:com.ecom.tests.SubscriptionHomePageTest_Functional@6aaceffd]" started-at="2025-09-13T12:12:11 IST" name="verifySubscriptionValid" data-provider="subscriptionDataValid" finished-at="2025-09-13T12:12:12 IST" duration-ms="369" status="PASS">
          <params>
            <param index="0">
              <value>
                <![CDATA[kaviya@gmail.com]]>
              </value>
            </param>
          </params>
          <reporter-output>
          </reporter-output>
        </test-method> <!-- verifySubscriptionValid -->
        <test-method is-config="true" signature="setUpPage()[pri:0, instance:com.ecom.tests.SubscriptionHomePageTest_Functional@6aaceffd]" started-at="2025-09-13T12:12:11 IST" name="setUpPage" finished-at="2025-09-13T12:12:11 IST" duration-ms="0" status="PASS">
          <reporter-output>
          </reporter-output>
        </test-method> <!-- setUpPage -->
        <test-method is-config="true" signature="setUpPage()[pri:0, instance:com.ecom.tests.SubscriptionHomePageTest_Functional@6aaceffd]" started-at="2025-09-13T12:12:12 IST" name="setUpPage" finished-at="2025-09-13T12:12:12 IST" duration-ms="1" status="PASS">
          <reporter-output>
          </reporter-output>
        </test-method> <!-- setUpPage -->
        <test-method signature="verifySubscriptionUseralreadyExist(java.lang.String)[pri:5, instance:com.ecom.tests.SubscriptionHomePageTest_Functional@6aaceffd]" started-at="2025-09-13T12:12:12 IST" name="verifySubscriptionUseralreadyExist" data-provider="subscriptionDataValid" finished-at="2025-09-13T12:12:12 IST" duration-ms="359" status="FAIL">
          <params>
            <param index="0">
              <value>
                <![CDATA[kaviya@gmail.com]]>
              </value>
            </param>
          </params>
          <exception class="java.lang.AssertionError">
            <message>
              <![CDATA[Subscription success message should NOT be displayed! expected [false] but found [true]]]>
            </message>
            <full-stacktrace>
              <![CDATA[java.lang.AssertionError: Subscription success message should NOT be displayed! expected [false] but found [true]
at org.testng.Assert.fail(Assert.java:111)
at org.testng.Assert.failNotEquals(Assert.java:1578)
at org.testng.Assert.assertFalse(Assert.java:79)
at com.ecom.tests.SubscriptionHomePageTest_Functional.verifySubscriptionUseralreadyExist(SubscriptionHomePageTest_Functional.java:127)
at java.base/jdk.internal.reflect.NativeMethodAccessorImpl.invoke0(Native Method)
at java.base/jdk.internal.reflect.NativeMethodAccessorImpl.invoke(NativeMethodAccessorImpl.java:77)
at java.base/jdk.internal.reflect.DelegatingMethodAccessorImpl.invoke(DelegatingMethodAccessorImpl.java:43)
at java.base/java.lang.reflect.Method.invoke(Method.java:568)
at org.testng.internal.invokers.MethodInvocationHelper.invokeMethod(MethodInvocationHelper.java:141)
at org.testng.internal.invokers.TestInvoker.invokeMethod(TestInvoker.java:686)
at org.testng.internal.invokers.TestInvoker.invokeTestMethod(TestInvoker.java:230)
at org.testng.internal.invokers.MethodRunner.runInSequence(MethodRunner.java:63)
at org.testng.internal.invokers.TestInvoker$MethodInvocationAgent.invoke(TestInvoker.java:992)
at org.testng.internal.invokers.TestInvoker.invokeTestMethods(TestInvoker.java:203)
at org.testng.internal.invokers.TestMethodWorker.invokeTestMethods(TestMethodWorker.java:154)
at org.testng.internal.invokers.TestMethodWorker.run(TestMethodWorker.java:134)
at java.base/java.util.ArrayList.forEach(ArrayList.java:1511)
at org.testng.TestRunner.privateRun(TestRunner.java:739)
at org.testng.TestRunner.run(TestRunner.java:614)
at org.testng.SuiteRunner.runTest(SuiteRunner.java:421)
at org.testng.SuiteRunner.runSequentially(SuiteRunner.java:413)
at org.testng.SuiteRunner.privateRun(SuiteRunner.java:373)
at org.testng.SuiteRunner.run(SuiteRunner.java:312)
at org.testng.SuiteRunnerWorker.runSuite(SuiteRunnerWorker.java:52)
at org.testng.SuiteRunnerWorker.run(SuiteRunnerWorker.java:95)
at org.testng.TestNG.runSuitesSequentially(TestNG.java:1274)
at org.testng.TestNG.runSuitesLocally(TestNG.java:1208)
at org.testng.TestNG.runSuites(TestNG.java:1112)
at org.testng.TestNG.run(TestNG.java:1079)
at org.apache.maven.surefire.testng.TestNGExecutor.run(TestNGExecutor.java:308)
at org.apache.maven.surefire.testng.TestNGXmlTestSuite.execute(TestNGXmlTestSuite.java:71)
at org.apache.maven.surefire.testng.TestNGProvider.invoke(TestNGProvider.java:113)
at org.apache.maven.surefire.booter.ForkedBooter.runSuitesInProcess(ForkedBooter.java:385)
at org.apache.maven.surefire.booter.ForkedBooter.execute(ForkedBooter.java:162)
at org.apache.maven.surefire.booter.ForkedBooter.run(ForkedBooter.java:507)
at org.apache.maven.surefire.booter.ForkedBooter.main(ForkedBooter.java:495)
]]>
            </full-stacktrace>
          </exception> <!-- java.lang.AssertionError -->
          <reporter-output>
          </reporter-output>
        </test-method> <!-- verifySubscriptionUseralreadyExist -->
        <test-method is-config="true" signature="teardownClass()[pri:0, instance:com.ecom.tests.SubscriptionHomePageTest_Functional@6aaceffd]" started-at="2025-09-13T12:12:12 IST" name="teardownClass" finished-at="2025-09-13T12:12:12 IST" duration-ms="310" status="PASS">
          <reporter-output>
          </reporter-output>
        </test-method> <!-- teardownClass -->
      </class> <!-- com.ecom.tests.SubscriptionHomePageTest_Functional -->
    </test> <!-- UI and Functional Test -->
  </suite> <!-- Suite -->
</testng-results>
