<?xml version="1.0" encoding="UTF-8"?>
<testng-results ignored="0" total="32" passed="31" failed="1" skipped="0">
  <reporter-output>
  </reporter-output>
  <suite started-at="2025-09-13T23:13:36 IST" name="Suite" finished-at="2025-09-13T23:14:17 IST" duration-ms="41152">
    <groups>
    </groups>
    <test started-at="2025-09-13T23:13:36 IST" name="TestCasesPage_UI - Chrome" finished-at="2025-09-13T23:14:17 IST" duration-ms="41152">
      <class name="com.ecom.tests.RegisterPageTest_Functional">
        <test-method is-config="true" signature="startReport()[pri:0, instance:com.ecom.tests.RegisterPageTest_Functional@32910148]" started-at="2025-09-13T23:13:35 IST" name="startReport" finished-at="2025-09-13T23:13:36 IST" duration-ms="445" status="PASS">
          <reporter-output>
          </reporter-output>
        </test-method> <!-- startReport -->
        <test-method is-config="true" signature="setupClass()[pri:0, instance:com.ecom.tests.RegisterPageTest_Functional@32910148]" started-at="2025-09-13T23:13:36 IST" name="setupClass" finished-at="2025-09-13T23:13:43 IST" duration-ms="6983" status="PASS">
          <reporter-output>
          </reporter-output>
        </test-method> <!-- setupClass -->
        <test-method is-config="true" signature="setUpPage()[pri:0, instance:com.ecom.tests.RegisterPageTest_Functional@32910148]" started-at="2025-09-13T23:13:43 IST" name="setUpPage" finished-at="2025-09-13T23:13:43 IST" duration-ms="5" status="PASS">
          <reporter-output>
          </reporter-output>
        </test-method> <!-- setUpPage -->
        <test-method signature="verifyBrowserLaunch()[pri:1, instance:com.ecom.tests.RegisterPageTest_Functional@32910148]" started-at="2025-09-13T23:13:43 IST" name="verifyBrowserLaunch" finished-at="2025-09-13T23:13:43 IST" duration-ms="270" status="PASS">
          <reporter-output>
          </reporter-output>
        </test-method> <!-- verifyBrowserLaunch -->
        <test-method is-config="true" signature="setUpPage()[pri:0, instance:com.ecom.tests.RegisterPageTest_Functional@32910148]" started-at="2025-09-13T23:13:43 IST" name="setUpPage" finished-at="2025-09-13T23:13:43 IST" duration-ms="1" status="PASS">
          <reporter-output>
          </reporter-output>
        </test-method> <!-- setUpPage -->
        <test-method signature="verifyHomePageVisibility()[pri:2, instance:com.ecom.tests.RegisterPageTest_Functional@32910148]" started-at="2025-09-13T23:13:43 IST" name="verifyHomePageVisibility" finished-at="2025-09-13T23:13:43 IST" duration-ms="206" status="PASS">
          <reporter-output>
          </reporter-output>
        </test-method> <!-- verifyHomePageVisibility -->
        <test-method is-config="true" signature="setUpPage()[pri:0, instance:com.ecom.tests.RegisterPageTest_Functional@32910148]" started-at="2025-09-13T23:13:43 IST" name="setUpPage" finished-at="2025-09-13T23:13:43 IST" duration-ms="1" status="PASS">
          <reporter-output>
          </reporter-output>
        </test-method> <!-- setUpPage -->
        <test-method signature="verifySignupLoginButtonAvailability()[pri:3, instance:com.ecom.tests.RegisterPageTest_Functional@32910148]" started-at="2025-09-13T23:13:43 IST" name="verifySignupLoginButtonAvailability" finished-at="2025-09-13T23:13:44 IST" duration-ms="1022" status="PASS">
          <reporter-output>
          </reporter-output>
        </test-method> <!-- verifySignupLoginButtonAvailability -->
        <test-method is-config="true" signature="setUpPage()[pri:0, instance:com.ecom.tests.RegisterPageTest_Functional@32910148]" started-at="2025-09-13T23:13:44 IST" name="setUpPage" finished-at="2025-09-13T23:13:44 IST" duration-ms="3" status="PASS">
          <reporter-output>
          </reporter-output>
        </test-method> <!-- setUpPage -->
        <test-method signature="verifySignupLoginNavigation()[pri:4, instance:com.ecom.tests.RegisterPageTest_Functional@32910148]" started-at="2025-09-13T23:13:44 IST" name="verifySignupLoginNavigation" finished-at="2025-09-13T23:13:45 IST" duration-ms="253" status="PASS">
          <reporter-output>
          </reporter-output>
        </test-method> <!-- verifySignupLoginNavigation -->
        <test-method is-config="true" signature="setUpPage()[pri:0, instance:com.ecom.tests.RegisterPageTest_Functional@32910148]" started-at="2025-09-13T23:13:45 IST" name="setUpPage" finished-at="2025-09-13T23:13:45 IST" duration-ms="1" status="PASS">
          <reporter-output>
          </reporter-output>
        </test-method> <!-- setUpPage -->
        <test-method signature="verifyNewUserSignupSectionVisibility()[pri:5, instance:com.ecom.tests.RegisterPageTest_Functional@32910148]" started-at="2025-09-13T23:13:45 IST" name="verifyNewUserSignupSectionVisibility" finished-at="2025-09-13T23:13:45 IST" duration-ms="175" status="PASS">
          <reporter-output>
          </reporter-output>
        </test-method> <!-- verifyNewUserSignupSectionVisibility -->
        <test-method is-config="true" signature="setUpPage()[pri:0, instance:com.ecom.tests.RegisterPageTest_Functional@32910148]" started-at="2025-09-13T23:13:46 IST" name="setUpPage" finished-at="2025-09-13T23:13:46 IST" duration-ms="2" status="PASS">
          <reporter-output>
          </reporter-output>
        </test-method> <!-- setUpPage -->
        <test-method signature="verifyExistSignup(java.lang.String,java.lang.String)[pri:6, instance:com.ecom.tests.RegisterPageTest_Functional@32910148]" started-at="2025-09-13T23:13:46 IST" name="verifyExistSignup" data-provider="accountData1" finished-at="2025-09-13T23:13:48 IST" duration-ms="1961" status="PASS">
          <params>
            <param index="0">
              <value>
                <![CDATA[Test user c]]>
              </value>
            </param>
            <param index="1">
              <value>
                <![CDATA[kaviya@gmail.com]]>
              </value>
            </param>
          </params>
          <reporter-output>
          </reporter-output>
        </test-method> <!-- verifyExistSignup -->
        <test-method is-config="true" signature="setUpPage()[pri:0, instance:com.ecom.tests.RegisterPageTest_Functional@32910148]" started-at="2025-09-13T23:13:49 IST" name="setUpPage" finished-at="2025-09-13T23:13:49 IST" duration-ms="1" status="PASS">
          <reporter-output>
          </reporter-output>
        </test-method> <!-- setUpPage -->
        <test-method signature="verifyInvalidName(java.lang.String,java.lang.String)[pri:7, instance:com.ecom.tests.RegisterPageTest_Functional@32910148]" started-at="2025-09-13T23:13:49 IST" name="verifyInvalidName" data-provider="accountData2" finished-at="2025-09-13T23:13:51 IST" duration-ms="2169" status="FAIL">
          <params>
            <param index="0">
              <value>
                <![CDATA[12#3]]>
              </value>
            </param>
            <param index="1">
              <value>
                <![CDATA[kaviya900@gmail.com]]>
              </value>
            </param>
          </params>
          <exception class="java.lang.AssertionError">
            <message>
              <![CDATA[Navigation to Create Account should NOT happen with invalid name]]>
            </message>
            <full-stacktrace>
              <![CDATA[java.lang.AssertionError: Navigation to Create Account should NOT happen with invalid name
at org.testng.Assert.fail(Assert.java:111)
at com.ecom.tests.RegisterPageTest_Functional.verifyInvalidName(RegisterPageTest_Functional.java:106)
at java.base/jdk.internal.reflect.NativeMethodAccessorImpl.invoke0(Native Method)
at java.base/jdk.internal.reflect.NativeMethodAccessorImpl.invoke(NativeMethodAccessorImpl.java:77)
at java.base/jdk.internal.reflect.DelegatingMethodAccessorImpl.invoke(DelegatingMethodAccessorImpl.java:43)
at java.base/java.lang.reflect.Method.invoke(Method.java:568)
at org.testng.internal.invokers.MethodInvocationHelper.invokeMethod(MethodInvocationHelper.java:141)
at org.testng.internal.invokers.TestInvoker.invokeMethod(TestInvoker.java:687)
at org.testng.internal.invokers.TestInvoker.invokeTestMethod(TestInvoker.java:230)
at org.testng.internal.invokers.MethodRunner.runInSequence(MethodRunner.java:63)
at org.testng.internal.invokers.TestInvoker$MethodInvocationAgent.invoke(TestInvoker.java:995)
at org.testng.internal.invokers.TestInvoker.invokeTestMethods(TestInvoker.java:203)
at org.testng.internal.invokers.TestMethodWorker.invokeTestMethods(TestMethodWorker.java:154)
at org.testng.internal.invokers.TestMethodWorker.run(TestMethodWorker.java:134)
at java.base/java.util.ArrayList.forEach(ArrayList.java:1511)
at org.testng.TestRunner.privateRun(TestRunner.java:741)
at org.testng.TestRunner.run(TestRunner.java:616)
at org.testng.SuiteRunner.runTest(SuiteRunner.java:421)
at org.testng.SuiteRunner.runSequentially(SuiteRunner.java:413)
at org.testng.SuiteRunner.privateRun(SuiteRunner.java:373)
at org.testng.SuiteRunner.run(SuiteRunner.java:312)
at org.testng.SuiteRunnerWorker.runSuite(SuiteRunnerWorker.java:52)
at org.testng.SuiteRunnerWorker.run(SuiteRunnerWorker.java:95)
at org.testng.TestNG.runSuitesSequentially(TestNG.java:1274)
at org.testng.TestNG.runSuitesLocally(TestNG.java:1208)
at org.testng.TestNG.runSuites(TestNG.java:1112)
at org.testng.TestNG.run(TestNG.java:1079)
at org.testng.remote.AbstractRemoteTestNG.run(AbstractRemoteTestNG.java:115)
at org.testng.remote.RemoteTestNG.initAndRun(RemoteTestNG.java:293)
at org.testng.remote.RemoteTestNG.main(RemoteTestNG.java:91)
]]>
            </full-stacktrace>
          </exception> <!-- java.lang.AssertionError -->
          <reporter-output>
          </reporter-output>
        </test-method> <!-- verifyInvalidName -->
        <test-method is-config="true" signature="setUpPage()[pri:0, instance:com.ecom.tests.RegisterPageTest_Functional@32910148]" started-at="2025-09-13T23:13:51 IST" name="setUpPage" finished-at="2025-09-13T23:13:51 IST" duration-ms="4" status="PASS">
          <reporter-output>
          </reporter-output>
        </test-method> <!-- setUpPage -->
        <test-method signature="verifyInvalidEmail(java.lang.String,java.lang.String)[pri:8, instance:com.ecom.tests.RegisterPageTest_Functional@32910148]" started-at="2025-09-13T23:13:51 IST" name="verifyInvalidEmail" data-provider="accountData3" finished-at="2025-09-13T23:13:54 IST" duration-ms="2918" status="PASS">
          <params>
            <param index="0">
              <value>
                <![CDATA[kaviya]]>
              </value>
            </param>
            <param index="1">
              <value>
                <![CDATA[kaviya.com]]>
              </value>
            </param>
          </params>
          <reporter-output>
          </reporter-output>
        </test-method> <!-- verifyInvalidEmail -->
        <test-method signature="verifySignup(java.lang.String,java.lang.String)[pri:9, instance:com.ecom.tests.RegisterPageTest_Functional@32910148]" started-at="2025-09-13T23:13:54 IST" name="verifySignup" data-provider="accountData4" finished-at="2025-09-13T23:13:58 IST" duration-ms="3627" status="PASS">
          <params>
            <param index="0">
              <value>
                <![CDATA[Test user c]]>
              </value>
            </param>
            <param index="1">
              <value>
                <![CDATA[kavi18177@example.com]]>
              </value>
            </param>
          </params>
          <reporter-output>
          </reporter-output>
        </test-method> <!-- verifySignup -->
        <test-method is-config="true" signature="setUpPage()[pri:0, instance:com.ecom.tests.RegisterPageTest_Functional@32910148]" started-at="2025-09-13T23:13:54 IST" name="setUpPage" finished-at="2025-09-13T23:13:54 IST" duration-ms="0" status="PASS">
          <reporter-output>
          </reporter-output>
        </test-method> <!-- setUpPage -->
        <test-method is-config="true" signature="setUpPage()[pri:0, instance:com.ecom.tests.RegisterPageTest_Functional@32910148]" started-at="2025-09-13T23:13:58 IST" name="setUpPage" finished-at="2025-09-13T23:13:58 IST" duration-ms="1" status="PASS">
          <reporter-output>
          </reporter-output>
        </test-method> <!-- setUpPage -->
        <test-method signature="verifySignuptoCreateAccount()[pri:10, instance:com.ecom.tests.RegisterPageTest_Functional@32910148]" started-at="2025-09-13T23:13:58 IST" name="verifySignuptoCreateAccount" finished-at="2025-09-13T23:13:58 IST" duration-ms="177" status="PASS">
          <reporter-output>
          </reporter-output>
        </test-method> <!-- verifySignuptoCreateAccount -->
        <test-method is-config="true" signature="setUpPage()[pri:0, instance:com.ecom.tests.RegisterPageTest_Functional@32910148]" started-at="2025-09-13T23:13:58 IST" name="setUpPage" finished-at="2025-09-13T23:13:58 IST" duration-ms="3" status="PASS">
          <reporter-output>
          </reporter-output>
        </test-method> <!-- setUpPage -->
        <test-method signature="selectTitleTest(java.lang.String)[pri:11, instance:com.ecom.tests.RegisterPageTest_Functional@32910148]" started-at="2025-09-13T23:13:58 IST" name="selectTitleTest" data-provider="accountData5" finished-at="2025-09-13T23:13:58 IST" duration-ms="303" status="PASS">
          <params>
            <param index="0">
              <value>
                <![CDATA[Mrs]]>
              </value>
            </param>
          </params>
          <reporter-output>
          </reporter-output>
        </test-method> <!-- selectTitleTest -->
        <test-method is-config="true" signature="setUpPage()[pri:0, instance:com.ecom.tests.RegisterPageTest_Functional@32910148]" started-at="2025-09-13T23:13:58 IST" name="setUpPage" finished-at="2025-09-13T23:13:58 IST" duration-ms="0" status="PASS">
          <reporter-output>
          </reporter-output>
        </test-method> <!-- setUpPage -->
        <test-method signature="enterPasswordTest(java.lang.String)[pri:12, instance:com.ecom.tests.RegisterPageTest_Functional@32910148]" started-at="2025-09-13T23:13:58 IST" name="enterPasswordTest" data-provider="accountData6" finished-at="2025-09-13T23:13:59 IST" duration-ms="401" status="PASS">
          <params>
            <param index="0">
              <value>
                <![CDATA[Password@123]]>
              </value>
            </param>
          </params>
          <reporter-output>
          </reporter-output>
        </test-method> <!-- enterPasswordTest -->
        <test-method signature="selectDateOfBirthTest(java.lang.String,java.lang.String,java.lang.String)[pri:13, instance:com.ecom.tests.RegisterPageTest_Functional@32910148]" started-at="2025-09-13T23:13:59 IST" name="selectDateOfBirthTest" data-provider="accountData7" finished-at="2025-09-13T23:14:00 IST" duration-ms="809" status="PASS">
          <params>
            <param index="0">
              <value>
                <![CDATA[18]]>
              </value>
            </param>
            <param index="1">
              <value>
                <![CDATA[March]]>
              </value>
            </param>
            <param index="2">
              <value>
                <![CDATA[2006]]>
              </value>
            </param>
          </params>
          <reporter-output>
          </reporter-output>
        </test-method> <!-- selectDateOfBirthTest -->
        <test-method is-config="true" signature="setUpPage()[pri:0, instance:com.ecom.tests.RegisterPageTest_Functional@32910148]" started-at="2025-09-13T23:13:59 IST" name="setUpPage" finished-at="2025-09-13T23:13:59 IST" duration-ms="0" status="PASS">
          <reporter-output>
          </reporter-output>
        </test-method> <!-- setUpPage -->
        <test-method is-config="true" signature="setUpPage()[pri:0, instance:com.ecom.tests.RegisterPageTest_Functional@32910148]" started-at="2025-09-13T23:14:00 IST" name="setUpPage" finished-at="2025-09-13T23:14:00 IST" duration-ms="0" status="PASS">
          <reporter-output>
          </reporter-output>
        </test-method> <!-- setUpPage -->
        <test-method signature="selectNewsletterTest()[pri:14, instance:com.ecom.tests.RegisterPageTest_Functional@32910148]" started-at="2025-09-13T23:14:00 IST" name="selectNewsletterTest" finished-at="2025-09-13T23:14:00 IST" duration-ms="406" status="PASS">
          <reporter-output>
          </reporter-output>
        </test-method> <!-- selectNewsletterTest -->
        <test-method is-config="true" signature="setUpPage()[pri:0, instance:com.ecom.tests.RegisterPageTest_Functional@32910148]" started-at="2025-09-13T23:14:00 IST" name="setUpPage" finished-at="2025-09-13T23:14:00 IST" duration-ms="1" status="PASS">
          <reporter-output>
          </reporter-output>
        </test-method> <!-- setUpPage -->
        <test-method signature="verifySpecialOffersCheckbox()[pri:15, instance:com.ecom.tests.RegisterPageTest_Functional@32910148]" started-at="2025-09-13T23:14:00 IST" name="verifySpecialOffersCheckbox" finished-at="2025-09-13T23:14:01 IST" duration-ms="300" status="PASS">
          <reporter-output>
          </reporter-output>
        </test-method> <!-- verifySpecialOffersCheckbox -->
        <test-method is-config="true" signature="setUpPage()[pri:0, instance:com.ecom.tests.RegisterPageTest_Functional@32910148]" started-at="2025-09-13T23:14:01 IST" name="setUpPage" finished-at="2025-09-13T23:14:01 IST" duration-ms="1" status="PASS">
          <reporter-output>
          </reporter-output>
        </test-method> <!-- setUpPage -->
        <test-method signature="verifyAddressHeading()[pri:16, instance:com.ecom.tests.RegisterPageTest_Functional@32910148]" started-at="2025-09-13T23:14:01 IST" name="verifyAddressHeading" finished-at="2025-09-13T23:14:01 IST" duration-ms="197" status="PASS">
          <reporter-output>
          </reporter-output>
        </test-method> <!-- verifyAddressHeading -->
        <test-method is-config="true" signature="setUpPage()[pri:0, instance:com.ecom.tests.RegisterPageTest_Functional@32910148]" started-at="2025-09-13T23:14:01 IST" name="setUpPage" finished-at="2025-09-13T23:14:01 IST" duration-ms="2" status="PASS">
          <reporter-output>
          </reporter-output>
        </test-method> <!-- setUpPage -->
        <test-method signature="enterFirstName(java.lang.String)[pri:17, instance:com.ecom.tests.RegisterPageTest_Functional@32910148]" started-at="2025-09-13T23:14:01 IST" name="enterFirstName" data-provider="accountData8" finished-at="2025-09-13T23:14:01 IST" duration-ms="271" status="PASS">
          <params>
            <param index="0">
              <value>
                <![CDATA[Kaviya]]>
              </value>
            </param>
          </params>
          <reporter-output>
          </reporter-output>
        </test-method> <!-- enterFirstName -->
        <test-method signature="enterLastName(java.lang.String)[pri:18, instance:com.ecom.tests.RegisterPageTest_Functional@32910148]" started-at="2025-09-13T23:14:01 IST" name="enterLastName" data-provider="accountData9" finished-at="2025-09-13T23:14:01 IST" duration-ms="269" status="PASS">
          <params>
            <param index="0">
              <value>
                <![CDATA[Anjali]]>
              </value>
            </param>
          </params>
          <reporter-output>
          </reporter-output>
        </test-method> <!-- enterLastName -->
        <test-method is-config="true" signature="setUpPage()[pri:0, instance:com.ecom.tests.RegisterPageTest_Functional@32910148]" started-at="2025-09-13T23:14:01 IST" name="setUpPage" finished-at="2025-09-13T23:14:01 IST" duration-ms="0" status="PASS">
          <reporter-output>
          </reporter-output>
        </test-method> <!-- setUpPage -->
        <test-method is-config="true" signature="setUpPage()[pri:0, instance:com.ecom.tests.RegisterPageTest_Functional@32910148]" started-at="2025-09-13T23:14:02 IST" name="setUpPage" finished-at="2025-09-13T23:14:02 IST" duration-ms="3" status="PASS">
          <reporter-output>
          </reporter-output>
        </test-method> <!-- setUpPage -->
        <test-method signature="enterCompany(java.lang.String)[pri:19, instance:com.ecom.tests.RegisterPageTest_Functional@32910148]" started-at="2025-09-13T23:14:02 IST" name="enterCompany" data-provider="accountData10" finished-at="2025-09-13T23:14:02 IST" duration-ms="336" status="PASS">
          <params>
            <param index="0">
              <value>
                <![CDATA[CGI]]>
              </value>
            </param>
          </params>
          <reporter-output>
          </reporter-output>
        </test-method> <!-- enterCompany -->
        <test-method is-config="true" signature="setUpPage()[pri:0, instance:com.ecom.tests.RegisterPageTest_Functional@32910148]" started-at="2025-09-13T23:14:02 IST" name="setUpPage" finished-at="2025-09-13T23:14:02 IST" duration-ms="1" status="PASS">
          <reporter-output>
          </reporter-output>
        </test-method> <!-- setUpPage -->
        <test-method signature="enterAddress1(java.lang.String)[pri:20, instance:com.ecom.tests.RegisterPageTest_Functional@32910148]" started-at="2025-09-13T23:14:02 IST" name="enterAddress1" data-provider="accountData11" finished-at="2025-09-13T23:14:03 IST" duration-ms="427" status="PASS">
          <params>
            <param index="0">
              <value>
                <![CDATA[123 Main Street]]>
              </value>
            </param>
          </params>
          <reporter-output>
          </reporter-output>
        </test-method> <!-- enterAddress1 -->
        <test-method signature="enterAddress2(java.lang.String)[pri:21, instance:com.ecom.tests.RegisterPageTest_Functional@32910148]" started-at="2025-09-13T23:14:03 IST" name="enterAddress2" data-provider="accountData12" finished-at="2025-09-13T23:14:03 IST" duration-ms="321" status="PASS">
          <params>
            <param index="0">
              <value>
                <![CDATA[Block C]]>
              </value>
            </param>
          </params>
          <reporter-output>
          </reporter-output>
        </test-method> <!-- enterAddress2 -->
        <test-method is-config="true" signature="setUpPage()[pri:0, instance:com.ecom.tests.RegisterPageTest_Functional@32910148]" started-at="2025-09-13T23:14:03 IST" name="setUpPage" finished-at="2025-09-13T23:14:03 IST" duration-ms="0" status="PASS">
          <reporter-output>
          </reporter-output>
        </test-method> <!-- setUpPage -->
        <test-method signature="selectCountry(java.lang.String)[pri:22, instance:com.ecom.tests.RegisterPageTest_Functional@32910148]" started-at="2025-09-13T23:14:03 IST" name="selectCountry" data-provider="accountData13" finished-at="2025-09-13T23:14:03 IST" duration-ms="224" status="PASS">
          <params>
            <param index="0">
              <value>
                <![CDATA[India]]>
              </value>
            </param>
          </params>
          <reporter-output>
          </reporter-output>
        </test-method> <!-- selectCountry -->
        <test-method is-config="true" signature="setUpPage()[pri:0, instance:com.ecom.tests.RegisterPageTest_Functional@32910148]" started-at="2025-09-13T23:14:03 IST" name="setUpPage" finished-at="2025-09-13T23:14:03 IST" duration-ms="0" status="PASS">
          <reporter-output>
          </reporter-output>
        </test-method> <!-- setUpPage -->
        <test-method is-config="true" signature="setUpPage()[pri:0, instance:com.ecom.tests.RegisterPageTest_Functional@32910148]" started-at="2025-09-13T23:14:03 IST" name="setUpPage" finished-at="2025-09-13T23:14:03 IST" duration-ms="1" status="PASS">
          <reporter-output>
          </reporter-output>
        </test-method> <!-- setUpPage -->
        <test-method signature="enterState(java.lang.String)[pri:23, instance:com.ecom.tests.RegisterPageTest_Functional@32910148]" started-at="2025-09-13T23:14:03 IST" name="enterState" data-provider="accountData14" finished-at="2025-09-13T23:14:04 IST" duration-ms="326" status="PASS">
          <params>
            <param index="0">
              <value>
                <![CDATA[Tamil Nadu]]>
              </value>
            </param>
          </params>
          <reporter-output>
          </reporter-output>
        </test-method> <!-- enterState -->
        <test-method signature="enterCity(java.lang.String)[pri:24, instance:com.ecom.tests.RegisterPageTest_Functional@32910148]" started-at="2025-09-13T23:14:04 IST" name="enterCity" data-provider="accountData15" finished-at="2025-09-13T23:14:04 IST" duration-ms="268" status="PASS">
          <params>
            <param index="0">
              <value>
                <![CDATA[Chennai]]>
              </value>
            </param>
          </params>
          <reporter-output>
          </reporter-output>
        </test-method> <!-- enterCity -->
        <test-method is-config="true" signature="setUpPage()[pri:0, instance:com.ecom.tests.RegisterPageTest_Functional@32910148]" started-at="2025-09-13T23:14:04 IST" name="setUpPage" finished-at="2025-09-13T23:14:04 IST" duration-ms="0" status="PASS">
          <reporter-output>
          </reporter-output>
        </test-method> <!-- setUpPage -->
        <test-method signature="enterZipcode(java.lang.String)[pri:25, instance:com.ecom.tests.RegisterPageTest_Functional@32910148]" started-at="2025-09-13T23:14:04 IST" name="enterZipcode" data-provider="accountData16" finished-at="2025-09-13T23:14:05 IST" duration-ms="411" status="PASS">
          <params>
            <param index="0">
              <value>
                <![CDATA[560001]]>
              </value>
            </param>
          </params>
          <reporter-output>
          </reporter-output>
        </test-method> <!-- enterZipcode -->
        <test-method is-config="true" signature="setUpPage()[pri:0, instance:com.ecom.tests.RegisterPageTest_Functional@32910148]" started-at="2025-09-13T23:14:04 IST" name="setUpPage" finished-at="2025-09-13T23:14:04 IST" duration-ms="0" status="PASS">
          <reporter-output>
          </reporter-output>
        </test-method> <!-- setUpPage -->
        <test-method signature="enterMobile(java.lang.String)[pri:26, instance:com.ecom.tests.RegisterPageTest_Functional@32910148]" started-at="2025-09-13T23:14:05 IST" name="enterMobile" data-provider="accountData17" finished-at="2025-09-13T23:14:05 IST" duration-ms="287" status="PASS">
          <params>
            <param index="0">
              <value>
                <![CDATA[1234567891]]>
              </value>
            </param>
          </params>
          <reporter-output>
          </reporter-output>
        </test-method> <!-- enterMobile -->
        <test-method is-config="true" signature="setUpPage()[pri:0, instance:com.ecom.tests.RegisterPageTest_Functional@32910148]" started-at="2025-09-13T23:14:05 IST" name="setUpPage" finished-at="2025-09-13T23:14:05 IST" duration-ms="0" status="PASS">
          <reporter-output>
          </reporter-output>
        </test-method> <!-- setUpPage -->
        <test-method signature="clickCreateAccountButton()[pri:27, instance:com.ecom.tests.RegisterPageTest_Functional@32910148]" started-at="2025-09-13T23:14:05 IST" name="clickCreateAccountButton" finished-at="2025-09-13T23:14:07 IST" duration-ms="2063" status="PASS">
          <reporter-output>
          </reporter-output>
        </test-method> <!-- clickCreateAccountButton -->
        <test-method is-config="true" signature="setUpPage()[pri:0, instance:com.ecom.tests.RegisterPageTest_Functional@32910148]" started-at="2025-09-13T23:14:05 IST" name="setUpPage" finished-at="2025-09-13T23:14:05 IST" duration-ms="0" status="PASS">
          <reporter-output>
          </reporter-output>
        </test-method> <!-- setUpPage -->
        <test-method is-config="true" signature="setUpPage()[pri:0, instance:com.ecom.tests.RegisterPageTest_Functional@32910148]" started-at="2025-09-13T23:14:07 IST" name="setUpPage" finished-at="2025-09-13T23:14:07 IST" duration-ms="1" status="PASS">
          <reporter-output>
          </reporter-output>
        </test-method> <!-- setUpPage -->
        <test-method signature="verifyAccountCreatedMessage()[pri:28, instance:com.ecom.tests.RegisterPageTest_Functional@32910148]" started-at="2025-09-13T23:14:07 IST" name="verifyAccountCreatedMessage" finished-at="2025-09-13T23:14:07 IST" duration-ms="214" status="PASS">
          <reporter-output>
          </reporter-output>
        </test-method> <!-- verifyAccountCreatedMessage -->
        <test-method is-config="true" signature="setUpPage()[pri:0, instance:com.ecom.tests.RegisterPageTest_Functional@32910148]" started-at="2025-09-13T23:14:07 IST" name="setUpPage" finished-at="2025-09-13T23:14:07 IST" duration-ms="0" status="PASS">
          <reporter-output>
          </reporter-output>
        </test-method> <!-- setUpPage -->
        <test-method signature="verifyLoggedInAsUsername()[pri:29, instance:com.ecom.tests.RegisterPageTest_Functional@32910148]" started-at="2025-09-13T23:14:07 IST" name="verifyLoggedInAsUsername" finished-at="2025-09-13T23:14:11 IST" duration-ms="3477" status="PASS">
          <reporter-output>
          </reporter-output>
        </test-method> <!-- verifyLoggedInAsUsername -->
        <test-method is-config="true" signature="setUpPage()[pri:0, instance:com.ecom.tests.RegisterPageTest_Functional@32910148]" started-at="2025-09-13T23:14:11 IST" name="setUpPage" finished-at="2025-09-13T23:14:11 IST" duration-ms="1" status="PASS">
          <reporter-output>
          </reporter-output>
        </test-method> <!-- setUpPage -->
        <test-method signature="clickDeleteAccount()[pri:30, instance:com.ecom.tests.RegisterPageTest_Functional@32910148]" started-at="2025-09-13T23:14:11 IST" name="clickDeleteAccount" finished-at="2025-09-13T23:14:13 IST" duration-ms="2293" status="PASS">
          <reporter-output>
          </reporter-output>
        </test-method> <!-- clickDeleteAccount -->
        <test-method is-config="true" signature="setUpPage()[pri:0, instance:com.ecom.tests.RegisterPageTest_Functional@32910148]" started-at="2025-09-13T23:14:13 IST" name="setUpPage" finished-at="2025-09-13T23:14:13 IST" duration-ms="1" status="PASS">
          <reporter-output>
          </reporter-output>
        </test-method> <!-- setUpPage -->
        <test-method signature="verifyAccountDeletedMessage()[pri:31, instance:com.ecom.tests.RegisterPageTest_Functional@32910148]" started-at="2025-09-13T23:14:13 IST" name="verifyAccountDeletedMessage" finished-at="2025-09-13T23:14:13 IST" duration-ms="200" status="PASS">
          <reporter-output>
          </reporter-output>
        </test-method> <!-- verifyAccountDeletedMessage -->
        <test-method is-config="true" signature="setUpPage()[pri:0, instance:com.ecom.tests.RegisterPageTest_Functional@32910148]" started-at="2025-09-13T23:14:13 IST" name="setUpPage" finished-at="2025-09-13T23:14:13 IST" duration-ms="1" status="PASS">
          <reporter-output>
          </reporter-output>
        </test-method> <!-- setUpPage -->
        <test-method signature="clickContinueAfterAccountDeleted()[pri:32, instance:com.ecom.tests.RegisterPageTest_Functional@32910148]" started-at="2025-09-13T23:14:13 IST" name="clickContinueAfterAccountDeleted" finished-at="2025-09-13T23:14:17 IST" duration-ms="3414" status="PASS">
          <reporter-output>
          </reporter-output>
        </test-method> <!-- clickContinueAfterAccountDeleted -->
        <test-method is-config="true" signature="teardownClass()[pri:0, instance:com.ecom.tests.RegisterPageTest_Functional@32910148]" started-at="2025-09-13T23:14:17 IST" name="teardownClass" finished-at="2025-09-13T23:14:17 IST" duration-ms="351" status="PASS">
          <reporter-output>
          </reporter-output>
        </test-method> <!-- teardownClass -->
        <test-method is-config="true" signature="endReport()[pri:0, instance:com.ecom.tests.RegisterPageTest_Functional@32910148]" started-at="2025-09-13T23:14:17 IST" name="endReport" finished-at="2025-09-13T23:14:17 IST" duration-ms="474" status="PASS">
          <reporter-output>
          </reporter-output>
        </test-method> <!-- endReport -->
      </class> <!-- com.ecom.tests.RegisterPageTest_Functional -->
    </test> <!-- TestCasesPage_UI - Chrome -->
  </suite> <!-- Suite -->
</testng-results>
