<?xml version="1.0" encoding="UTF-8"?>
<!-- Generated by org.testng.reporters.JUnitXMLReporter -->
<testsuite ignored="8" hostname="DESKTOP-RGL2CCS" failures="7" tests="130" name="UI and Functional Test" time="139.173" errors="0" timestamp="2025-09-13T12:12:38 IST">
  <testcase classname="com.ecom.tests.APITestingPageTest_UI" name="verifyLogoDisplayed" time="1.86"/>
  <testcase classname="com.ecom.tests.APITestingPageTest_UI" name="verifyProductsIconDisplayed" time="0.347"/>
  <testcase classname="com.ecom.tests.APITestingPageTest_UI" name="verifyCartIconDisplayed" time="0.159"/>
  <testcase classname="com.ecom.tests.APITestingPageTest_UI" name="verifySignupLoginIconDisplayed" time="0.215"/>
  <testcase classname="com.ecom.tests.APITestingPageTest_UI" name="verifyVideoTutorialsIconDisplayed" time="0.139"/>
  <testcase classname="com.ecom.tests.APITestingPageTest_UI" name="verifyHomeIconDisplayed" time="0.139"/>
  <testcase classname="com.ecom.tests.APITestingPageTest_UI" name="verifyContactUsIconDisplayed" time="0.159"/>
  <testcase classname="com.ecom.tests.APITestingPageTest_UI" name="verifyApiTestingIconDisplayed" time="0.156"/>
  <testcase classname="com.ecom.tests.APITestingPageTest_UI" name="verifyApilistSectionDisplayed" time="0.136"/>
  <testcase classname="com.ecom.tests.APITestingPageTest_UI" name="verifyApiList1LinkDisplayed" time="0.567"/>
  <testcase classname="com.ecom.tests.APITestingPageTest_UI" name="verifyApiList2LinkDisplayed" time="0.538"/>
  <testcase classname="com.ecom.tests.APITestingPageTest_UI" name="verifyApiList3LinkDisplayed" time="0.556"/>
  <testcase classname="com.ecom.tests.APITestingPageTest_UI" name="verifyApiList4LinkDisplayed" time="0.523"/>
  <testcase classname="com.ecom.tests.APITestingPageTest_UI" name="verifyApiList5LinkDisplayed" time="0.555"/>
  <testcase classname="com.ecom.tests.APITestingPageTest_UI" name="verifyApiList6LinkDisplayed" time="0.552"/>
  <testcase classname="com.ecom.tests.APITestingPageTest_UI" name="verifyApiList7LinkDisplayed" time="0.496"/>
  <testcase classname="com.ecom.tests.APITestingPageTest_UI" name="verifyApiList8LinkDisplayed" time="0.553"/>
  <testcase classname="com.ecom.tests.APITestingPageTest_UI" name="verifyApiList9LinkDisplayed" time="0.525"/>
  <testcase classname="com.ecom.tests.APITestingPageTest_UI" name="verifyApiList10LinkDisplayed" time="0.59"/>
  <testcase classname="com.ecom.tests.APITestingPageTest_UI" name="verifyApiList11LinkDisplayed" time="0.487"/>
  <testcase classname="com.ecom.tests.APITestingPageTest_UI" name="verifyApiList12LinkDisplayed" time="0.511"/>
  <testcase classname="com.ecom.tests.APITestingPageTest_UI" name="verifyApiList13LinkDisplayed" time="0.569"/>
  <testcase classname="com.ecom.tests.APITestingPageTest_UI" name="verifyApiList14LinkDisplayed" time="0.575"/>
  <testcase classname="com.ecom.tests.APITestingPageTest_UI" name="verifyFeedbackSectionDisplayed" time="0.14"/>
  <testcase classname="com.ecom.tests.APITestingPageTest_UI" name="verifyFeedbackEmailDisplayed" time="0.146"/>
  <testcase classname="com.ecom.tests.APITestingPageTest_UI" name="verifySubscriptionIconVisible" time="0.139"/>
  <testcase classname="com.ecom.tests.APITestingPageTest_UI" name="verifySubscriptionEmpty" time="0.45"/>
  <testcase classname="com.ecom.tests.APITestingPageTest_UI" name="verifySubscriptionInvalid" time="2.582"/>
  <testcase classname="com.ecom.tests.APITestingPageTest_UI" name="verifySubscriptionValid" time="0.461"/>
  <testcase classname="com.ecom.tests.APITestingPageTest_UI" name="verifySubscriptionUseralreadyExist" time="0.393">
    <failure type="java.lang.AssertionError" message="Subscription success message should NOT be displayed! expected [false] but found [true]">
      <![CDATA[java.lang.AssertionError: Subscription success message should NOT be displayed! expected [false] but found [true]
at com.ecom.tests.APITestingPageTest_UI.verifySubscriptionUseralreadyExist(APITestingPageTest_UI.java:393)
at java.base/java.util.ArrayList.forEach(ArrayList.java:1511)
... Removed 34 stack frames]]>
    </failure>
  </testcase> <!-- verifySubscriptionUseralreadyExist -->
  <testcase classname="com.ecom.tests.APITestingPageTest_UI" name="verifyScrollToTopButton" time="0.302"/>
  <testcase classname="com.ecom.tests.ContactUsPageTest_Functional" name="verifyBrowserLaunch" time="0.185"/>
  <testcase classname="com.ecom.tests.ContactUsPageTest_Functional" name="verifyContactUsIcon" time="2.101"/>
  <testcase classname="com.ecom.tests.ContactUsPageTest_Functional" name="enterName" time="0.404"/>
  <testcase classname="com.ecom.tests.ContactUsPageTest_Functional" name="enterSubject" time="0.366"/>
  <testcase classname="com.ecom.tests.ContactUsPageTest_Functional" name="enterMessage" time="0.397"/>
  <testcase classname="com.ecom.tests.ContactUsPageTest_Functional" name="uploadFile" time="0.219"/>
  <testcase classname="com.ecom.tests.ContactUsPageTest_Functional" name="verifyEmailEmpty" time="1.107"/>
  <testcase classname="com.ecom.tests.ContactUsPageTest_Functional" name="verifyEmailInvalid" time="2.335"/>
  <testcase classname="com.ecom.tests.ContactUsPageTest_Functional" name="enterEmail" time="0.669"/>
  <testcase classname="com.ecom.tests.ContactUsPageTest_Functional" name="submitForm" time="0.478"/>
  <testcase classname="com.ecom.tests.ContactUsPageTest_Functional" name="verifyNameInvalid" time="3.795">
    <failure type="java.lang.AssertionError" message="Success message should NOT be displayed and pop should rise as Invalid Name expected [false] but found [true]">
      <![CDATA[java.lang.AssertionError: Success message should NOT be displayed and pop should rise as Invalid Name expected [false] but found [true]
at com.ecom.tests.ContactUsPageTest_Functional.verifyNameInvalid(ContactUsPageTest_Functional.java:187)
at java.base/java.util.ArrayList.forEach(ArrayList.java:1511)
... Removed 34 stack frames]]>
    </failure>
  </testcase> <!-- verifyNameInvalid -->
  <testcase classname="com.ecom.tests.ContactUsPageTest_Functional" name="verifyNoFileAttach" time="2.438">
    <failure type="java.lang.AssertionError" message="Success message should NOT be displayed and pop should rise as Invalid Name expected [false] but found [true]">
      <![CDATA[java.lang.AssertionError: Success message should NOT be displayed and pop should rise as Invalid Name expected [false] but found [true]
at com.ecom.tests.ContactUsPageTest_Functional.verifyNoFileAttach(ContactUsPageTest_Functional.java:213)
at java.base/java.util.ArrayList.forEach(ArrayList.java:1511)
... Removed 34 stack frames]]>
    </failure>
  </testcase> <!-- verifyNoFileAttach -->
  <testcase classname="com.ecom.tests.ContactUsPageTest_Functional" name="verifySubscriptionIconVisible" time="0.279"/>
  <testcase classname="com.ecom.tests.ContactUsPageTest_Functional" name="verifySubscriptionInvalid" time="2.458"/>
  <testcase classname="com.ecom.tests.ContactUsPageTest_Functional" name="verifySubscriptionEmpty" time="1.402"/>
  <testcase classname="com.ecom.tests.ContactUsPageTest_Functional" name="verifySubscriptionValid" time="0.453"/>
  <testcase classname="com.ecom.tests.ContactUsPageTest_Functional" name="verifySubscriptionUseralreadyExist" time="0.426">
    <failure type="java.lang.AssertionError" message="Subscription success message is displayed instead of error for already registered email">
      <![CDATA[java.lang.AssertionError: Subscription success message is displayed instead of error for already registered email
at com.ecom.tests.ContactUsPageTest_Functional.verifySubscriptionUseralreadyExist(ContactUsPageTest_Functional.java:307)
at java.base/java.util.ArrayList.forEach(ArrayList.java:1511)
... Removed 32 stack frames]]>
    </failure>
  </testcase> <!-- verifySubscriptionUseralreadyExist -->
  <testcase classname="com.ecom.tests.ContactUsPageTest_Functional" name="verifyScrollToTopButton" time="0.279"/>
  <testcase classname="com.ecom.tests.ContactUsPageTest_Functional" name="verifyNavigationBackToHome" time="2.779"/>
  <testcase classname="com.ecom.tests.RegisterPageTest_Functional" name="verifyBrowserLaunch" time="0.187"/>
  <testcase classname="com.ecom.tests.RegisterPageTest_Functional" name="verifyHomePageVisibility" time="0.168"/>
  <testcase classname="com.ecom.tests.RegisterPageTest_Functional" name="verifySignupLoginButtonAvailability" time="1.056"/>
  <testcase classname="com.ecom.tests.RegisterPageTest_Functional" name="verifySignupLoginNavigation" time="0.112"/>
  <testcase classname="com.ecom.tests.RegisterPageTest_Functional" name="verifyNewUserSignupSectionVisibility" time="0.166"/>
  <testcase classname="com.ecom.tests.RegisterPageTest_Functional" name="verifyExistSignup" time="2.319"/>
  <testcase classname="com.ecom.tests.RegisterPageTest_Functional" name="verifyInvalidName" time="2.448">
    <failure type="java.lang.AssertionError" message="Navigation to Create Account should NOT happen with invalid name">
      <![CDATA[java.lang.AssertionError: Navigation to Create Account should NOT happen with invalid name
at com.ecom.tests.RegisterPageTest_Functional.verifyInvalidName(RegisterPageTest_Functional.java:106)
at java.base/java.util.ArrayList.forEach(ArrayList.java:1511)
... Removed 32 stack frames]]>
    </failure>
  </testcase> <!-- verifyInvalidName -->
  <testcase classname="com.ecom.tests.RegisterPageTest_Functional" name="verifyInvalidEmail" time="2.531"/>
  <testcase classname="com.ecom.tests.RegisterPageTest_Functional" name="verifySignup" time="2.75"/>
  <testcase classname="com.ecom.tests.RegisterPageTest_Functional" name="verifySignuptoCreateAccount" time="0.159"/>
  <testcase classname="com.ecom.tests.RegisterPageTest_Functional" name="selectTitleTest" time="0.286"/>
  <testcase classname="com.ecom.tests.RegisterPageTest_Functional" name="enterPasswordTest" time="0.314"/>
  <testcase classname="com.ecom.tests.RegisterPageTest_Functional" name="selectDateOfBirthTest" time="0.477"/>
  <testcase classname="com.ecom.tests.RegisterPageTest_Functional" name="selectNewsletterTest" time="0.293"/>
  <testcase classname="com.ecom.tests.RegisterPageTest_Functional" name="verifySpecialOffersCheckbox" time="0.296"/>
  <testcase classname="com.ecom.tests.RegisterPageTest_Functional" name="verifyAddressHeading" time="0.163"/>
  <testcase classname="com.ecom.tests.RegisterPageTest_Functional" name="enterFirstName" time="0.252"/>
  <testcase classname="com.ecom.tests.RegisterPageTest_Functional" name="enterLastName" time="0.278"/>
  <testcase classname="com.ecom.tests.RegisterPageTest_Functional" name="enterCompany" time="0.245"/>
  <testcase classname="com.ecom.tests.RegisterPageTest_Functional" name="enterAddress1" time="0.255"/>
  <testcase classname="com.ecom.tests.RegisterPageTest_Functional" name="enterAddress2" time="0.315"/>
  <testcase classname="com.ecom.tests.RegisterPageTest_Functional" name="selectCountry" time="0.24"/>
  <testcase classname="com.ecom.tests.RegisterPageTest_Functional" name="enterState" time="0.308"/>
  <testcase classname="com.ecom.tests.RegisterPageTest_Functional" name="enterCity" time="0.265"/>
  <testcase classname="com.ecom.tests.RegisterPageTest_Functional" name="enterZipcode" time="0.32"/>
  <testcase classname="com.ecom.tests.RegisterPageTest_Functional" name="enterMobile" time="0.25"/>
  <testcase classname="com.ecom.tests.RegisterPageTest_Functional" name="clickCreateAccountButton" time="2.815"/>
  <testcase classname="com.ecom.tests.RegisterPageTest_Functional" name="verifyAccountCreatedMessage" time="0.208"/>
  <testcase classname="com.ecom.tests.RegisterPageTest_Functional" name="verifyLoggedInAsUsername" time="4.184"/>
  <testcase classname="com.ecom.tests.RegisterPageTest_Functional" name="clickDeleteAccount" time="1.876"/>
  <testcase classname="com.ecom.tests.RegisterPageTest_Functional" name="verifyAccountDeletedMessage" time="0.207"/>
  <testcase classname="com.ecom.tests.RegisterPageTest_Functional" name="clickContinueAfterAccountDeleted" time="3.712"/>
  <testcase classname="com.ecom.tests.SubscriptionHomePageTest_Functional" name="verifySubscriptionIconVisible" time="2.293"/>
  <testcase classname="com.ecom.tests.SubscriptionHomePageTest_Functional" name="verifySubscriptionEmpty" time="0.594"/>
  <testcase classname="com.ecom.tests.SubscriptionHomePageTest_Functional" name="verifySubscriptionInvalid" time="2.533"/>
  <testcase classname="com.ecom.tests.SubscriptionHomePageTest_Functional" name="verifySubscriptionValid" time="0.369"/>
  <testcase classname="com.ecom.tests.SubscriptionHomePageTest_Functional" name="verifySubscriptionUseralreadyExist" time="0.359">
    <failure type="java.lang.AssertionError" message="Subscription success message should NOT be displayed! expected [false] but found [true]">
      <![CDATA[java.lang.AssertionError: Subscription success message should NOT be displayed! expected [false] but found [true]
at com.ecom.tests.SubscriptionHomePageTest_Functional.verifySubscriptionUseralreadyExist(SubscriptionHomePageTest_Functional.java:127)
at java.base/java.util.ArrayList.forEach(ArrayList.java:1511)
... Removed 34 stack frames]]>
    </failure>
  </testcase> <!-- verifySubscriptionUseralreadyExist -->
  <testcase classname="com.ecom.tests.TestCasesPageTest_UI" name="verifyLogoDisplayed" time="1.002"/>
  <testcase classname="com.ecom.tests.TestCasesPageTest_UI" name="verifyProductsIconDisplayed" time="0.197"/>
  <testcase classname="com.ecom.tests.TestCasesPageTest_UI" name="verifyCartIconDisplayed" time="0.162"/>
  <testcase classname="com.ecom.tests.TestCasesPageTest_UI" name="verifySignupLoginIconDisplayed" time="0.214"/>
  <testcase classname="com.ecom.tests.TestCasesPageTest_UI" name="verifyVideoTutorialsIconDisplayed" time="0.171"/>
  <testcase classname="com.ecom.tests.TestCasesPageTest_UI" name="verifyHomeIconDisplayed" time="0.138"/>
  <testcase classname="com.ecom.tests.TestCasesPageTest_UI" name="verifyContactUsIconDisplayed" time="0.118"/>
  <testcase classname="com.ecom.tests.TestCasesPageTest_UI" name="verifyApiTestingIconDisplayed" time="0.154"/>
  <testcase classname="com.ecom.tests.TestCasesPageTest_UI" name="verifyTestCasesSectionDisplayed" time="0.136"/>
  <testcase classname="com.ecom.tests.TestCasesPageTest_UI" name="verifyTestCase1LinkDisplayed" time="0.531"/>
  <testcase classname="com.ecom.tests.TestCasesPageTest_UI" name="verifyTestCase2LinkDisplayed" time="0.513"/>
  <testcase classname="com.ecom.tests.TestCasesPageTest_UI" name="verifyTestCase3LinkDisplayed" time="0.507"/>
  <testcase classname="com.ecom.tests.TestCasesPageTest_UI" name="verifyTestCase4LinkDisplayed" time="0.546"/>
  <testcase classname="com.ecom.tests.TestCasesPageTest_UI" name="verifyTestCase5LinkDisplayed" time="0.59"/>
  <testcase classname="com.ecom.tests.TestCasesPageTest_UI" name="verifyTestCase6LinkDisplayed" time="0.514"/>
  <testcase classname="com.ecom.tests.TestCasesPageTest_UI" name="verifyTestCase7LinkDisplayed" time="0.507"/>
  <testcase classname="com.ecom.tests.TestCasesPageTest_UI" name="verifyTestCase8LinkDisplayed" time="0.479"/>
  <testcase classname="com.ecom.tests.TestCasesPageTest_UI" name="verifyTestCase9LinkDisplayed" time="0.495"/>
  <testcase classname="com.ecom.tests.TestCasesPageTest_UI" name="verifyTestCase10LinkDisplayed" time="0.499"/>
  <testcase classname="com.ecom.tests.TestCasesPageTest_UI" name="verifyTestCase11LinkDisplayed" time="0.497"/>
  <testcase classname="com.ecom.tests.TestCasesPageTest_UI" name="verifyTestCase12LinkDisplayed" time="0.482"/>
  <testcase classname="com.ecom.tests.TestCasesPageTest_UI" name="verifyTestCase13LinkDisplayed" time="0.635"/>
  <testcase classname="com.ecom.tests.TestCasesPageTest_UI" name="verifyTestCase14LinkDisplayed" time="0.549"/>
  <testcase classname="com.ecom.tests.TestCasesPageTest_UI" name="verifyTestCase15LinkDisplayed" time="0.509"/>
  <testcase classname="com.ecom.tests.TestCasesPageTest_UI" name="verifyTestCase16LinkDisplayed" time="0.497"/>
  <testcase classname="com.ecom.tests.TestCasesPageTest_UI" name="verifyTestCase17LinkDisplayed" time="0.513"/>
  <testcase classname="com.ecom.tests.TestCasesPageTest_UI" name="verifyTestCase18LinkDisplayed" time="0.539"/>
  <testcase classname="com.ecom.tests.TestCasesPageTest_UI" name="verifyTestCase19LinkDisplayed" time="0.508"/>
  <testcase classname="com.ecom.tests.TestCasesPageTest_UI" name="verifyTestCase20LinkDisplayed" time="0.483"/>
  <testcase classname="com.ecom.tests.TestCasesPageTest_UI" name="verifyTestCase21LinkDisplayed" time="0.511"/>
  <testcase classname="com.ecom.tests.TestCasesPageTest_UI" name="verifyTestCase22LinkDisplayed" time="0.523"/>
  <testcase classname="com.ecom.tests.TestCasesPageTest_UI" name="verifyTestCase23LinkDisplayed" time="0.518"/>
  <testcase classname="com.ecom.tests.TestCasesPageTest_UI" name="verifyTestCase24LinkDisplayed" time="0.479"/>
  <testcase classname="com.ecom.tests.TestCasesPageTest_UI" name="verifyTestCase25LinkDisplayed" time="0.559"/>
  <testcase classname="com.ecom.tests.TestCasesPageTest_UI" name="verifyTestCase26LinkDisplayed" time="0.52"/>
  <testcase classname="com.ecom.tests.TestCasesPageTest_UI" name="verifyFeedbackSectionDisplayed" time="0.17"/>
  <testcase classname="com.ecom.tests.TestCasesPageTest_UI" name="verifyFeedbackEmailDisplayed" time="0.137"/>
  <testcase classname="com.ecom.tests.TestCasesPageTest_UI" name="verifySubscriptionIconVisible" time="0.24"/>
  <testcase classname="com.ecom.tests.TestCasesPageTest_UI" name="verifySubscriptionEmpty" time="0.462"/>
  <testcase classname="com.ecom.tests.TestCasesPageTest_UI" name="verifySubscriptionInvalid" time="2.502"/>
  <testcase classname="com.ecom.tests.TestCasesPageTest_UI" name="verifySubscriptionValid" time="0.429"/>
  <testcase classname="com.ecom.tests.TestCasesPageTest_UI" name="verifySubscriptionUseralreadyExist" time="0.392">
    <failure type="java.lang.AssertionError" message="Subscription success message should NOT be displayed! expected [false] but found [true]">
      <![CDATA[java.lang.AssertionError: Subscription success message should NOT be displayed! expected [false] but found [true]
at com.ecom.tests.TestCasesPageTest_UI.verifySubscriptionUseralreadyExist(TestCasesPageTest_UI.java:524)
at java.base/java.util.ArrayList.forEach(ArrayList.java:1511)
... Removed 34 stack frames]]>
    </failure>
  </testcase> <!-- verifySubscriptionUseralreadyExist -->
  <testcase classname="com.ecom.tests.TestCasesPageTest_UI" name="verifyScrollToTopButton" time="0.262"/>
  <testcase classname="com.ecom.Base.BaseTest" name="@AfterSuite endReport" time="0.0">
    <ignored/>
  </testcase> <!-- @AfterSuite endReport -->
  <testcase classname="com.ecom.Base.BaseTest" name="@AfterSuite endReport" time="0.0">
    <ignored/>
  </testcase> <!-- @AfterSuite endReport -->
  <testcase classname="com.ecom.Base.BaseTest" name="@BeforeSuite startReport" time="0.0">
    <ignored/>
  </testcase> <!-- @BeforeSuite startReport -->
  <testcase classname="com.ecom.Base.BaseTest" name="@AfterSuite endReport" time="0.0">
    <ignored/>
  </testcase> <!-- @AfterSuite endReport -->
  <testcase classname="com.ecom.Base.BaseTest" name="@BeforeSuite startReport" time="0.0">
    <ignored/>
  </testcase> <!-- @BeforeSuite startReport -->
  <testcase classname="com.ecom.Base.BaseTest" name="@AfterSuite endReport" time="0.0">
    <ignored/>
  </testcase> <!-- @AfterSuite endReport -->
  <testcase classname="com.ecom.Base.BaseTest" name="@BeforeSuite startReport" time="0.0">
    <ignored/>
  </testcase> <!-- @BeforeSuite startReport -->
  <testcase classname="com.ecom.Base.BaseTest" name="@BeforeSuite startReport" time="0.0">
    <ignored/>
  </testcase> <!-- @BeforeSuite startReport -->
</testsuite> <!-- UI and Functional Test -->
