<?xml version="1.0" encoding="UTF-8"?>
<!-- Generated by org.testng.reporters.JUnitReportReporter -->
<testsuite hostname="DESKTOP-RGL2CCS" failures="1" tests="32" name="com.ecom.tests.RegisterPageTest_Functional" time="34.828" errors="0" timestamp="2025-09-13T23:12:12 IST" skipped="0">
  <testcase classname="com.ecom.tests.RegisterPageTest_Functional" name="verifyBrowserLaunch" time="0.289"/>
  <testcase classname="com.ecom.tests.RegisterPageTest_Functional" name="verifyHomePageVisibility" time="0.191"/>
  <testcase classname="com.ecom.tests.RegisterPageTest_Functional" name="verifySignupLoginButtonAvailability" time="1.151"/>
  <testcase classname="com.ecom.tests.RegisterPageTest_Functional" name="verifySignupLoginNavigation" time="0.186"/>
  <testcase classname="com.ecom.tests.RegisterPageTest_Functional" name="verifyNewUserSignupSectionVisibility" time="0.188"/>
  <testcase classname="com.ecom.tests.RegisterPageTest_Functional" name="verifyExistSignup" time="2.638"/>
  <testcase classname="com.ecom.tests.RegisterPageTest_Functional" name="verifyInvalidName" time="2.051">
    <failure message="Enter Account Information expected [false] but found [true]" type="java.lang.AssertionError">
      <![CDATA[java.lang.AssertionError: Enter Account Information expected [false] but found [true]
at org.testng.Assert.fail(Assert.java:111)
at org.testng.Assert.failNotEquals(Assert.java:1578)
at org.testng.Assert.assertFalse(Assert.java:79)
at com.ecom.tests.RegisterPageTest_Functional.verifyInvalidName(RegisterPageTest_Functional.java:99)
at java.base/jdk.internal.reflect.NativeMethodAccessorImpl.invoke0(Native Method)
at java.base/jdk.internal.reflect.NativeMethodAccessorImpl.invoke(NativeMethodAccessorImpl.java:77)
at java.base/jdk.internal.reflect.DelegatingMethodAccessorImpl.invoke(DelegatingMethodAccessorImpl.java:43)
at java.base/java.lang.reflect.Method.invoke(Method.java:568)
at org.testng.internal.invokers.MethodInvocationHelper.invokeMethod(MethodInvocationHelper.java:139)
at org.testng.internal.invokers.TestInvoker.invokeMethod(TestInvoker.java:664)
at org.testng.internal.invokers.TestInvoker.invokeTestMethod(TestInvoker.java:228)
at org.testng.internal.invokers.MethodRunner.runInSequence(MethodRunner.java:63)
at org.testng.internal.invokers.TestInvoker$MethodInvocationAgent.invoke(TestInvoker.java:961)
at org.testng.internal.invokers.TestInvoker.invokeTestMethods(TestInvoker.java:201)
at org.testng.internal.invokers.TestMethodWorker.invokeTestMethods(TestMethodWorker.java:148)
at org.testng.internal.invokers.TestMethodWorker.run(TestMethodWorker.java:128)
at java.base/java.util.ArrayList.forEach(ArrayList.java:1511)
at org.testng.TestRunner.privateRun(TestRunner.java:819)
at org.testng.TestRunner.run(TestRunner.java:619)
at org.testng.SuiteRunner.runTest(SuiteRunner.java:443)
at org.testng.SuiteRunner.runSequentially(SuiteRunner.java:437)
at org.testng.SuiteRunner.privateRun(SuiteRunner.java:397)
at org.testng.SuiteRunner.run(SuiteRunner.java:336)
at org.testng.SuiteRunnerWorker.runSuite(SuiteRunnerWorker.java:52)
at org.testng.SuiteRunnerWorker.run(SuiteRunnerWorker.java:95)
at org.testng.TestNG.runSuitesSequentially(TestNG.java:1301)
at org.testng.TestNG.runSuitesLocally(TestNG.java:1228)
at org.testng.TestNG.runSuites(TestNG.java:1134)
at org.testng.TestNG.run(TestNG.java:1101)
at org.testng.remote.AbstractRemoteTestNG.run(AbstractRemoteTestNG.java:115)
at org.testng.remote.RemoteTestNG.initAndRun(RemoteTestNG.java:293)
at org.testng.remote.RemoteTestNG.main(RemoteTestNG.java:91)
]]>
    </failure>
  </testcase> <!-- verifyInvalidName -->
  <testcase classname="com.ecom.tests.RegisterPageTest_Functional" name="verifyInvalidEmail" time="2.856"/>
  <testcase classname="com.ecom.tests.RegisterPageTest_Functional" name="verifySignup" time="2.170"/>
  <testcase classname="com.ecom.tests.RegisterPageTest_Functional" name="verifySignuptoCreateAccount" time="0.285"/>
  <testcase classname="com.ecom.tests.RegisterPageTest_Functional" name="selectTitleTest" time="0.280"/>
  <testcase classname="com.ecom.tests.RegisterPageTest_Functional" name="enterPasswordTest" time="0.366"/>
  <testcase classname="com.ecom.tests.RegisterPageTest_Functional" name="selectDateOfBirthTest" time="0.509"/>
  <testcase classname="com.ecom.tests.RegisterPageTest_Functional" name="selectNewsletterTest" time="0.324"/>
  <testcase classname="com.ecom.tests.RegisterPageTest_Functional" name="verifySpecialOffersCheckbox" time="0.414"/>
  <testcase classname="com.ecom.tests.RegisterPageTest_Functional" name="verifyAddressHeading" time="0.240"/>
  <testcase classname="com.ecom.tests.RegisterPageTest_Functional" name="enterFirstName" time="0.272"/>
  <testcase classname="com.ecom.tests.RegisterPageTest_Functional" name="enterLastName" time="0.289"/>
  <testcase classname="com.ecom.tests.RegisterPageTest_Functional" name="enterCompany" time="0.268"/>
  <testcase classname="com.ecom.tests.RegisterPageTest_Functional" name="enterAddress1" time="0.392"/>
  <testcase classname="com.ecom.tests.RegisterPageTest_Functional" name="enterAddress2" time="0.354"/>
  <testcase classname="com.ecom.tests.RegisterPageTest_Functional" name="selectCountry" time="0.232"/>
  <testcase classname="com.ecom.tests.RegisterPageTest_Functional" name="enterState" time="0.383"/>
  <testcase classname="com.ecom.tests.RegisterPageTest_Functional" name="enterCity" time="0.278"/>
  <testcase classname="com.ecom.tests.RegisterPageTest_Functional" name="enterZipcode" time="0.256"/>
  <testcase classname="com.ecom.tests.RegisterPageTest_Functional" name="enterMobile" time="0.244"/>
  <testcase classname="com.ecom.tests.RegisterPageTest_Functional" name="clickCreateAccountButton" time="2.157"/>
  <testcase classname="com.ecom.tests.RegisterPageTest_Functional" name="verifyAccountCreatedMessage" time="0.298"/>
  <testcase classname="com.ecom.tests.RegisterPageTest_Functional" name="verifyLoggedInAsUsername" time="5.619"/>
  <testcase classname="com.ecom.tests.RegisterPageTest_Functional" name="clickDeleteAccount" time="1.242"/>
  <testcase classname="com.ecom.tests.RegisterPageTest_Functional" name="verifyAccountDeletedMessage" time="0.266"/>
  <testcase classname="com.ecom.tests.RegisterPageTest_Functional" name="clickContinueAfterAccountDeleted" time="8.140"/>
</testsuite> <!-- com.ecom.tests.RegisterPageTest_Functional -->
