<?xml version="1.0" encoding="UTF-8"?>
<!-- Generated by org.testng.reporters.JUnitReportReporter -->
<testsuite hostname="DESKTOP-RGL2CCS" failures="1" tests="16" name="com.ecom.tests.TestCasesPageTest_Functional" time="17.157" errors="0" timestamp="2025-09-14T01:49:20 IST" skipped="0">
  <testcase classname="com.ecom.tests.TestCasesPageTest_Functional" name="verifyBrowserLaunch" time="0.298"/>
  <testcase classname="com.ecom.tests.TestCasesPageTest_Functional" name="verifyURLLoad" time="1.753"/>
  <testcase classname="com.ecom.tests.TestCasesPageTest_Functional" name="verifyHomePageVisibility" time="0.207"/>
  <testcase classname="com.ecom.tests.TestCasesPageTest_Functional" name="verifyTestCasesButtonAvailability" time="0.285"/>
  <testcase classname="com.ecom.tests.TestCasesPageTest_Functional" name="verifyNavigationToTestCasesPage" time="1.086"/>
  <testcase classname="com.ecom.tests.TestCasesPageTest_Functional" name="verifyTestCasesPageTitle" time="0.135"/>
  <testcase classname="com.ecom.tests.TestCasesPageTest_Functional" name="verifyTestCasesPageContent" time="0.160"/>
  <testcase classname="com.ecom.tests.TestCasesPageTest_Functional" name="verifyDetailedStepsVisibility" time="0.523"/>
  <testcase classname="com.ecom.tests.TestCasesPageTest_Functional" name="verifyFeedbackSectionPresence" time="0.239"/>
  <testcase classname="com.ecom.tests.TestCasesPageTest_Functional" name="verifyHyperlinksPresence" time="0.198"/>
  <testcase classname="com.ecom.tests.TestCasesPageTest_Functional" name="verifyFeedbackEmailPresence" time="0.200"/>
  <testcase classname="com.ecom.tests.TestCasesPageTest_Functional" name="verifyScrollBarFunctionality" time="0.187"/>
  <testcase classname="com.ecom.tests.TestCasesPageTest_Functional" name="verifyScrollToTopArrowFunctionality" time="0.324"/>
  <testcase classname="com.ecom.tests.TestCasesPageTest_Functional" name="verifySubscriptionWithEmptyEmail" time="10.640"/>
  <testcase classname="com.ecom.tests.TestCasesPageTest_Functional" name="verifySubscriptionWithValidEmail" time="0.484"/>
  <testcase classname="com.ecom.tests.TestCasesPageTest_Functional" name="verifySubscriptionWithInvalidEmail" time="0.438">
    <failure message="Invalid email should not be accepted: keerthi12gmail.com expected [false] but found [true]" type="java.lang.AssertionError">
      <![CDATA[java.lang.AssertionError: Invalid email should not be accepted: keerthi12gmail.com expected [false] but found [true]
at org.testng.Assert.fail(Assert.java:111)
at org.testng.Assert.failNotEquals(Assert.java:1578)
at org.testng.Assert.assertFalse(Assert.java:79)
at com.ecom.tests.TestCasesPageTest_Functional.verifySubscriptionWithInvalidEmail(TestCasesPageTest_Functional.java:345)
at java.base/jdk.internal.reflect.NativeMethodAccessorImpl.invoke0(Native Method)
at java.base/jdk.internal.reflect.NativeMethodAccessorImpl.invoke(NativeMethodAccessorImpl.java:77)
at java.base/jdk.internal.reflect.DelegatingMethodAccessorImpl.invoke(DelegatingMethodAccessorImpl.java:43)
at java.base/java.lang.reflect.Method.invoke(Method.java:568)
at org.testng.internal.invokers.MethodInvocationHelper.invokeMethod(MethodInvocationHelper.java:139)
at org.testng.internal.invokers.TestInvoker.invokeMethod(TestInvoker.java:664)
at org.testng.internal.invokers.TestInvoker.invokeTestMethod(TestInvoker.java:228)
at org.testng.internal.invokers.MethodRunner.runInSequence(MethodRunner.java:63)
at org.testng.internal.invokers.TestInvoker$MethodInvocationAgent.invoke(TestInvoker.java:961)
at org.testng.internal.invokers.TestInvoker.invokeTestMethods(TestInvoker.java:201)
at org.testng.internal.invokers.TestMethodWorker.invokeTestMethods(TestMethodWorker.java:148)
at org.testng.internal.invokers.TestMethodWorker.run(TestMethodWorker.java:128)
at java.base/java.util.ArrayList.forEach(ArrayList.java:1511)
at org.testng.TestRunner.privateRun(TestRunner.java:819)
at org.testng.TestRunner.run(TestRunner.java:619)
at org.testng.SuiteRunner.runTest(SuiteRunner.java:443)
at org.testng.SuiteRunner.runSequentially(SuiteRunner.java:437)
at org.testng.SuiteRunner.privateRun(SuiteRunner.java:397)
at org.testng.SuiteRunner.run(SuiteRunner.java:336)
at org.testng.SuiteRunnerWorker.runSuite(SuiteRunnerWorker.java:52)
at org.testng.SuiteRunnerWorker.run(SuiteRunnerWorker.java:95)
at org.testng.TestNG.runSuitesSequentially(TestNG.java:1301)
at org.testng.TestNG.runSuitesLocally(TestNG.java:1228)
at org.testng.TestNG.runSuites(TestNG.java:1134)
at org.testng.TestNG.run(TestNG.java:1101)
at org.testng.remote.AbstractRemoteTestNG.run(AbstractRemoteTestNG.java:115)
at org.testng.remote.RemoteTestNG.initAndRun(RemoteTestNG.java:293)
at org.testng.remote.RemoteTestNG.main(RemoteTestNG.java:91)
]]>
    </failure>
  </testcase> <!-- verifySubscriptionWithInvalidEmail -->
</testsuite> <!-- com.ecom.tests.TestCasesPageTest_Functional -->
