<?xml version="1.0" encoding="UTF-8"?>
<!-- Generated by org.testng.reporters.JUnitReportReporter -->
<testsuite hostname="DESKTOP-RGL2CCS" failures="1" tests="43" name="com.ecom.tests.TestCasesPageTest_UI" time="22.467" errors="0" timestamp="2025-09-13T22:09:35 IST" skipped="0">
  <testcase classname="com.ecom.tests.TestCasesPageTest_UI" name="verifyLogoDisplayed" time="2.269"/>
  <testcase classname="com.ecom.tests.TestCasesPageTest_UI" name="verifyProductsIconDisplayed" time="0.273"/>
  <testcase classname="com.ecom.tests.TestCasesPageTest_UI" name="verifyCartIconDisplayed" time="0.315"/>
  <testcase classname="com.ecom.tests.TestCasesPageTest_UI" name="verifySignupLoginIconDisplayed" time="0.255"/>
  <testcase classname="com.ecom.tests.TestCasesPageTest_UI" name="verifyVideoTutorialsIconDisplayed" time="0.242"/>
  <testcase classname="com.ecom.tests.TestCasesPageTest_UI" name="verifyHomeIconDisplayed" time="0.282"/>
  <testcase classname="com.ecom.tests.TestCasesPageTest_UI" name="verifyContactUsIconDisplayed" time="0.225"/>
  <testcase classname="com.ecom.tests.TestCasesPageTest_UI" name="verifyApiTestingIconDisplayed" time="0.170"/>
  <testcase classname="com.ecom.tests.TestCasesPageTest_UI" name="verifyTestCasesSectionDisplayed" time="0.152"/>
  <testcase classname="com.ecom.tests.TestCasesPageTest_UI" name="verifyTestCase1LinkDisplayed" time="0.532"/>
  <testcase classname="com.ecom.tests.TestCasesPageTest_UI" name="verifyTestCase2LinkDisplayed" time="0.513"/>
  <testcase classname="com.ecom.tests.TestCasesPageTest_UI" name="verifyTestCase3LinkDisplayed" time="0.580"/>
  <testcase classname="com.ecom.tests.TestCasesPageTest_UI" name="verifyTestCase4LinkDisplayed" time="0.559"/>
  <testcase classname="com.ecom.tests.TestCasesPageTest_UI" name="verifyTestCase5LinkDisplayed" time="0.514"/>
  <testcase classname="com.ecom.tests.TestCasesPageTest_UI" name="verifyTestCase6LinkDisplayed" time="0.510"/>
  <testcase classname="com.ecom.tests.TestCasesPageTest_UI" name="verifyTestCase7LinkDisplayed" time="0.528"/>
  <testcase classname="com.ecom.tests.TestCasesPageTest_UI" name="verifyTestCase8LinkDisplayed" time="0.529"/>
  <testcase classname="com.ecom.tests.TestCasesPageTest_UI" name="verifyTestCase9LinkDisplayed" time="0.509"/>
  <testcase classname="com.ecom.tests.TestCasesPageTest_UI" name="verifyTestCase10LinkDisplayed" time="0.522"/>
  <testcase classname="com.ecom.tests.TestCasesPageTest_UI" name="verifyTestCase11LinkDisplayed" time="0.512"/>
  <testcase classname="com.ecom.tests.TestCasesPageTest_UI" name="verifyTestCase12LinkDisplayed" time="0.500"/>
  <testcase classname="com.ecom.tests.TestCasesPageTest_UI" name="verifyTestCase13LinkDisplayed" time="0.529"/>
  <testcase classname="com.ecom.tests.TestCasesPageTest_UI" name="verifyTestCase14LinkDisplayed" time="0.532"/>
  <testcase classname="com.ecom.tests.TestCasesPageTest_UI" name="verifyTestCase15LinkDisplayed" time="0.515"/>
  <testcase classname="com.ecom.tests.TestCasesPageTest_UI" name="verifyTestCase16LinkDisplayed" time="0.512"/>
  <testcase classname="com.ecom.tests.TestCasesPageTest_UI" name="verifyTestCase17LinkDisplayed" time="0.530"/>
  <testcase classname="com.ecom.tests.TestCasesPageTest_UI" name="verifyTestCase18LinkDisplayed" time="0.552"/>
  <testcase classname="com.ecom.tests.TestCasesPageTest_UI" name="verifyTestCase19LinkDisplayed" time="0.526"/>
  <testcase classname="com.ecom.tests.TestCasesPageTest_UI" name="verifyTestCase20LinkDisplayed" time="0.532"/>
  <testcase classname="com.ecom.tests.TestCasesPageTest_UI" name="verifyTestCase21LinkDisplayed" time="0.525"/>
  <testcase classname="com.ecom.tests.TestCasesPageTest_UI" name="verifyTestCase22LinkDisplayed" time="0.524"/>
  <testcase classname="com.ecom.tests.TestCasesPageTest_UI" name="verifyTestCase23LinkDisplayed" time="0.505"/>
  <testcase classname="com.ecom.tests.TestCasesPageTest_UI" name="verifyTestCase24LinkDisplayed" time="0.513"/>
  <testcase classname="com.ecom.tests.TestCasesPageTest_UI" name="verifyTestCase25LinkDisplayed" time="0.502"/>
  <testcase classname="com.ecom.tests.TestCasesPageTest_UI" name="verifyTestCase26LinkDisplayed" time="0.509"/>
  <testcase classname="com.ecom.tests.TestCasesPageTest_UI" name="verifyFeedbackSectionDisplayed" time="0.158"/>
  <testcase classname="com.ecom.tests.TestCasesPageTest_UI" name="verifyFeedbackEmailDisplayed" time="0.151"/>
  <testcase classname="com.ecom.tests.TestCasesPageTest_UI" name="verifySubscriptionIconVisible" time="0.156"/>
  <testcase classname="com.ecom.tests.TestCasesPageTest_UI" name="verifySubscriptionEmpty" time="0.521"/>
  <testcase classname="com.ecom.tests.TestCasesPageTest_UI" name="verifySubscriptionInvalid" time="2.506"/>
  <testcase classname="com.ecom.tests.TestCasesPageTest_UI" name="verifySubscriptionValid" time="0.459"/>
  <testcase classname="com.ecom.tests.TestCasesPageTest_UI" name="verifySubscriptionUseralreadyExist" time="0.427">
    <failure message="Subscription success message should NOT be displayed! expected [false] but found [true]" type="java.lang.AssertionError">
      <![CDATA[java.lang.AssertionError: Subscription success message should NOT be displayed! expected [false] but found [true]
at org.testng.Assert.fail(Assert.java:111)
at org.testng.Assert.failNotEquals(Assert.java:1578)
at org.testng.Assert.assertFalse(Assert.java:79)
at com.ecom.tests.TestCasesPageTest_UI.verifySubscriptionUseralreadyExist(TestCasesPageTest_UI.java:524)
at java.base/jdk.internal.reflect.NativeMethodAccessorImpl.invoke0(Native Method)
at java.base/jdk.internal.reflect.NativeMethodAccessorImpl.invoke(NativeMethodAccessorImpl.java:77)
at java.base/jdk.internal.reflect.DelegatingMethodAccessorImpl.invoke(DelegatingMethodAccessorImpl.java:43)
at java.base/java.lang.reflect.Method.invoke(Method.java:568)
at org.testng.internal.invokers.MethodInvocationHelper.invokeMethod(MethodInvocationHelper.java:139)
at org.testng.internal.invokers.TestInvoker.invokeMethod(TestInvoker.java:664)
at org.testng.internal.invokers.TestInvoker.invokeTestMethod(TestInvoker.java:228)
at org.testng.internal.invokers.MethodRunner.runInSequence(MethodRunner.java:63)
at org.testng.internal.invokers.TestInvoker$MethodInvocationAgent.invoke(TestInvoker.java:961)
at org.testng.internal.invokers.TestInvoker.invokeTestMethods(TestInvoker.java:201)
at org.testng.internal.invokers.TestMethodWorker.invokeTestMethods(TestMethodWorker.java:148)
at org.testng.internal.invokers.TestMethodWorker.run(TestMethodWorker.java:128)
at java.base/java.util.ArrayList.forEach(ArrayList.java:1511)
at org.testng.TestRunner.privateRun(TestRunner.java:819)
at org.testng.TestRunner.run(TestRunner.java:619)
at org.testng.SuiteRunner.runTest(SuiteRunner.java:443)
at org.testng.SuiteRunner.runSequentially(SuiteRunner.java:437)
at org.testng.SuiteRunner.privateRun(SuiteRunner.java:397)
at org.testng.SuiteRunner.run(SuiteRunner.java:336)
at org.testng.SuiteRunnerWorker.runSuite(SuiteRunnerWorker.java:52)
at org.testng.SuiteRunnerWorker.run(SuiteRunnerWorker.java:95)
at org.testng.TestNG.runSuitesSequentially(TestNG.java:1301)
at org.testng.TestNG.runSuitesLocally(TestNG.java:1228)
at org.testng.TestNG.runSuites(TestNG.java:1134)
at org.testng.TestNG.run(TestNG.java:1101)
at org.testng.remote.AbstractRemoteTestNG.run(AbstractRemoteTestNG.java:115)
at org.testng.remote.RemoteTestNG.initAndRun(RemoteTestNG.java:293)
at org.testng.remote.RemoteTestNG.main(RemoteTestNG.java:91)
]]>
    </failure>
  </testcase> <!-- verifySubscriptionUseralreadyExist -->
  <testcase classname="com.ecom.tests.TestCasesPageTest_UI" name="verifyScrollToTopButton" time="0.292"/>
</testsuite> <!-- com.ecom.tests.TestCasesPageTest_UI -->
