<?xml version="1.0" encoding="UTF-8"?>
<!-- Generated by org.testng.reporters.JUnitReportReporter -->
<testsuite hostname="DESKTOP-RGL2CCS" failures="1" tests="21" name="com.ecom.tests.ProductPageTest_Functional" time="20.738" errors="0" timestamp="2025-09-14T20:40:03 IST" skipped="0">
  <testcase classname="com.ecom.tests.ProductPageTest_Functional" name="verifyBrowserLaunch" time="0.272"/>
  <testcase classname="com.ecom.tests.ProductPageTest_Functional" name="verifyContactUsIcon" time="3.009"/>
  <testcase classname="com.ecom.tests.ProductPageTest_Functional" name="verifyAllProductSection" time="0.434"/>
  <testcase classname="com.ecom.tests.ProductPageTest_Functional" name="verifyAddToCart" time="2.691"/>
  <testcase classname="com.ecom.tests.ProductPageTest_Functional" name="verifyViewProductButton" time="1.853"/>
  <testcase classname="com.ecom.tests.ProductPageTest_Functional" name="verifyProductDetail" time="0.218"/>
  <testcase classname="com.ecom.tests.ProductPageTest_Functional" name="verifyProductName" time="0.187"/>
  <testcase classname="com.ecom.tests.ProductPageTest_Functional" name="verifyProductCategory" time="0.219"/>
  <testcase classname="com.ecom.tests.ProductPageTest_Functional" name="verifyProductPrice" time="0.204"/>
  <testcase classname="com.ecom.tests.ProductPageTest_Functional" name="verifyProductAvailability" time="0.184"/>
  <testcase classname="com.ecom.tests.ProductPageTest_Functional" name="verifyProductCondition" time="0.165"/>
  <testcase classname="com.ecom.tests.ProductPageTest_Functional" name="verifyProductBrand" time="0.420"/>
  <testcase classname="com.ecom.tests.ProductPageTest_Functional" name="verifyWriteYourReview" time="0.864"/>
  <testcase classname="com.ecom.tests.ProductPageTest_Functional" name="verifyProductSearch" time="5.515"/>
  <testcase classname="com.ecom.tests.ProductPageTest_Functional" name="verifySearchProductsSection" time="0.265"/>
  <testcase classname="com.ecom.tests.ProductPageTest_Functional" name="verifySubscriptionIconVisible" time="0.181"/>
  <testcase classname="com.ecom.tests.ProductPageTest_Functional" name="verifySubscriptionEmpty" time="0.481"/>
  <testcase classname="com.ecom.tests.ProductPageTest_Functional" name="verifySubscriptionInvalid" time="2.475"/>
  <testcase classname="com.ecom.tests.ProductPageTest_Functional" name="verifySubscriptionValid" time="0.448"/>
  <testcase classname="com.ecom.tests.ProductPageTest_Functional" name="verifySubscriptionUseralreadyExist" time="0.365">
    <failure message="Subscription success message should NOT be displayed! expected [false] but found [true]" type="java.lang.AssertionError">
      <![CDATA[java.lang.AssertionError: Subscription success message should NOT be displayed! expected [false] but found [true]
at org.testng.Assert.fail(Assert.java:111)
at org.testng.Assert.failNotEquals(Assert.java:1578)
at org.testng.Assert.assertFalse(Assert.java:79)
at com.ecom.tests.ProductPageTest_Functional.verifySubscriptionUseralreadyExist(ProductPageTest_Functional.java:324)
at java.base/jdk.internal.reflect.NativeMethodAccessorImpl.invoke0(Native Method)
at java.base/jdk.internal.reflect.NativeMethodAccessorImpl.invoke(NativeMethodAccessorImpl.java:77)
at java.base/jdk.internal.reflect.DelegatingMethodAccessorImpl.invoke(DelegatingMethodAccessorImpl.java:43)
at java.base/java.lang.reflect.Method.invoke(Method.java:568)
at org.testng.internal.invokers.MethodInvocationHelper.invokeMethod(MethodInvocationHelper.java:139)
at org.testng.internal.invokers.TestInvoker.invokeMethod(TestInvoker.java:664)
at org.testng.internal.invokers.TestInvoker.invokeTestMethod(TestInvoker.java:228)
at org.testng.internal.invokers.MethodRunner.runInSequence(MethodRunner.java:63)
at org.testng.internal.invokers.TestInvoker$MethodInvocationAgent.invoke(TestInvoker.java:961)
at org.testng.internal.invokers.TestInvoker.invokeTestMethods(TestInvoker.java:201)
at org.testng.internal.invokers.TestMethodWorker.invokeTestMethods(TestMethodWorker.java:148)
at org.testng.internal.invokers.TestMethodWorker.run(TestMethodWorker.java:128)
at java.base/java.util.ArrayList.forEach(ArrayList.java:1511)
at org.testng.TestRunner.privateRun(TestRunner.java:819)
at org.testng.TestRunner.run(TestRunner.java:619)
at org.testng.SuiteRunner.runTest(SuiteRunner.java:443)
at org.testng.SuiteRunner.runSequentially(SuiteRunner.java:437)
at org.testng.SuiteRunner.privateRun(SuiteRunner.java:397)
at org.testng.SuiteRunner.run(SuiteRunner.java:336)
at org.testng.SuiteRunnerWorker.runSuite(SuiteRunnerWorker.java:52)
at org.testng.SuiteRunnerWorker.run(SuiteRunnerWorker.java:95)
at org.testng.TestNG.runSuitesSequentially(TestNG.java:1301)
at org.testng.TestNG.runSuitesLocally(TestNG.java:1228)
at org.testng.TestNG.runSuites(TestNG.java:1134)
at org.testng.TestNG.run(TestNG.java:1101)
at org.testng.remote.AbstractRemoteTestNG.run(AbstractRemoteTestNG.java:115)
at org.testng.remote.RemoteTestNG.initAndRun(RemoteTestNG.java:293)
at org.testng.remote.RemoteTestNG.main(RemoteTestNG.java:91)
]]>
    </failure>
  </testcase> <!-- verifySubscriptionUseralreadyExist -->
  <testcase classname="com.ecom.tests.ProductPageTest_Functional" name="verifyScrollToTopButton" time="0.288"/>
</testsuite> <!-- com.ecom.tests.ProductPageTest_Functional -->
