<?xml version="1.0" encoding="UTF-8"?>
<!-- Generated by org.testng.reporters.JUnitReportReporter -->
<testsuite hostname="DESKTOP-RGL2CCS" failures="1" tests="23" name="com.ecom.tests.UI_ProductPageTest" time="12.307" errors="0" timestamp="2025-09-14T15:19:45 IST" skipped="0">
  <testcase classname="com.ecom.tests.UI_ProductPageTest" name="verifyLogoDisplayed" time="2.013"/>
  <testcase classname="com.ecom.tests.UI_ProductPageTest" name="verifyCartIconDisplayed" time="0.231"/>
  <testcase classname="com.ecom.tests.UI_ProductPageTest" name="verifyTestCasesDisplayed" time="0.203"/>
  <testcase classname="com.ecom.tests.UI_ProductPageTest" name="verifySignupLoginIconDisplayed" time="0.164"/>
  <testcase classname="com.ecom.tests.UI_ProductPageTest" name="verifyVideoTutorialsIconDisplayed" time="0.166"/>
  <testcase classname="com.ecom.tests.UI_ProductPageTest" name="verifyHomeIconDisplayed" time="0.190"/>
  <testcase classname="com.ecom.tests.UI_ProductPageTest" name="verifyContactUsIconDisplayed" time="0.179"/>
  <testcase classname="com.ecom.tests.UI_ProductPageTest" name="verifyApiTestingIconDisplayed" time="0.157"/>
  <testcase classname="com.ecom.tests.UI_ProductPageTest" name="verifyPromotionalBannerDisplayed" time="0.160"/>
  <testcase classname="com.ecom.tests.UI_ProductPageTest" name="verifyAllProductSection" time="0.235"/>
  <testcase classname="com.ecom.tests.UI_ProductPageTest" name="verifyAddProductIcon" time="0.271"/>
  <testcase classname="com.ecom.tests.UI_ProductPageTest" name="verifyViewProductIcon" time="0.260"/>
  <testcase classname="com.ecom.tests.UI_ProductPageTest" name="verifyCategorySection" time="0.212"/>
  <testcase classname="com.ecom.tests.UI_ProductPageTest" name="verifyBrandsSection" time="0.285"/>
  <testcase classname="com.ecom.tests.UI_ProductPageTest" name="verifyProductSearch" time="1.894"/>
  <testcase classname="com.ecom.tests.UI_ProductPageTest" name="verifySearchProductsSection" time="0.472"/>
  <testcase classname="com.ecom.tests.UI_ProductPageTest" name="verifyCategoryAndBrandNavigation" time="0.820"/>
  <testcase classname="com.ecom.tests.UI_ProductPageTest" name="verifySubscriptionIconVisible" time="0.229"/>
  <testcase classname="com.ecom.tests.UI_ProductPageTest" name="verifySubscriptionEmpty" time="0.473"/>
  <testcase classname="com.ecom.tests.UI_ProductPageTest" name="verifySubscriptionInvalid" time="2.521"/>
  <testcase classname="com.ecom.tests.UI_ProductPageTest" name="verifySubscriptionValid" time="0.429"/>
  <testcase classname="com.ecom.tests.UI_ProductPageTest" name="verifySubscriptionUseralreadyExist" time="0.427">
    <failure message="Subscription success message should NOT be displayed! expected [false] but found [true]" type="java.lang.AssertionError">
      <![CDATA[java.lang.AssertionError: Subscription success message should NOT be displayed! expected [false] but found [true]
at org.testng.Assert.fail(Assert.java:111)
at org.testng.Assert.failNotEquals(Assert.java:1578)
at org.testng.Assert.assertFalse(Assert.java:79)
at com.ecom.tests.UI_ProductPageTest.verifySubscriptionUseralreadyExist(UI_ProductPageTest.java:330)
at java.base/jdk.internal.reflect.NativeMethodAccessorImpl.invoke0(Native Method)
at java.base/jdk.internal.reflect.NativeMethodAccessorImpl.invoke(NativeMethodAccessorImpl.java:77)
at java.base/jdk.internal.reflect.DelegatingMethodAccessorImpl.invoke(DelegatingMethodAccessorImpl.java:43)
at java.base/java.lang.reflect.Method.invoke(Method.java:568)
at org.testng.internal.invokers.MethodInvocationHelper.invokeMethod(MethodInvocationHelper.java:139)
at org.testng.internal.invokers.TestInvoker.invokeMethod(TestInvoker.java:664)
at org.testng.internal.invokers.TestInvoker.invokeTestMethod(TestInvoker.java:228)
at org.testng.internal.invokers.MethodRunner.runInSequence(MethodRunner.java:63)
at org.testng.internal.invokers.TestInvoker$MethodInvocationAgent.invoke(TestInvoker.java:961)
at org.testng.internal.invokers.TestInvoker.invokeTestMethods(TestInvoker.java:201)
at org.testng.internal.invokers.TestMethodWorker.invokeTestMethods(TestMethodWorker.java:148)
at org.testng.internal.invokers.TestMethodWorker.run(TestMethodWorker.java:128)
at java.base/java.util.ArrayList.forEach(ArrayList.java:1511)
at org.testng.TestRunner.privateRun(TestRunner.java:819)
at org.testng.TestRunner.run(TestRunner.java:619)
at org.testng.SuiteRunner.runTest(SuiteRunner.java:443)
at org.testng.SuiteRunner.runSequentially(SuiteRunner.java:437)
at org.testng.SuiteRunner.privateRun(SuiteRunner.java:397)
at org.testng.SuiteRunner.run(SuiteRunner.java:336)
at org.testng.SuiteRunnerWorker.runSuite(SuiteRunnerWorker.java:52)
at org.testng.SuiteRunnerWorker.run(SuiteRunnerWorker.java:95)
at org.testng.TestNG.runSuitesSequentially(TestNG.java:1301)
at org.testng.TestNG.runSuitesLocally(TestNG.java:1228)
at org.testng.TestNG.runSuites(TestNG.java:1134)
at org.testng.TestNG.run(TestNG.java:1101)
at org.testng.remote.AbstractRemoteTestNG.run(AbstractRemoteTestNG.java:115)
at org.testng.remote.RemoteTestNG.initAndRun(RemoteTestNG.java:293)
at org.testng.remote.RemoteTestNG.main(RemoteTestNG.java:91)
]]>
    </failure>
  </testcase> <!-- verifySubscriptionUseralreadyExist -->
  <testcase classname="com.ecom.tests.UI_ProductPageTest" name="verifyScrollToTopButton" time="0.316"/>
</testsuite> <!-- com.ecom.tests.UI_ProductPageTest -->
