<?xml version="1.0" encoding="UTF-8"?>
<!-- Generated by org.testng.reporters.JUnitReportReporter -->
<testsuite hostname="DESKTOP-RGL2CCS" failures="1" tests="16" name="com.ecom.tests.TestCasesPageTest_Functional" time="20.432" errors="0" timestamp="2025-09-15T00:38:17 IST" skipped="0">
  <testcase classname="com.ecom.tests.TestCasesPageTest_Functional" name="verifyBrowserLaunch" time="0.226"/>
  <testcase classname="com.ecom.tests.TestCasesPageTest_Functional" name="verifyURLLoad" time="4.325"/>
  <testcase classname="com.ecom.tests.TestCasesPageTest_Functional" name="verifyHomePageVisibility" time="0.309"/>
  <testcase classname="com.ecom.tests.TestCasesPageTest_Functional" name="verifyTestCasesButtonAvailability" time="0.209"/>
  <testcase classname="com.ecom.tests.TestCasesPageTest_Functional" name="verifyNavigationToTestCasesPage" time="1.112"/>
  <testcase classname="com.ecom.tests.TestCasesPageTest_Functional" name="verifyTestCasesPageTitle" time="0.215"/>
  <testcase classname="com.ecom.tests.TestCasesPageTest_Functional" name="verifyTestCasesPageContent" time="0.151"/>
  <testcase classname="com.ecom.tests.TestCasesPageTest_Functional" name="verifyDetailedStepsVisibility" time="0.606"/>
  <testcase classname="com.ecom.tests.TestCasesPageTest_Functional" name="verifyFeedbackSectionPresence" time="0.199"/>
  <testcase classname="com.ecom.tests.TestCasesPageTest_Functional" name="verifyHyperlinksPresence" time="0.206"/>
  <testcase classname="com.ecom.tests.TestCasesPageTest_Functional" name="verifyFeedbackEmailPresence" time="0.221"/>
  <testcase classname="com.ecom.tests.TestCasesPageTest_Functional" name="verifyScrollBarFunctionality" time="0.139"/>
  <testcase classname="com.ecom.tests.TestCasesPageTest_Functional" name="verifyScrollToTopArrowFunctionality" time="0.293"/>
  <testcase classname="com.ecom.tests.TestCasesPageTest_Functional" name="verifySubscriptionWithEmptyEmail" time="10.975"/>
  <testcase classname="com.ecom.tests.TestCasesPageTest_Functional" name="verifySubscriptionWithValidEmail" time="0.677"/>
  <testcase classname="com.ecom.tests.TestCasesPageTest_Functional" name="verifySubscriptionWithInvalidEmail" time="0.569">
    <failure message="Invalid email should not be accepted: keerthi12gmail.com expected [false] but found [true]" type="java.lang.AssertionError">
      <![CDATA[java.lang.AssertionError: Invalid email should not be accepted: keerthi12gmail.com expected [false] but found [true]
at org.testng.Assert.fail(Assert.java:111)
at org.testng.Assert.failNotEquals(Assert.java:1578)
at org.testng.Assert.assertFalse(Assert.java:79)
at com.ecom.tests.TestCasesPageTest_Functional.verifySubscriptionWithInvalidEmail(TestCasesPageTest_Functional.java:345)
at java.base/jdk.internal.reflect.NativeMethodAccessorImpl.invoke0(Native Method)
at java.base/jdk.internal.reflect.NativeMethodAccessorImpl.invoke(NativeMethodAccessorImpl.java:77)
at java.base/jdk.internal.reflect.DelegatingMethodAccessorImpl.invoke(DelegatingMethodAccessorImpl.java:43)
at java.base/java.lang.reflect.Method.invoke(Method.java:568)
at org.testng.internal.invokers.MethodInvocationHelper.invokeMethod(MethodInvocationHelper.java:141)
at org.testng.internal.invokers.TestInvoker.invokeMethod(TestInvoker.java:686)
at org.testng.internal.invokers.TestInvoker.invokeTestMethod(TestInvoker.java:230)
at org.testng.internal.invokers.MethodRunner.runInSequence(MethodRunner.java:63)
at org.testng.internal.invokers.TestInvoker$MethodInvocationAgent.invoke(TestInvoker.java:992)
at org.testng.internal.invokers.TestInvoker.invokeTestMethods(TestInvoker.java:203)
at org.testng.internal.invokers.TestMethodWorker.invokeTestMethods(TestMethodWorker.java:154)
at org.testng.internal.invokers.TestMethodWorker.run(TestMethodWorker.java:134)
at java.base/java.util.ArrayList.forEach(ArrayList.java:1511)
at org.testng.TestRunner.privateRun(TestRunner.java:739)
at org.testng.TestRunner.run(TestRunner.java:614)
at org.testng.SuiteRunner.runTest(SuiteRunner.java:421)
at org.testng.SuiteRunner.runSequentially(SuiteRunner.java:413)
at org.testng.SuiteRunner.privateRun(SuiteRunner.java:373)
at org.testng.SuiteRunner.run(SuiteRunner.java:312)
at org.testng.SuiteRunnerWorker.runSuite(SuiteRunnerWorker.java:52)
at org.testng.SuiteRunnerWorker.run(SuiteRunnerWorker.java:95)
at org.testng.TestNG.runSuitesSequentially(TestNG.java:1274)
at org.testng.TestNG.runSuitesLocally(TestNG.java:1208)
at org.testng.TestNG.runSuites(TestNG.java:1112)
at org.testng.TestNG.run(TestNG.java:1079)
at org.apache.maven.surefire.testng.TestNGExecutor.run(TestNGExecutor.java:308)
at org.apache.maven.surefire.testng.TestNGXmlTestSuite.execute(TestNGXmlTestSuite.java:71)
at org.apache.maven.surefire.testng.TestNGProvider.invoke(TestNGProvider.java:113)
at org.apache.maven.surefire.booter.ForkedBooter.runSuitesInProcess(ForkedBooter.java:385)
at org.apache.maven.surefire.booter.ForkedBooter.execute(ForkedBooter.java:162)
at org.apache.maven.surefire.booter.ForkedBooter.run(ForkedBooter.java:507)
at org.apache.maven.surefire.booter.ForkedBooter.main(ForkedBooter.java:495)
]]>
    </failure>
  </testcase> <!-- verifySubscriptionWithInvalidEmail -->
</testsuite> <!-- com.ecom.tests.TestCasesPageTest_Functional -->
