<?xml version="1.0" encoding="UTF-8"?>
<!-- Generated by org.testng.reporters.JUnitReportReporter -->
<testsuite hostname="DESKTOP-RGL2CCS" failures="1" tests="21" name="com.ecom.tests.ProductPageTest_Functional" time="23.577" errors="0" timestamp="2025-09-15T00:38:17 IST" skipped="0">
  <testcase classname="com.ecom.tests.ProductPageTest_Functional" name="verifyBrowserLaunch" time="0.244"/>
  <testcase classname="com.ecom.tests.ProductPageTest_Functional" name="verifyContactUsIcon" time="3.494"/>
  <testcase classname="com.ecom.tests.ProductPageTest_Functional" name="verifyAllProductSection" time="0.248"/>
  <testcase classname="com.ecom.tests.ProductPageTest_Functional" name="verifyAddToCart" time="2.567"/>
  <testcase classname="com.ecom.tests.ProductPageTest_Functional" name="verifyViewProductButton" time="1.143"/>
  <testcase classname="com.ecom.tests.ProductPageTest_Functional" name="verifyProductDetail" time="0.157"/>
  <testcase classname="com.ecom.tests.ProductPageTest_Functional" name="verifyProductName" time="0.173"/>
  <testcase classname="com.ecom.tests.ProductPageTest_Functional" name="verifyProductCategory" time="0.135"/>
  <testcase classname="com.ecom.tests.ProductPageTest_Functional" name="verifyProductPrice" time="0.132"/>
  <testcase classname="com.ecom.tests.ProductPageTest_Functional" name="verifyProductAvailability" time="0.148"/>
  <testcase classname="com.ecom.tests.ProductPageTest_Functional" name="verifyProductCondition" time="0.169"/>
  <testcase classname="com.ecom.tests.ProductPageTest_Functional" name="verifyProductBrand" time="0.145"/>
  <testcase classname="com.ecom.tests.ProductPageTest_Functional" name="verifyWriteYourReview" time="0.662"/>
  <testcase classname="com.ecom.tests.ProductPageTest_Functional" name="verifyProductSearch" time="9.238"/>
  <testcase classname="com.ecom.tests.ProductPageTest_Functional" name="verifySearchProductsSection" time="0.261"/>
  <testcase classname="com.ecom.tests.ProductPageTest_Functional" name="verifySubscriptionIconVisible" time="0.187"/>
  <testcase classname="com.ecom.tests.ProductPageTest_Functional" name="verifySubscriptionEmpty" time="0.460"/>
  <testcase classname="com.ecom.tests.ProductPageTest_Functional" name="verifySubscriptionInvalid" time="2.806"/>
  <testcase classname="com.ecom.tests.ProductPageTest_Functional" name="verifySubscriptionValid" time="0.417"/>
  <testcase classname="com.ecom.tests.ProductPageTest_Functional" name="verifySubscriptionUseralreadyExist" time="0.517">
    <failure message="Subscription success message should NOT be displayed! expected [false] but found [true]" type="java.lang.AssertionError">
      <![CDATA[java.lang.AssertionError: Subscription success message should NOT be displayed! expected [false] but found [true]
at org.testng.Assert.fail(Assert.java:111)
at org.testng.Assert.failNotEquals(Assert.java:1578)
at org.testng.Assert.assertFalse(Assert.java:79)
at com.ecom.tests.ProductPageTest_Functional.verifySubscriptionUseralreadyExist(ProductPageTest_Functional.java:324)
at java.base/jdk.internal.reflect.NativeMethodAccessorImpl.invoke0(Native Method)
at java.base/jdk.internal.reflect.NativeMethodAccessorImpl.invoke(NativeMethodAccessorImpl.java:77)
at java.base/jdk.internal.reflect.DelegatingMethodAccessorImpl.invoke(DelegatingMethodAccessorImpl.java:43)
at java.base/java.lang.reflect.Method.invoke(Method.java:568)
at org.testng.internal.invokers.MethodInvocationHelper.invokeMethod(MethodInvocationHelper.java:141)
at org.testng.internal.invokers.TestInvoker.invokeMethod(TestInvoker.java:686)
at org.testng.internal.invokers.TestInvoker.invokeTestMethod(TestInvoker.java:230)
at org.testng.internal.invokers.MethodRunner.runInSequence(MethodRunner.java:63)
at org.testng.internal.invokers.TestInvoker$MethodInvocationAgent.invoke(TestInvoker.java:992)
at org.testng.internal.invokers.TestInvoker.invokeTestMethods(TestInvoker.java:203)
at org.testng.internal.invokers.TestMethodWorker.invokeTestMethods(TestMethodWorker.java:154)
at org.testng.internal.invokers.TestMethodWorker.run(TestMethodWorker.java:134)
at java.base/java.util.ArrayList.forEach(ArrayList.java:1511)
at org.testng.TestRunner.privateRun(TestRunner.java:739)
at org.testng.TestRunner.run(TestRunner.java:614)
at org.testng.SuiteRunner.runTest(SuiteRunner.java:421)
at org.testng.SuiteRunner.runSequentially(SuiteRunner.java:413)
at org.testng.SuiteRunner.privateRun(SuiteRunner.java:373)
at org.testng.SuiteRunner.run(SuiteRunner.java:312)
at org.testng.SuiteRunnerWorker.runSuite(SuiteRunnerWorker.java:52)
at org.testng.SuiteRunnerWorker.run(SuiteRunnerWorker.java:95)
at org.testng.TestNG.runSuitesSequentially(TestNG.java:1274)
at org.testng.TestNG.runSuitesLocally(TestNG.java:1208)
at org.testng.TestNG.runSuites(TestNG.java:1112)
at org.testng.TestNG.run(TestNG.java:1079)
at org.apache.maven.surefire.testng.TestNGExecutor.run(TestNGExecutor.java:308)
at org.apache.maven.surefire.testng.TestNGXmlTestSuite.execute(TestNGXmlTestSuite.java:71)
at org.apache.maven.surefire.testng.TestNGProvider.invoke(TestNGProvider.java:113)
at org.apache.maven.surefire.booter.ForkedBooter.runSuitesInProcess(ForkedBooter.java:385)
at org.apache.maven.surefire.booter.ForkedBooter.execute(ForkedBooter.java:162)
at org.apache.maven.surefire.booter.ForkedBooter.run(ForkedBooter.java:507)
at org.apache.maven.surefire.booter.ForkedBooter.main(ForkedBooter.java:495)
]]>
    </failure>
  </testcase> <!-- verifySubscriptionUseralreadyExist -->
  <testcase classname="com.ecom.tests.ProductPageTest_Functional" name="verifyScrollToTopButton" time="0.274"/>
</testsuite> <!-- com.ecom.tests.ProductPageTest_Functional -->
